<?xml version="1.0" encoding="UTF-8"?>
<TestRun id="36ab5fae-5b73-40c1-8bae-c6495fa83507" name="$soderind@WGC1W79KCR65J 2013-11-26 10:17:17" runUser="FORDEU1\$soderind" xmlns="http://microsoft.com/schemas/VisualStudio/TeamTest/2010">
  <TestSettings name="Local" id="89ca1d8f-b6a1-478b-a970-ecbb27e75554">
    <Description>These are default test settings for a local test run.</Description>
    <Deployment enabled="false" runDeploymentRoot="$soderind_WGC1W79KCR65J 2013-11-26 10_17_17">
      <DeploymentItem filename="C:\Users\$soderind\Desktop\ElectionMonitoring\packages\AutoMapper.3.1.0\lib\net40\AutoMapper.dll" />
      <DeploymentItem filename="C:\Users\$soderind\Desktop\ElectionMonitoring\ElectionMonitoring\bin\ElectionMonitoring.dll" />
      <DeploymentItem filename="C:\Program Files (x86)\Microsoft ASP.NET\ASP.NET MVC 4\Assemblies\System.Net.Http.Formatting.dll" />
      <DeploymentItem filename="C:\Program Files (x86)\Microsoft ASP.NET\ASP.NET MVC 4\Assemblies\System.Net.Http.dll" />
      <DeploymentItem filename="C:\Program Files (x86)\Microsoft ASP.NET\ASP.NET MVC 4\Assemblies\System.Web.Http.dll" />
      <DeploymentItem filename="C:\Users\$soderind\Desktop\ElectionMonitoring\packages\Moq.4.1.1311.0615\lib\net40\Moq.dll" />
      <DeploymentItem filename="C:\Users\$soderind\Desktop\ElectionMonitoring\packages\AutoMapper.3.1.0\lib\net40\AutoMapper.Net4.dll" />
      <DeploymentItem filename="C:\Program Files (x86)\Microsoft ASP.NET\ASP.NET MVC 4\Assemblies\System.Net.Http.WebRequest.dll" />
      <DeploymentItem filename="C:\Users\$soderind\Desktop\ElectionMonitoring\ElectionMonitoring.Models\bin\Debug\ElectionMonitoring.Models.dll" />
      <DeploymentItem filename="C:\Users\$soderind\Desktop\ElectionMonitoring\ElectionMonitoring.Business\bin\Debug\ElectionMonitoring.Business.dll" />
    </Deployment>
    <Execution>
      <TestTypeSpecific />
      <AgentRule name="Execution Agents">
      </AgentRule>
    </Execution>
  </TestSettings>
  <Times creation="2013-11-26T10:17:17.1168682+00:00" queuing="2013-11-26T10:17:17.3598682+00:00" start="2013-11-26T10:17:17.3738682+00:00" finish="2013-11-26T10:17:18.7218682+00:00" />
  <ResultSummary outcome="Failed">
    <Counters total="28" executed="28" passed="27" error="0" failed="1" timeout="0" aborted="0" inconclusive="0" passedButRunAborted="0" notRunnable="0" notExecuted="0" disconnected="0" warning="0" completed="0" inProgress="0" pending="0" />
  </ResultSummary>
  <TestDefinitions>
    <UnitTest name="The_PostDonor_Action_returns_created_statuscode" storage="c:\users\$soderind\desktop\electionmonitoring\electionmonitoring.tests\bin\debug\electionmonitoring.tests.dll" id="64d792df-a24a-5789-132c-4457503d92af">
      <Execution id="daebc21d-dcb1-4f04-937c-b51bab02ecd9" />
      <TestMethod codeBase="C:\Users\$soderind\Desktop\ElectionMonitoring\ElectionMonitoring.Tests\bin\Debug\ElectionMonitoring.Tests.dll" adapterTypeName="Microsoft.VisualStudio.TestTools.TestTypes.Unit.UnitTestAdapter, Microsoft.VisualStudio.QualityTools.Tips.UnitTest.Adapter, Version=10.0.0.0, Culture=neutral, PublicKeyToken=b03f5f7f11d50a3a" className="ElectionMonitoring.Tests.Controllers.DonationManagementControllerTest, ElectionMonitoring.Tests" name="The_PostDonor_Action_returns_created_statuscode" />
    </UnitTest>
    <UnitTest name="DeleteDonor_Calls_Repository_Delete" storage="c:\users\$soderind\desktop\electionmonitoring\electionmonitoring.tests\bin\debug\electionmonitoring.tests.dll" id="48b32990-b6f6-c4e2-d159-89a1d8ae6010">
      <Execution id="b43985aa-be41-4a3e-9db7-9bc75961a728" />
      <TestMethod codeBase="C:\Users\$soderind\Desktop\ElectionMonitoring\ElectionMonitoring.Tests\bin\Debug\ElectionMonitoring.Tests.dll" adapterTypeName="Microsoft.VisualStudio.TestTools.TestTypes.Unit.UnitTestAdapter, Microsoft.VisualStudio.QualityTools.Tips.UnitTest.Adapter, Version=10.0.0.0, Culture=neutral, PublicKeyToken=b03f5f7f11d50a3a" className="ElectionMonitoring.Tests.Controllers.DonationManagementControllerTest, ElectionMonitoring.Tests" name="DeleteDonor_Calls_Repository_Delete" />
    </UnitTest>
    <UnitTest name="The_PutDonor_Action_returns_Ok_statuscode_When_The_Donor_Exists" storage="c:\users\$soderind\desktop\electionmonitoring\electionmonitoring.tests\bin\debug\electionmonitoring.tests.dll" id="5e06bedb-74cb-cfdf-fdc3-bcf4ff14a610">
      <Execution id="801996c3-ae1d-4c2f-bc37-dd750f751b5c" />
      <TestMethod codeBase="C:\Users\$soderind\Desktop\ElectionMonitoring\ElectionMonitoring.Tests\bin\Debug\ElectionMonitoring.Tests.dll" adapterTypeName="Microsoft.VisualStudio.TestTools.TestTypes.Unit.UnitTestAdapter, Microsoft.VisualStudio.QualityTools.Tips.UnitTest.Adapter, Version=10.0.0.0, Culture=neutral, PublicKeyToken=b03f5f7f11d50a3a" className="ElectionMonitoring.Tests.Controllers.DonationManagementControllerTest, ElectionMonitoring.Tests" name="The_PutDonor_Action_returns_Ok_statuscode_When_The_Donor_Exists" />
    </UnitTest>
    <UnitTest name="ActionApiRouteWithControllerWithActionNoId" storage="c:\users\$soderind\desktop\electionmonitoring\electionmonitoring.tests\bin\debug\electionmonitoring.tests.dll" id="b8e6b3d3-519a-f501-1bfa-73a460c9d52a">
      <Execution id="7026339a-f4f2-434d-a1e2-bdea30db7474" />
      <TestMethod codeBase="C:\Users\$soderind\Desktop\ElectionMonitoring\ElectionMonitoring.Tests\bin\Debug\ElectionMonitoring.Tests.dll" adapterTypeName="Microsoft.VisualStudio.TestTools.TestTypes.Unit.UnitTestAdapter, Microsoft.VisualStudio.QualityTools.Tips.UnitTest.Adapter, Version=10.0.0.0, Culture=neutral, PublicKeyToken=b03f5f7f11d50a3a" className="ElectionMonitoring.Tests.RoutingTableTest, ElectionMonitoring.Tests" name="ActionApiRouteWithControllerWithActionNoId" />
    </UnitTest>
    <UnitTest name="The_PostProject_Action_returns_created_statuscode" storage="c:\users\$soderind\desktop\electionmonitoring\electionmonitoring.tests\bin\debug\electionmonitoring.tests.dll" id="c30bd61f-af43-d801-0b27-45522346d753">
      <Execution id="38cfd194-2e6e-4469-a8f5-35d72cf6a1cc" />
      <TestMethod codeBase="C:\Users\$soderind\Desktop\ElectionMonitoring\ElectionMonitoring.Tests\bin\Debug\ElectionMonitoring.Tests.dll" adapterTypeName="Microsoft.VisualStudio.TestTools.TestTypes.Unit.UnitTestAdapter, Microsoft.VisualStudio.QualityTools.Tips.UnitTest.Adapter, Version=10.0.0.0, Culture=neutral, PublicKeyToken=b03f5f7f11d50a3a" className="ElectionMonitoring.Tests.Controllers.DonationManagementControllerTest, ElectionMonitoring.Tests" name="The_PostProject_Action_returns_created_statuscode" />
    </UnitTest>
    <UnitTest name="GetDonation_Action_Returns_Valid_Donation_Object" storage="c:\users\$soderind\desktop\electionmonitoring\electionmonitoring.tests\bin\debug\electionmonitoring.tests.dll" id="65df5bb9-4dd4-1645-21c7-17ac35e234c8">
      <Execution id="b9b785b5-db75-4a2c-bbd3-424fd2631c21" />
      <TestMethod codeBase="C:\Users\$soderind\Desktop\ElectionMonitoring\ElectionMonitoring.Tests\bin\Debug\ElectionMonitoring.Tests.dll" adapterTypeName="Microsoft.VisualStudio.TestTools.TestTypes.Unit.UnitTestAdapter, Microsoft.VisualStudio.QualityTools.Tips.UnitTest.Adapter, Version=10.0.0.0, Culture=neutral, PublicKeyToken=b03f5f7f11d50a3a" className="ElectionMonitoring.Tests.Controllers.DonationManagementControllerTest, ElectionMonitoring.Tests" name="GetDonation_Action_Returns_Valid_Donation_Object" />
    </UnitTest>
    <UnitTest name="GetSubRegions_Call_Repository" storage="c:\users\$soderind\desktop\electionmonitoring\electionmonitoring.tests\bin\debug\electionmonitoring.tests.dll" id="c3279829-ee3c-ba3c-8526-47c144a3e824">
      <Execution id="84eca430-8cfd-4b75-bdaf-22681c95e655" />
      <TestMethod codeBase="C:\Users\$soderind\Desktop\ElectionMonitoring\ElectionMonitoring.Tests\bin\Debug\ElectionMonitoring.Tests.dll" adapterTypeName="Microsoft.VisualStudio.TestTools.TestTypes.Unit.UnitTestAdapter, Microsoft.VisualStudio.QualityTools.Tips.UnitTest.Adapter, Version=10.0.0.0, Culture=neutral, PublicKeyToken=b03f5f7f11d50a3a" className="ElectionMonitoring.Tests.Controllers.ElectionMonitoringControllerTest, ElectionMonitoring.Tests" name="GetSubRegions_Call_Repository" />
    </UnitTest>
    <UnitTest name="GetDonor_Action_Returns_Valid_Donor_Object" storage="c:\users\$soderind\desktop\electionmonitoring\electionmonitoring.tests\bin\debug\electionmonitoring.tests.dll" id="7dd265f7-9d07-8ade-0348-2149d46dc9d5">
      <Execution id="de559348-79f1-42cb-9ecd-2a5240604819" />
      <TestMethod codeBase="C:\Users\$soderind\Desktop\ElectionMonitoring\ElectionMonitoring.Tests\bin\Debug\ElectionMonitoring.Tests.dll" adapterTypeName="Microsoft.VisualStudio.TestTools.TestTypes.Unit.UnitTestAdapter, Microsoft.VisualStudio.QualityTools.Tips.UnitTest.Adapter, Version=10.0.0.0, Culture=neutral, PublicKeyToken=b03f5f7f11d50a3a" className="ElectionMonitoring.Tests.Controllers.DonationManagementControllerTest, ElectionMonitoring.Tests" name="GetDonor_Action_Returns_Valid_Donor_Object" />
    </UnitTest>
    <UnitTest name="ApiRegionByRegionID" storage="c:\users\$soderind\desktop\electionmonitoring\electionmonitoring.tests\bin\debug\electionmonitoring.tests.dll" id="9971ac9b-8af4-4322-6175-426f299a2445">
      <Execution id="9963641b-ee76-4b3c-9989-a7c73d9d4f99" />
      <TestMethod codeBase="C:\Users\$soderind\Desktop\ElectionMonitoring\ElectionMonitoring.Tests\bin\Debug\ElectionMonitoring.Tests.dll" adapterTypeName="Microsoft.VisualStudio.TestTools.TestTypes.Unit.UnitTestAdapter, Microsoft.VisualStudio.QualityTools.Tips.UnitTest.Adapter, Version=10.0.0.0, Culture=neutral, PublicKeyToken=b03f5f7f11d50a3a" className="ElectionMonitoring.Tests.RoutingTableTest, ElectionMonitoring.Tests" name="ApiRegionByRegionID" />
    </UnitTest>
    <UnitTest name="The_PutDonation_Action_returns_Ok_statuscode_When_The_Donation_Exists" storage="c:\users\$soderind\desktop\electionmonitoring\electionmonitoring.tests\bin\debug\electionmonitoring.tests.dll" id="7d8fc65f-f4a6-b1a3-7b47-e43f33a92562">
      <Execution id="62a22c43-d2d2-4f42-b233-4dda3ffa6d18" />
      <TestMethod codeBase="C:\Users\$soderind\Desktop\ElectionMonitoring\ElectionMonitoring.Tests\bin\Debug\ElectionMonitoring.Tests.dll" adapterTypeName="Microsoft.VisualStudio.TestTools.TestTypes.Unit.UnitTestAdapter, Microsoft.VisualStudio.QualityTools.Tips.UnitTest.Adapter, Version=10.0.0.0, Culture=neutral, PublicKeyToken=b03f5f7f11d50a3a" className="ElectionMonitoring.Tests.Controllers.DonationManagementControllerTest, ElectionMonitoring.Tests" name="The_PutDonation_Action_returns_Ok_statuscode_When_The_Donation_Exists" />
    </UnitTest>
    <UnitTest name="DeleteDonation_Calls_Repository_Delete" storage="c:\users\$soderind\desktop\electionmonitoring\electionmonitoring.tests\bin\debug\electionmonitoring.tests.dll" id="1c44bc22-b59f-f539-ec19-5fd2120db422">
      <Execution id="f16438d1-9f40-4043-9bd4-bfdb76a3a01d" />
      <TestMethod codeBase="C:\Users\$soderind\Desktop\ElectionMonitoring\ElectionMonitoring.Tests\bin\Debug\ElectionMonitoring.Tests.dll" adapterTypeName="Microsoft.VisualStudio.TestTools.TestTypes.Unit.UnitTestAdapter, Microsoft.VisualStudio.QualityTools.Tips.UnitTest.Adapter, Version=10.0.0.0, Culture=neutral, PublicKeyToken=b03f5f7f11d50a3a" className="ElectionMonitoring.Tests.Controllers.DonationManagementControllerTest, ElectionMonitoring.Tests" name="DeleteDonation_Calls_Repository_Delete" />
    </UnitTest>
    <UnitTest name="GetDonors_Action_Returns_Valid_IEnumerable_Of_Donors" storage="c:\users\$soderind\desktop\electionmonitoring\electionmonitoring.tests\bin\debug\electionmonitoring.tests.dll" id="68e8d230-911d-2bcc-fc59-a44ca32e2df4">
      <Execution id="952e32e8-6f86-4d1c-ba4e-51b17998a89a" />
      <TestMethod codeBase="C:\Users\$soderind\Desktop\ElectionMonitoring\ElectionMonitoring.Tests\bin\Debug\ElectionMonitoring.Tests.dll" adapterTypeName="Microsoft.VisualStudio.TestTools.TestTypes.Unit.UnitTestAdapter, Microsoft.VisualStudio.QualityTools.Tips.UnitTest.Adapter, Version=10.0.0.0, Culture=neutral, PublicKeyToken=b03f5f7f11d50a3a" className="ElectionMonitoring.Tests.Controllers.DonationManagementControllerTest, ElectionMonitoring.Tests" name="GetDonors_Action_Returns_Valid_IEnumerable_Of_Donors" />
    </UnitTest>
    <UnitTest name="The_PutProject_Action_returns_Ok_statuscode_When_The_Project_Exists" storage="c:\users\$soderind\desktop\electionmonitoring\electionmonitoring.tests\bin\debug\electionmonitoring.tests.dll" id="ef0d621c-d01b-c22b-9aed-7fcbcdac42a0">
      <Execution id="81161951-0aa8-47ab-9b81-bcca8d42c8ce" />
      <TestMethod codeBase="C:\Users\$soderind\Desktop\ElectionMonitoring\ElectionMonitoring.Tests\bin\Debug\ElectionMonitoring.Tests.dll" adapterTypeName="Microsoft.VisualStudio.TestTools.TestTypes.Unit.UnitTestAdapter, Microsoft.VisualStudio.QualityTools.Tips.UnitTest.Adapter, Version=10.0.0.0, Culture=neutral, PublicKeyToken=b03f5f7f11d50a3a" className="ElectionMonitoring.Tests.Controllers.DonationManagementControllerTest, ElectionMonitoring.Tests" name="The_PutProject_Action_returns_Ok_statuscode_When_The_Project_Exists" />
    </UnitTest>
    <UnitTest name="RaceResultsRouteWithRaceIDNoRegionCode" storage="c:\users\$soderind\desktop\electionmonitoring\electionmonitoring.tests\bin\debug\electionmonitoring.tests.dll" id="ff470440-325c-eac0-2dea-bc76ebb70ee8">
      <Execution id="45e42398-1bda-4f18-b39c-bdc28d61b3a7" />
      <TestMethod codeBase="C:\Users\$soderind\Desktop\ElectionMonitoring\ElectionMonitoring.Tests\bin\Debug\ElectionMonitoring.Tests.dll" adapterTypeName="Microsoft.VisualStudio.TestTools.TestTypes.Unit.UnitTestAdapter, Microsoft.VisualStudio.QualityTools.Tips.UnitTest.Adapter, Version=10.0.0.0, Culture=neutral, PublicKeyToken=b03f5f7f11d50a3a" className="ElectionMonitoring.Tests.RoutingTableTest, ElectionMonitoring.Tests" name="RaceResultsRouteWithRaceIDNoRegionCode" />
    </UnitTest>
    <UnitTest name="The_PuProject_Action_returns_NotFound_statuscode_When_The_Project_Does_NOT_Exists" storage="c:\users\$soderind\desktop\electionmonitoring\electionmonitoring.tests\bin\debug\electionmonitoring.tests.dll" id="b3ef6052-309d-ade2-08ad-e479135668de">
      <Execution id="36538a40-bbba-45db-b6ee-d32584625b59" />
      <TestMethod codeBase="C:\Users\$soderind\Desktop\ElectionMonitoring\ElectionMonitoring.Tests\bin\Debug\ElectionMonitoring.Tests.dll" adapterTypeName="Microsoft.VisualStudio.TestTools.TestTypes.Unit.UnitTestAdapter, Microsoft.VisualStudio.QualityTools.Tips.UnitTest.Adapter, Version=10.0.0.0, Culture=neutral, PublicKeyToken=b03f5f7f11d50a3a" className="ElectionMonitoring.Tests.Controllers.DonationManagementControllerTest, ElectionMonitoring.Tests" name="The_PuProject_Action_returns_NotFound_statuscode_When_The_Project_Does_NOT_Exists" />
    </UnitTest>
    <UnitTest name="GetDonations_Action_Returns_Valid_IEnumerable_Of_Donations" storage="c:\users\$soderind\desktop\electionmonitoring\electionmonitoring.tests\bin\debug\electionmonitoring.tests.dll" id="8c893d5b-e235-59f6-ab6a-ee1ad82644dc">
      <Execution id="448f5cdd-a1aa-4f4c-97fe-aa039bddafc3" />
      <TestMethod codeBase="C:\Users\$soderind\Desktop\ElectionMonitoring\ElectionMonitoring.Tests\bin\Debug\ElectionMonitoring.Tests.dll" adapterTypeName="Microsoft.VisualStudio.TestTools.TestTypes.Unit.UnitTestAdapter, Microsoft.VisualStudio.QualityTools.Tips.UnitTest.Adapter, Version=10.0.0.0, Culture=neutral, PublicKeyToken=b03f5f7f11d50a3a" className="ElectionMonitoring.Tests.Controllers.DonationManagementControllerTest, ElectionMonitoring.Tests" name="GetDonations_Action_Returns_Valid_IEnumerable_Of_Donations" />
    </UnitTest>
    <UnitTest name="GetProjects_Action_Returns_Valid_IEnumerable_Of_Projects" storage="c:\users\$soderind\desktop\electionmonitoring\electionmonitoring.tests\bin\debug\electionmonitoring.tests.dll" id="865ac6eb-d460-2fd1-936b-453d007f3019">
      <Execution id="baa23baa-49eb-451b-a18d-52509a64169e" />
      <TestMethod codeBase="C:\Users\$soderind\Desktop\ElectionMonitoring\ElectionMonitoring.Tests\bin\Debug\ElectionMonitoring.Tests.dll" adapterTypeName="Microsoft.VisualStudio.TestTools.TestTypes.Unit.UnitTestAdapter, Microsoft.VisualStudio.QualityTools.Tips.UnitTest.Adapter, Version=10.0.0.0, Culture=neutral, PublicKeyToken=b03f5f7f11d50a3a" className="ElectionMonitoring.Tests.Controllers.DonationManagementControllerTest, ElectionMonitoring.Tests" name="GetProjects_Action_Returns_Valid_IEnumerable_Of_Projects" />
    </UnitTest>
    <UnitTest name="GetProject_Action_Returns_Valid_Project_Object" storage="c:\users\$soderind\desktop\electionmonitoring\electionmonitoring.tests\bin\debug\electionmonitoring.tests.dll" id="c56c1a40-dc8f-ca75-4fff-47c61774a542">
      <Execution id="73b34e23-8f28-4e45-b6c4-697c02435f13" />
      <TestMethod codeBase="C:\Users\$soderind\Desktop\ElectionMonitoring\ElectionMonitoring.Tests\bin\Debug\ElectionMonitoring.Tests.dll" adapterTypeName="Microsoft.VisualStudio.TestTools.TestTypes.Unit.UnitTestAdapter, Microsoft.VisualStudio.QualityTools.Tips.UnitTest.Adapter, Version=10.0.0.0, Culture=neutral, PublicKeyToken=b03f5f7f11d50a3a" className="ElectionMonitoring.Tests.Controllers.DonationManagementControllerTest, ElectionMonitoring.Tests" name="GetProject_Action_Returns_Valid_Project_Object" />
    </UnitTest>
    <UnitTest name="RaceResultsRouteWithRaceIDWithRegionCode" storage="c:\users\$soderind\desktop\electionmonitoring\electionmonitoring.tests\bin\debug\electionmonitoring.tests.dll" id="159b4dab-a820-ef8b-03e3-e166bb7aa697">
      <Execution id="79ed5872-679e-46b4-8087-36109d3959af" />
      <TestMethod codeBase="C:\Users\$soderind\Desktop\ElectionMonitoring\ElectionMonitoring.Tests\bin\Debug\ElectionMonitoring.Tests.dll" adapterTypeName="Microsoft.VisualStudio.TestTools.TestTypes.Unit.UnitTestAdapter, Microsoft.VisualStudio.QualityTools.Tips.UnitTest.Adapter, Version=10.0.0.0, Culture=neutral, PublicKeyToken=b03f5f7f11d50a3a" className="ElectionMonitoring.Tests.RoutingTableTest, ElectionMonitoring.Tests" name="RaceResultsRouteWithRaceIDWithRegionCode" />
    </UnitTest>
    <UnitTest name="GetRegions_Call_Repository" storage="c:\users\$soderind\desktop\electionmonitoring\electionmonitoring.tests\bin\debug\electionmonitoring.tests.dll" id="d5569fc8-9dc8-fb53-b363-b33a833a4ebe">
      <Execution id="733d02ba-183d-47ca-829b-70fea3145a7a" />
      <TestMethod codeBase="C:\Users\$soderind\Desktop\ElectionMonitoring\ElectionMonitoring.Tests\bin\Debug\ElectionMonitoring.Tests.dll" adapterTypeName="Microsoft.VisualStudio.TestTools.TestTypes.Unit.UnitTestAdapter, Microsoft.VisualStudio.QualityTools.Tips.UnitTest.Adapter, Version=10.0.0.0, Culture=neutral, PublicKeyToken=b03f5f7f11d50a3a" className="ElectionMonitoring.Tests.Controllers.ElectionMonitoringControllerTest, ElectionMonitoring.Tests" name="GetRegions_Call_Repository" />
    </UnitTest>
    <UnitTest name="The_PutDonation_Action_returns_NotFound_statuscode_When_The_Donation_Does_NOT_Exists" storage="c:\users\$soderind\desktop\electionmonitoring\electionmonitoring.tests\bin\debug\electionmonitoring.tests.dll" id="ee0a6863-be1b-85c8-bc2f-6f867fd6b733">
      <Execution id="28beba11-65a9-4ae3-8df2-bc626a2c35ef" />
      <TestMethod codeBase="C:\Users\$soderind\Desktop\ElectionMonitoring\ElectionMonitoring.Tests\bin\Debug\ElectionMonitoring.Tests.dll" adapterTypeName="Microsoft.VisualStudio.TestTools.TestTypes.Unit.UnitTestAdapter, Microsoft.VisualStudio.QualityTools.Tips.UnitTest.Adapter, Version=10.0.0.0, Culture=neutral, PublicKeyToken=b03f5f7f11d50a3a" className="ElectionMonitoring.Tests.Controllers.DonationManagementControllerTest, ElectionMonitoring.Tests" name="The_PutDonation_Action_returns_NotFound_statuscode_When_The_Donation_Does_NOT_Exists" />
    </UnitTest>
    <UnitTest name="The_PutDonor_Action_returns_NotFound_statuscode_When_The_Donor_Does_NOT_Exists" storage="c:\users\$soderind\desktop\electionmonitoring\electionmonitoring.tests\bin\debug\electionmonitoring.tests.dll" id="c1675eff-1027-225e-4797-052da164c009">
      <Execution id="cfe44a91-4bda-4382-bb75-53e1d976fb15" />
      <TestMethod codeBase="C:\Users\$soderind\Desktop\ElectionMonitoring\ElectionMonitoring.Tests\bin\Debug\ElectionMonitoring.Tests.dll" adapterTypeName="Microsoft.VisualStudio.TestTools.TestTypes.Unit.UnitTestAdapter, Microsoft.VisualStudio.QualityTools.Tips.UnitTest.Adapter, Version=10.0.0.0, Culture=neutral, PublicKeyToken=b03f5f7f11d50a3a" className="ElectionMonitoring.Tests.Controllers.DonationManagementControllerTest, ElectionMonitoring.Tests" name="The_PutDonor_Action_returns_NotFound_statuscode_When_The_Donor_Does_NOT_Exists" />
    </UnitTest>
    <UnitTest name="DeleteProject_Calls_Repository_Delete" storage="c:\users\$soderind\desktop\electionmonitoring\electionmonitoring.tests\bin\debug\electionmonitoring.tests.dll" id="f3aa8643-ca1d-3a9a-dada-708561fc7822">
      <Execution id="b5c740e7-4dfe-43af-a38f-63fb88960030" />
      <TestMethod codeBase="C:\Users\$soderind\Desktop\ElectionMonitoring\ElectionMonitoring.Tests\bin\Debug\ElectionMonitoring.Tests.dll" adapterTypeName="Microsoft.VisualStudio.TestTools.TestTypes.Unit.UnitTestAdapter, Microsoft.VisualStudio.QualityTools.Tips.UnitTest.Adapter, Version=10.0.0.0, Culture=neutral, PublicKeyToken=b03f5f7f11d50a3a" className="ElectionMonitoring.Tests.Controllers.DonationManagementControllerTest, ElectionMonitoring.Tests" name="DeleteProject_Calls_Repository_Delete" />
    </UnitTest>
    <UnitTest name="GetRaces_Call_Repository" storage="c:\users\$soderind\desktop\electionmonitoring\electionmonitoring.tests\bin\debug\electionmonitoring.tests.dll" id="707aa8b8-620b-08fb-f2d9-b1bafaf0e5dc">
      <Execution id="5b873dcf-66a8-4c4d-a745-44e54cf25df0" />
      <TestMethod codeBase="C:\Users\$soderind\Desktop\ElectionMonitoring\ElectionMonitoring.Tests\bin\Debug\ElectionMonitoring.Tests.dll" adapterTypeName="Microsoft.VisualStudio.TestTools.TestTypes.Unit.UnitTestAdapter, Microsoft.VisualStudio.QualityTools.Tips.UnitTest.Adapter, Version=10.0.0.0, Culture=neutral, PublicKeyToken=b03f5f7f11d50a3a" className="ElectionMonitoring.Tests.Controllers.ElectionMonitoringControllerTest, ElectionMonitoring.Tests" name="GetRaces_Call_Repository" />
    </UnitTest>
    <UnitTest name="ApiRegionByRegionCode" storage="c:\users\$soderind\desktop\electionmonitoring\electionmonitoring.tests\bin\debug\electionmonitoring.tests.dll" id="4445be88-fb8c-c60a-2eaa-87da02bd474a">
      <Execution id="f954afbc-84db-40f8-833c-988f7115f027" />
      <TestMethod codeBase="C:\Users\$soderind\Desktop\ElectionMonitoring\ElectionMonitoring.Tests\bin\Debug\ElectionMonitoring.Tests.dll" adapterTypeName="Microsoft.VisualStudio.TestTools.TestTypes.Unit.UnitTestAdapter, Microsoft.VisualStudio.QualityTools.Tips.UnitTest.Adapter, Version=10.0.0.0, Culture=neutral, PublicKeyToken=b03f5f7f11d50a3a" className="ElectionMonitoring.Tests.RoutingTableTest, ElectionMonitoring.Tests" name="ApiRegionByRegionCode" />
    </UnitTest>
    <UnitTest name="The_PostDonation_Action_returns_created_statuscode" storage="c:\users\$soderind\desktop\electionmonitoring\electionmonitoring.tests\bin\debug\electionmonitoring.tests.dll" id="a22ad01c-c920-2e3c-d112-b54a814be347">
      <Execution id="17fbd9c5-ee82-44a9-8167-f2cf64f2620a" />
      <TestMethod codeBase="C:\Users\$soderind\Desktop\ElectionMonitoring\ElectionMonitoring.Tests\bin\Debug\ElectionMonitoring.Tests.dll" adapterTypeName="Microsoft.VisualStudio.TestTools.TestTypes.Unit.UnitTestAdapter, Microsoft.VisualStudio.QualityTools.Tips.UnitTest.Adapter, Version=10.0.0.0, Culture=neutral, PublicKeyToken=b03f5f7f11d50a3a" className="ElectionMonitoring.Tests.Controllers.DonationManagementControllerTest, ElectionMonitoring.Tests" name="The_PostDonation_Action_returns_created_statuscode" />
    </UnitTest>
    <UnitTest name="DefaultRouteConfigTest" storage="c:\users\$soderind\desktop\electionmonitoring\electionmonitoring.tests\bin\debug\electionmonitoring.tests.dll" id="f0bc23ef-7129-c10c-aafa-81af67c2e566">
      <Execution id="b89d6bd9-5e74-4e1a-b8ae-bad9adf4a425" />
      <TestMethod codeBase="C:\Users\$soderind\Desktop\ElectionMonitoring\ElectionMonitoring.Tests\bin\Debug\ElectionMonitoring.Tests.dll" adapterTypeName="Microsoft.VisualStudio.TestTools.TestTypes.Unit.UnitTestAdapter, Microsoft.VisualStudio.QualityTools.Tips.UnitTest.Adapter, Version=10.0.0.0, Culture=neutral, PublicKeyToken=b03f5f7f11d50a3a" className="ElectionMonitoring.Tests.RoutingTableTest, ElectionMonitoring.Tests" name="DefaultRouteConfigTest" />
    </UnitTest>
    <UnitTest name="ActionApiRouteWithControllerWithActionWithId" storage="c:\users\$soderind\desktop\electionmonitoring\electionmonitoring.tests\bin\debug\electionmonitoring.tests.dll" id="7c3783ce-a97d-490a-a12f-d8d8ce510f38">
      <Execution id="4715f983-946e-4ee6-b9f7-5e4affce0ac8" />
      <TestMethod codeBase="C:\Users\$soderind\Desktop\ElectionMonitoring\ElectionMonitoring.Tests\bin\Debug\ElectionMonitoring.Tests.dll" adapterTypeName="Microsoft.VisualStudio.TestTools.TestTypes.Unit.UnitTestAdapter, Microsoft.VisualStudio.QualityTools.Tips.UnitTest.Adapter, Version=10.0.0.0, Culture=neutral, PublicKeyToken=b03f5f7f11d50a3a" className="ElectionMonitoring.Tests.RoutingTableTest, ElectionMonitoring.Tests" name="ActionApiRouteWithControllerWithActionWithId" />
    </UnitTest>
  </TestDefinitions>
  <TestLists>
    <TestList name="Results Not in a List" id="8c84fa94-04c1-424b-9868-57a2d4851a1d" />
    <TestList name="All Loaded Results" id="19431567-8539-422a-85d7-44ee4e166bda" />
  </TestLists>
  <TestEntries>
    <TestEntry testId="159b4dab-a820-ef8b-03e3-e166bb7aa697" executionId="79ed5872-679e-46b4-8087-36109d3959af" testListId="8c84fa94-04c1-424b-9868-57a2d4851a1d" />
    <TestEntry testId="1c44bc22-b59f-f539-ec19-5fd2120db422" executionId="f16438d1-9f40-4043-9bd4-bfdb76a3a01d" testListId="8c84fa94-04c1-424b-9868-57a2d4851a1d" />
    <TestEntry testId="4445be88-fb8c-c60a-2eaa-87da02bd474a" executionId="f954afbc-84db-40f8-833c-988f7115f027" testListId="8c84fa94-04c1-424b-9868-57a2d4851a1d" />
    <TestEntry testId="48b32990-b6f6-c4e2-d159-89a1d8ae6010" executionId="b43985aa-be41-4a3e-9db7-9bc75961a728" testListId="8c84fa94-04c1-424b-9868-57a2d4851a1d" />
    <TestEntry testId="5e06bedb-74cb-cfdf-fdc3-bcf4ff14a610" executionId="801996c3-ae1d-4c2f-bc37-dd750f751b5c" testListId="8c84fa94-04c1-424b-9868-57a2d4851a1d" />
    <TestEntry testId="64d792df-a24a-5789-132c-4457503d92af" executionId="daebc21d-dcb1-4f04-937c-b51bab02ecd9" testListId="8c84fa94-04c1-424b-9868-57a2d4851a1d" />
    <TestEntry testId="65df5bb9-4dd4-1645-21c7-17ac35e234c8" executionId="b9b785b5-db75-4a2c-bbd3-424fd2631c21" testListId="8c84fa94-04c1-424b-9868-57a2d4851a1d" />
    <TestEntry testId="68e8d230-911d-2bcc-fc59-a44ca32e2df4" executionId="952e32e8-6f86-4d1c-ba4e-51b17998a89a" testListId="8c84fa94-04c1-424b-9868-57a2d4851a1d" />
    <TestEntry testId="707aa8b8-620b-08fb-f2d9-b1bafaf0e5dc" executionId="5b873dcf-66a8-4c4d-a745-44e54cf25df0" testListId="8c84fa94-04c1-424b-9868-57a2d4851a1d" />
    <TestEntry testId="7c3783ce-a97d-490a-a12f-d8d8ce510f38" executionId="4715f983-946e-4ee6-b9f7-5e4affce0ac8" testListId="8c84fa94-04c1-424b-9868-57a2d4851a1d" />
    <TestEntry testId="7d8fc65f-f4a6-b1a3-7b47-e43f33a92562" executionId="62a22c43-d2d2-4f42-b233-4dda3ffa6d18" testListId="8c84fa94-04c1-424b-9868-57a2d4851a1d" />
    <TestEntry testId="7dd265f7-9d07-8ade-0348-2149d46dc9d5" executionId="de559348-79f1-42cb-9ecd-2a5240604819" testListId="8c84fa94-04c1-424b-9868-57a2d4851a1d" />
    <TestEntry testId="865ac6eb-d460-2fd1-936b-453d007f3019" executionId="baa23baa-49eb-451b-a18d-52509a64169e" testListId="8c84fa94-04c1-424b-9868-57a2d4851a1d" />
    <TestEntry testId="8c893d5b-e235-59f6-ab6a-ee1ad82644dc" executionId="448f5cdd-a1aa-4f4c-97fe-aa039bddafc3" testListId="8c84fa94-04c1-424b-9868-57a2d4851a1d" />
    <TestEntry testId="9971ac9b-8af4-4322-6175-426f299a2445" executionId="9963641b-ee76-4b3c-9989-a7c73d9d4f99" testListId="8c84fa94-04c1-424b-9868-57a2d4851a1d" />
    <TestEntry testId="a22ad01c-c920-2e3c-d112-b54a814be347" executionId="17fbd9c5-ee82-44a9-8167-f2cf64f2620a" testListId="8c84fa94-04c1-424b-9868-57a2d4851a1d" />
    <TestEntry testId="b3ef6052-309d-ade2-08ad-e479135668de" executionId="36538a40-bbba-45db-b6ee-d32584625b59" testListId="8c84fa94-04c1-424b-9868-57a2d4851a1d" />
    <TestEntry testId="b8e6b3d3-519a-f501-1bfa-73a460c9d52a" executionId="7026339a-f4f2-434d-a1e2-bdea30db7474" testListId="8c84fa94-04c1-424b-9868-57a2d4851a1d" />
    <TestEntry testId="c1675eff-1027-225e-4797-052da164c009" executionId="cfe44a91-4bda-4382-bb75-53e1d976fb15" testListId="8c84fa94-04c1-424b-9868-57a2d4851a1d" />
    <TestEntry testId="c30bd61f-af43-d801-0b27-45522346d753" executionId="38cfd194-2e6e-4469-a8f5-35d72cf6a1cc" testListId="8c84fa94-04c1-424b-9868-57a2d4851a1d" />
    <TestEntry testId="c3279829-ee3c-ba3c-8526-47c144a3e824" executionId="84eca430-8cfd-4b75-bdaf-22681c95e655" testListId="8c84fa94-04c1-424b-9868-57a2d4851a1d" />
    <TestEntry testId="c56c1a40-dc8f-ca75-4fff-47c61774a542" executionId="73b34e23-8f28-4e45-b6c4-697c02435f13" testListId="8c84fa94-04c1-424b-9868-57a2d4851a1d" />
    <TestEntry testId="d5569fc8-9dc8-fb53-b363-b33a833a4ebe" executionId="733d02ba-183d-47ca-829b-70fea3145a7a" testListId="8c84fa94-04c1-424b-9868-57a2d4851a1d" />
    <TestEntry testId="ee0a6863-be1b-85c8-bc2f-6f867fd6b733" executionId="28beba11-65a9-4ae3-8df2-bc626a2c35ef" testListId="8c84fa94-04c1-424b-9868-57a2d4851a1d" />
    <TestEntry testId="ef0d621c-d01b-c22b-9aed-7fcbcdac42a0" executionId="81161951-0aa8-47ab-9b81-bcca8d42c8ce" testListId="8c84fa94-04c1-424b-9868-57a2d4851a1d" />
    <TestEntry testId="f0bc23ef-7129-c10c-aafa-81af67c2e566" executionId="b89d6bd9-5e74-4e1a-b8ae-bad9adf4a425" testListId="8c84fa94-04c1-424b-9868-57a2d4851a1d" />
    <TestEntry testId="f3aa8643-ca1d-3a9a-dada-708561fc7822" executionId="b5c740e7-4dfe-43af-a38f-63fb88960030" testListId="8c84fa94-04c1-424b-9868-57a2d4851a1d" />
    <TestEntry testId="ff470440-325c-eac0-2dea-bc76ebb70ee8" executionId="45e42398-1bda-4f18-b39c-bdc28d61b3a7" testListId="8c84fa94-04c1-424b-9868-57a2d4851a1d" />
  </TestEntries>
  <Results>
    <UnitTestResult executionId="79ed5872-679e-46b4-8087-36109d3959af" testId="159b4dab-a820-ef8b-03e3-e166bb7aa697" testName="RaceResultsRouteWithRaceIDWithRegionCode" computerName="WGC1W79KCR65J" duration="00:00:00.1584223" startTime="2013-11-26T10:17:17.3748682+00:00" endTime="2013-11-26T10:17:18.0008682+00:00" testType="13cdc9d9-ddb5-4fa4-a97d-d965ccfc6d4b" outcome="Passed" testListId="8c84fa94-04c1-424b-9868-57a2d4851a1d" relativeResultsDirectory="79ed5872-679e-46b4-8087-36109d3959af">
    </UnitTestResult>
    <UnitTestResult executionId="f16438d1-9f40-4043-9bd4-bfdb76a3a01d" testId="1c44bc22-b59f-f539-ec19-5fd2120db422" testName="DeleteDonation_Calls_Repository_Delete" computerName="WGC1W79KCR65J" duration="00:00:00.1831485" startTime="2013-11-26T10:17:18.0028682+00:00" endTime="2013-11-26T10:17:18.1878682+00:00" testType="13cdc9d9-ddb5-4fa4-a97d-d965ccfc6d4b" outcome="Passed" testListId="8c84fa94-04c1-424b-9868-57a2d4851a1d" relativeResultsDirectory="f16438d1-9f40-4043-9bd4-bfdb76a3a01d">
    </UnitTestResult>
    <UnitTestResult executionId="f954afbc-84db-40f8-833c-988f7115f027" testId="4445be88-fb8c-c60a-2eaa-87da02bd474a" testName="ApiRegionByRegionCode" computerName="WGC1W79KCR65J" duration="00:00:00.1238939" startTime="2013-11-26T10:17:18.1888682+00:00" endTime="2013-11-26T10:17:18.3148682+00:00" testType="13cdc9d9-ddb5-4fa4-a97d-d965ccfc6d4b" outcome="Passed" testListId="8c84fa94-04c1-424b-9868-57a2d4851a1d" relativeResultsDirectory="f954afbc-84db-40f8-833c-988f7115f027">
    </UnitTestResult>
    <UnitTestResult executionId="b43985aa-be41-4a3e-9db7-9bc75961a728" testId="48b32990-b6f6-c4e2-d159-89a1d8ae6010" testName="DeleteDonor_Calls_Repository_Delete" computerName="WGC1W79KCR65J" duration="00:00:00.0060787" startTime="2013-11-26T10:17:18.3158682+00:00" endTime="2013-11-26T10:17:18.3238682+00:00" testType="13cdc9d9-ddb5-4fa4-a97d-d965ccfc6d4b" outcome="Passed" testListId="8c84fa94-04c1-424b-9868-57a2d4851a1d" relativeResultsDirectory="b43985aa-be41-4a3e-9db7-9bc75961a728">
    </UnitTestResult>
    <UnitTestResult executionId="801996c3-ae1d-4c2f-bc37-dd750f751b5c" testId="5e06bedb-74cb-cfdf-fdc3-bcf4ff14a610" testName="The_PutDonor_Action_returns_Ok_statuscode_When_The_Donor_Exists" computerName="WGC1W79KCR65J" duration="00:00:00.0076900" startTime="2013-11-26T10:17:18.3248682+00:00" endTime="2013-11-26T10:17:18.3338682+00:00" testType="13cdc9d9-ddb5-4fa4-a97d-d965ccfc6d4b" outcome="Passed" testListId="8c84fa94-04c1-424b-9868-57a2d4851a1d" relativeResultsDirectory="801996c3-ae1d-4c2f-bc37-dd750f751b5c">
    </UnitTestResult>
    <UnitTestResult executionId="daebc21d-dcb1-4f04-937c-b51bab02ecd9" testId="64d792df-a24a-5789-132c-4457503d92af" testName="The_PostDonor_Action_returns_created_statuscode" computerName="WGC1W79KCR65J" duration="00:00:00.0269601" startTime="2013-11-26T10:17:18.3348682+00:00" endTime="2013-11-26T10:17:18.3638682+00:00" testType="13cdc9d9-ddb5-4fa4-a97d-d965ccfc6d4b" outcome="Passed" testListId="8c84fa94-04c1-424b-9868-57a2d4851a1d" relativeResultsDirectory="daebc21d-dcb1-4f04-937c-b51bab02ecd9">
    </UnitTestResult>
    <UnitTestResult executionId="b9b785b5-db75-4a2c-bbd3-424fd2631c21" testId="65df5bb9-4dd4-1645-21c7-17ac35e234c8" testName="GetDonation_Action_Returns_Valid_Donation_Object" computerName="WGC1W79KCR65J" duration="00:00:00.0054414" startTime="2013-11-26T10:17:18.3648682+00:00" endTime="2013-11-26T10:17:18.3718682+00:00" testType="13cdc9d9-ddb5-4fa4-a97d-d965ccfc6d4b" outcome="Passed" testListId="8c84fa94-04c1-424b-9868-57a2d4851a1d" relativeResultsDirectory="b9b785b5-db75-4a2c-bbd3-424fd2631c21">
    </UnitTestResult>
    <UnitTestResult executionId="952e32e8-6f86-4d1c-ba4e-51b17998a89a" testId="68e8d230-911d-2bcc-fc59-a44ca32e2df4" testName="GetDonors_Action_Returns_Valid_IEnumerable_Of_Donors" computerName="WGC1W79KCR65J" duration="00:00:00.0053566" startTime="2013-11-26T10:17:18.3728682+00:00" endTime="2013-11-26T10:17:18.3798682+00:00" testType="13cdc9d9-ddb5-4fa4-a97d-d965ccfc6d4b" outcome="Passed" testListId="8c84fa94-04c1-424b-9868-57a2d4851a1d" relativeResultsDirectory="952e32e8-6f86-4d1c-ba4e-51b17998a89a">
    </UnitTestResult>
    <UnitTestResult executionId="5b873dcf-66a8-4c4d-a745-44e54cf25df0" testId="707aa8b8-620b-08fb-f2d9-b1bafaf0e5dc" testName="GetRaces_Call_Repository" computerName="WGC1W79KCR65J" duration="00:00:00.0231803" startTime="2013-11-26T10:17:18.3808682+00:00" endTime="2013-11-26T10:17:18.4058682+00:00" testType="13cdc9d9-ddb5-4fa4-a97d-d965ccfc6d4b" outcome="Passed" testListId="8c84fa94-04c1-424b-9868-57a2d4851a1d" relativeResultsDirectory="5b873dcf-66a8-4c4d-a745-44e54cf25df0">
    </UnitTestResult>
    <UnitTestResult executionId="4715f983-946e-4ee6-b9f7-5e4affce0ac8" testId="7c3783ce-a97d-490a-a12f-d8d8ce510f38" testName="ActionApiRouteWithControllerWithActionWithId" computerName="WGC1W79KCR65J" duration="00:00:00.0005995" startTime="2013-11-26T10:17:18.4068682+00:00" endTime="2013-11-26T10:17:18.4088682+00:00" testType="13cdc9d9-ddb5-4fa4-a97d-d965ccfc6d4b" outcome="Passed" testListId="8c84fa94-04c1-424b-9868-57a2d4851a1d" relativeResultsDirectory="4715f983-946e-4ee6-b9f7-5e4affce0ac8">
    </UnitTestResult>
    <UnitTestResult executionId="62a22c43-d2d2-4f42-b233-4dda3ffa6d18" testId="7d8fc65f-f4a6-b1a3-7b47-e43f33a92562" testName="The_PutDonation_Action_returns_Ok_statuscode_When_The_Donation_Exists" computerName="WGC1W79KCR65J" duration="00:00:00.0056387" startTime="2013-11-26T10:17:18.4098682+00:00" endTime="2013-11-26T10:17:18.4168682+00:00" testType="13cdc9d9-ddb5-4fa4-a97d-d965ccfc6d4b" outcome="Passed" testListId="8c84fa94-04c1-424b-9868-57a2d4851a1d" relativeResultsDirectory="62a22c43-d2d2-4f42-b233-4dda3ffa6d18">
    </UnitTestResult>
    <UnitTestResult executionId="de559348-79f1-42cb-9ecd-2a5240604819" testId="7dd265f7-9d07-8ade-0348-2149d46dc9d5" testName="GetDonor_Action_Returns_Valid_Donor_Object" computerName="WGC1W79KCR65J" duration="00:00:00.0052788" startTime="2013-11-26T10:17:18.4178682+00:00" endTime="2013-11-26T10:17:18.4238682+00:00" testType="13cdc9d9-ddb5-4fa4-a97d-d965ccfc6d4b" outcome="Passed" testListId="8c84fa94-04c1-424b-9868-57a2d4851a1d" relativeResultsDirectory="de559348-79f1-42cb-9ecd-2a5240604819">
    </UnitTestResult>
    <UnitTestResult executionId="baa23baa-49eb-451b-a18d-52509a64169e" testId="865ac6eb-d460-2fd1-936b-453d007f3019" testName="GetProjects_Action_Returns_Valid_IEnumerable_Of_Projects" computerName="WGC1W79KCR65J" duration="00:00:00.0155966" startTime="2013-11-26T10:17:18.4248682+00:00" endTime="2013-11-26T10:17:18.4428682+00:00" testType="13cdc9d9-ddb5-4fa4-a97d-d965ccfc6d4b" outcome="Failed" testListId="8c84fa94-04c1-424b-9868-57a2d4851a1d" relativeResultsDirectory="baa23baa-49eb-451b-a18d-52509a64169e">
      <Output>
        <ErrorInfo>
          <Message>Assert.IsInstanceOfType failed. The Controller.GetProjects() return is not of type IEnumerable&lt;Project&gt; Expected type:&lt;System.Collections.Generic.IEnumerable`1[ElectionMonitoring.Models.Project]&gt;. Actual type:&lt;System.Collections.Generic.List`1[ElectionMonitoring.Models.Donation]&gt;.</Message>
          <StackTrace>   at ElectionMonitoring.Tests.Controllers.DonationManagementControllerTest.GetProjects_Action_Returns_Valid_IEnumerable_Of_Projects() in C:\Users\$soderind\Desktop\ElectionMonitoring\ElectionMonitoring.Tests\Controllers\DonationManagementControllerTest.cs:line 314
</StackTrace>
        </ErrorInfo>
      </Output>
    </UnitTestResult>
    <UnitTestResult executionId="448f5cdd-a1aa-4f4c-97fe-aa039bddafc3" testId="8c893d5b-e235-59f6-ab6a-ee1ad82644dc" testName="GetDonations_Action_Returns_Valid_IEnumerable_Of_Donations" computerName="WGC1W79KCR65J" duration="00:00:00.0049948" startTime="2013-11-26T10:17:18.4428682+00:00" endTime="2013-11-26T10:17:18.4498682+00:00" testType="13cdc9d9-ddb5-4fa4-a97d-d965ccfc6d4b" outcome="Passed" testListId="8c84fa94-04c1-424b-9868-57a2d4851a1d" relativeResultsDirectory="448f5cdd-a1aa-4f4c-97fe-aa039bddafc3">
    </UnitTestResult>
    <UnitTestResult executionId="9963641b-ee76-4b3c-9989-a7c73d9d4f99" testId="9971ac9b-8af4-4322-6175-426f299a2445" testName="ApiRegionByRegionID" computerName="WGC1W79KCR65J" duration="00:00:00.0056966" startTime="2013-11-26T10:17:18.4518682+00:00" endTime="2013-11-26T10:17:18.4588682+00:00" testType="13cdc9d9-ddb5-4fa4-a97d-d965ccfc6d4b" outcome="Passed" testListId="8c84fa94-04c1-424b-9868-57a2d4851a1d" relativeResultsDirectory="9963641b-ee76-4b3c-9989-a7c73d9d4f99">
    </UnitTestResult>
    <UnitTestResult executionId="17fbd9c5-ee82-44a9-8167-f2cf64f2620a" testId="a22ad01c-c920-2e3c-d112-b54a814be347" testName="The_PostDonation_Action_returns_created_statuscode" computerName="WGC1W79KCR65J" duration="00:00:00.0051583" startTime="2013-11-26T10:17:18.4598682+00:00" endTime="2013-11-26T10:17:18.4668682+00:00" testType="13cdc9d9-ddb5-4fa4-a97d-d965ccfc6d4b" outcome="Passed" testListId="8c84fa94-04c1-424b-9868-57a2d4851a1d" relativeResultsDirectory="17fbd9c5-ee82-44a9-8167-f2cf64f2620a">
    </UnitTestResult>
    <UnitTestResult executionId="36538a40-bbba-45db-b6ee-d32584625b59" testId="b3ef6052-309d-ade2-08ad-e479135668de" testName="The_PuProject_Action_returns_NotFound_statuscode_When_The_Project_Does_NOT_Exists" computerName="WGC1W79KCR65J" duration="00:00:00.0075490" startTime="2013-11-26T10:17:18.4678682+00:00" endTime="2013-11-26T10:17:18.4768682+00:00" testType="13cdc9d9-ddb5-4fa4-a97d-d965ccfc6d4b" outcome="Passed" testListId="8c84fa94-04c1-424b-9868-57a2d4851a1d" relativeResultsDirectory="36538a40-bbba-45db-b6ee-d32584625b59">
    </UnitTestResult>
    <UnitTestResult executionId="7026339a-f4f2-434d-a1e2-bdea30db7474" testId="b8e6b3d3-519a-f501-1bfa-73a460c9d52a" testName="ActionApiRouteWithControllerWithActionNoId" computerName="WGC1W79KCR65J" duration="00:00:00.0055414" startTime="2013-11-26T10:17:18.4778682+00:00" endTime="2013-11-26T10:17:18.4848682+00:00" testType="13cdc9d9-ddb5-4fa4-a97d-d965ccfc6d4b" outcome="Passed" testListId="8c84fa94-04c1-424b-9868-57a2d4851a1d" relativeResultsDirectory="7026339a-f4f2-434d-a1e2-bdea30db7474">
    </UnitTestResult>
    <UnitTestResult executionId="cfe44a91-4bda-4382-bb75-53e1d976fb15" testId="c1675eff-1027-225e-4797-052da164c009" testName="The_PutDonor_Action_returns_NotFound_statuscode_When_The_Donor_Does_NOT_Exists" computerName="WGC1W79KCR65J" duration="00:00:00.0049868" startTime="2013-11-26T10:17:18.4858682+00:00" endTime="2013-11-26T10:17:18.4928682+00:00" testType="13cdc9d9-ddb5-4fa4-a97d-d965ccfc6d4b" outcome="Passed" testListId="8c84fa94-04c1-424b-9868-57a2d4851a1d" relativeResultsDirectory="cfe44a91-4bda-4382-bb75-53e1d976fb15">
    </UnitTestResult>
    <UnitTestResult executionId="38cfd194-2e6e-4469-a8f5-35d72cf6a1cc" testId="c30bd61f-af43-d801-0b27-45522346d753" testName="The_PostProject_Action_returns_created_statuscode" computerName="WGC1W79KCR65J" duration="00:00:00.0058608" startTime="2013-11-26T10:17:18.4938682+00:00" endTime="2013-11-26T10:17:18.5008682+00:00" testType="13cdc9d9-ddb5-4fa4-a97d-d965ccfc6d4b" outcome="Passed" testListId="8c84fa94-04c1-424b-9868-57a2d4851a1d" relativeResultsDirectory="38cfd194-2e6e-4469-a8f5-35d72cf6a1cc">
    </UnitTestResult>
    <UnitTestResult executionId="84eca430-8cfd-4b75-bdaf-22681c95e655" testId="c3279829-ee3c-ba3c-8526-47c144a3e824" testName="GetSubRegions_Call_Repository" computerName="WGC1W79KCR65J" duration="00:00:00.0028134" startTime="2013-11-26T10:17:18.5018682+00:00" endTime="2013-11-26T10:17:18.5068682+00:00" testType="13cdc9d9-ddb5-4fa4-a97d-d965ccfc6d4b" outcome="Passed" testListId="8c84fa94-04c1-424b-9868-57a2d4851a1d" relativeResultsDirectory="84eca430-8cfd-4b75-bdaf-22681c95e655">
    </UnitTestResult>
    <UnitTestResult executionId="73b34e23-8f28-4e45-b6c4-697c02435f13" testId="c56c1a40-dc8f-ca75-4fff-47c61774a542" testName="GetProject_Action_Returns_Valid_Project_Object" computerName="WGC1W79KCR65J" duration="00:00:00.0053732" startTime="2013-11-26T10:17:18.5078682+00:00" endTime="2013-11-26T10:17:18.5148682+00:00" testType="13cdc9d9-ddb5-4fa4-a97d-d965ccfc6d4b" outcome="Passed" testListId="8c84fa94-04c1-424b-9868-57a2d4851a1d" relativeResultsDirectory="73b34e23-8f28-4e45-b6c4-697c02435f13">
    </UnitTestResult>
    <UnitTestResult executionId="733d02ba-183d-47ca-829b-70fea3145a7a" testId="d5569fc8-9dc8-fb53-b363-b33a833a4ebe" testName="GetRegions_Call_Repository" computerName="WGC1W79KCR65J" duration="00:00:00.0023353" startTime="2013-11-26T10:17:18.5158682+00:00" endTime="2013-11-26T10:17:18.5208682+00:00" testType="13cdc9d9-ddb5-4fa4-a97d-d965ccfc6d4b" outcome="Passed" testListId="8c84fa94-04c1-424b-9868-57a2d4851a1d" relativeResultsDirectory="733d02ba-183d-47ca-829b-70fea3145a7a">
    </UnitTestResult>
    <UnitTestResult executionId="28beba11-65a9-4ae3-8df2-bc626a2c35ef" testId="ee0a6863-be1b-85c8-bc2f-6f867fd6b733" testName="The_PutDonation_Action_returns_NotFound_statuscode_When_The_Donation_Does_NOT_Exists" computerName="WGC1W79KCR65J" duration="00:00:00.0054324" startTime="2013-11-26T10:17:18.5218682+00:00" endTime="2013-11-26T10:17:18.5288682+00:00" testType="13cdc9d9-ddb5-4fa4-a97d-d965ccfc6d4b" outcome="Passed" testListId="8c84fa94-04c1-424b-9868-57a2d4851a1d" relativeResultsDirectory="28beba11-65a9-4ae3-8df2-bc626a2c35ef">
    </UnitTestResult>
    <UnitTestResult executionId="81161951-0aa8-47ab-9b81-bcca8d42c8ce" testId="ef0d621c-d01b-c22b-9aed-7fcbcdac42a0" testName="The_PutProject_Action_returns_Ok_statuscode_When_The_Project_Exists" computerName="WGC1W79KCR65J" duration="00:00:00.0055377" startTime="2013-11-26T10:17:18.5308682+00:00" endTime="2013-11-26T10:17:18.5388682+00:00" testType="13cdc9d9-ddb5-4fa4-a97d-d965ccfc6d4b" outcome="Passed" testListId="8c84fa94-04c1-424b-9868-57a2d4851a1d" relativeResultsDirectory="81161951-0aa8-47ab-9b81-bcca8d42c8ce">
    </UnitTestResult>
    <UnitTestResult executionId="b89d6bd9-5e74-4e1a-b8ae-bad9adf4a425" testId="f0bc23ef-7129-c10c-aafa-81af67c2e566" testName="DefaultRouteConfigTest" computerName="WGC1W79KCR65J" duration="00:00:00.1058719" startTime="2013-11-26T10:17:18.5398682+00:00" endTime="2013-11-26T10:17:18.6488682+00:00" testType="13cdc9d9-ddb5-4fa4-a97d-d965ccfc6d4b" outcome="Passed" testListId="8c84fa94-04c1-424b-9868-57a2d4851a1d" relativeResultsDirectory="b89d6bd9-5e74-4e1a-b8ae-bad9adf4a425">
    </UnitTestResult>
    <UnitTestResult executionId="b5c740e7-4dfe-43af-a38f-63fb88960030" testId="f3aa8643-ca1d-3a9a-dada-708561fc7822" testName="DeleteProject_Calls_Repository_Delete" computerName="WGC1W79KCR65J" duration="00:00:00.0063684" startTime="2013-11-26T10:17:18.6498682+00:00" endTime="2013-11-26T10:17:18.6578682+00:00" testType="13cdc9d9-ddb5-4fa4-a97d-d965ccfc6d4b" outcome="Passed" testListId="8c84fa94-04c1-424b-9868-57a2d4851a1d" relativeResultsDirectory="b5c740e7-4dfe-43af-a38f-63fb88960030">
    </UnitTestResult>
    <UnitTestResult executionId="45e42398-1bda-4f18-b39c-bdc28d61b3a7" testId="ff470440-325c-eac0-2dea-bc76ebb70ee8" testName="RaceResultsRouteWithRaceIDNoRegionCode" computerName="WGC1W79KCR65J" duration="00:00:00.0007247" startTime="2013-11-26T10:17:18.6588682+00:00" endTime="2013-11-26T10:17:18.6608682+00:00" testType="13cdc9d9-ddb5-4fa4-a97d-d965ccfc6d4b" outcome="Passed" testListId="8c84fa94-04c1-424b-9868-57a2d4851a1d" relativeResultsDirectory="45e42398-1bda-4f18-b39c-bdc28d61b3a7">
    </UnitTestResult>
  </Results>
</TestRun>