<?xml version="1.0" encoding="UTF-8"?>
<TestRun id="97021d35-5efe-4749-a85a-7876bd9d7d38" name="$soderind@WGC1W79KCR65J 2013-11-26 10:16:37" runUser="FORDEU1\$soderind" xmlns="http://microsoft.com/schemas/VisualStudio/TeamTest/2010">
  <TestSettings name="Local" id="89ca1d8f-b6a1-478b-a970-ecbb27e75554">
    <Description>These are default test settings for a local test run.</Description>
    <Deployment enabled="false" runDeploymentRoot="$soderind_WGC1W79KCR65J 2013-11-26 10_16_37">
      <DeploymentItem filename="C:\Users\$soderind\Desktop\ElectionMonitoring\packages\AutoMapper.3.1.0\lib\net40\AutoMapper.dll" />
      <DeploymentItem filename="C:\Users\$soderind\Desktop\ElectionMonitoring\ElectionMonitoring\bin\ElectionMonitoring.dll" />
      <DeploymentItem filename="C:\Program Files (x86)\Microsoft ASP.NET\ASP.NET MVC 4\Assemblies\System.Net.Http.Formatting.dll" />
      <DeploymentItem filename="C:\Program Files (x86)\Microsoft ASP.NET\ASP.NET MVC 4\Assemblies\System.Net.Http.dll" />
      <DeploymentItem filename="C:\Program Files (x86)\Microsoft ASP.NET\ASP.NET MVC 4\Assemblies\System.Web.Http.dll" />
      <DeploymentItem filename="C:\Users\$soderind\Desktop\ElectionMonitoring\packages\Moq.4.1.1311.0615\lib\net40\Moq.dll" />
      <DeploymentItem filename="C:\Users\$soderind\Desktop\ElectionMonitoring\packages\AutoMapper.3.1.0\lib\net40\AutoMapper.Net4.dll" />
      <DeploymentItem filename="C:\Program Files (x86)\Microsoft ASP.NET\ASP.NET MVC 4\Assemblies\System.Net.Http.WebRequest.dll" />
      <DeploymentItem filename="C:\Users\$soderind\Desktop\ElectionMonitoring\ElectionMonitoring.Models\bin\Debug\ElectionMonitoring.Models.dll" />
      <DeploymentItem filename="C:\Users\$soderind\Desktop\ElectionMonitoring\ElectionMonitoring.Business\bin\Debug\ElectionMonitoring.Business.dll" />
    </Deployment>
    <Execution>
      <TestTypeSpecific />
      <AgentRule name="Execution Agents">
      </AgentRule>
    </Execution>
  </TestSettings>
  <Times creation="2013-11-26T10:16:37.7058682+00:00" queuing="2013-11-26T10:16:37.9428682+00:00" start="2013-11-26T10:16:37.9568682+00:00" finish="2013-11-26T10:16:39.3168682+00:00" />
  <ResultSummary outcome="Failed">
    <Counters total="28" executed="28" passed="27" error="0" failed="1" timeout="0" aborted="0" inconclusive="0" passedButRunAborted="0" notRunnable="0" notExecuted="0" disconnected="0" warning="0" completed="0" inProgress="0" pending="0" />
  </ResultSummary>
  <TestDefinitions>
    <UnitTest name="The_PostDonor_Action_returns_created_statuscode" storage="c:\users\$soderind\desktop\electionmonitoring\electionmonitoring.tests\bin\debug\electionmonitoring.tests.dll" id="64d792df-a24a-5789-132c-4457503d92af">
      <Execution id="98d3ac1b-78ab-4e09-a1b3-1020bdfd8a34" />
      <TestMethod codeBase="C:\Users\$soderind\Desktop\ElectionMonitoring\ElectionMonitoring.Tests\bin\Debug\ElectionMonitoring.Tests.dll" adapterTypeName="Microsoft.VisualStudio.TestTools.TestTypes.Unit.UnitTestAdapter, Microsoft.VisualStudio.QualityTools.Tips.UnitTest.Adapter, Version=10.0.0.0, Culture=neutral, PublicKeyToken=b03f5f7f11d50a3a" className="ElectionMonitoring.Tests.Controllers.DonationManagementControllerTest, ElectionMonitoring.Tests" name="The_PostDonor_Action_returns_created_statuscode" />
    </UnitTest>
    <UnitTest name="DeleteDonor_Calls_Repository_Delete" storage="c:\users\$soderind\desktop\electionmonitoring\electionmonitoring.tests\bin\debug\electionmonitoring.tests.dll" id="48b32990-b6f6-c4e2-d159-89a1d8ae6010">
      <Execution id="5c6b1b3e-9be3-4de1-a9d1-4071225b18d2" />
      <TestMethod codeBase="C:\Users\$soderind\Desktop\ElectionMonitoring\ElectionMonitoring.Tests\bin\Debug\ElectionMonitoring.Tests.dll" adapterTypeName="Microsoft.VisualStudio.TestTools.TestTypes.Unit.UnitTestAdapter, Microsoft.VisualStudio.QualityTools.Tips.UnitTest.Adapter, Version=10.0.0.0, Culture=neutral, PublicKeyToken=b03f5f7f11d50a3a" className="ElectionMonitoring.Tests.Controllers.DonationManagementControllerTest, ElectionMonitoring.Tests" name="DeleteDonor_Calls_Repository_Delete" />
    </UnitTest>
    <UnitTest name="The_PutDonor_Action_returns_Ok_statuscode_When_The_Donor_Exists" storage="c:\users\$soderind\desktop\electionmonitoring\electionmonitoring.tests\bin\debug\electionmonitoring.tests.dll" id="5e06bedb-74cb-cfdf-fdc3-bcf4ff14a610">
      <Execution id="155daf1c-5975-4163-8ff9-30c52604ad12" />
      <TestMethod codeBase="C:\Users\$soderind\Desktop\ElectionMonitoring\ElectionMonitoring.Tests\bin\Debug\ElectionMonitoring.Tests.dll" adapterTypeName="Microsoft.VisualStudio.TestTools.TestTypes.Unit.UnitTestAdapter, Microsoft.VisualStudio.QualityTools.Tips.UnitTest.Adapter, Version=10.0.0.0, Culture=neutral, PublicKeyToken=b03f5f7f11d50a3a" className="ElectionMonitoring.Tests.Controllers.DonationManagementControllerTest, ElectionMonitoring.Tests" name="The_PutDonor_Action_returns_Ok_statuscode_When_The_Donor_Exists" />
    </UnitTest>
    <UnitTest name="ActionApiRouteWithControllerWithActionNoId" storage="c:\users\$soderind\desktop\electionmonitoring\electionmonitoring.tests\bin\debug\electionmonitoring.tests.dll" id="b8e6b3d3-519a-f501-1bfa-73a460c9d52a">
      <Execution id="7b1db11c-f09f-4207-8bcd-1923fd00e119" />
      <TestMethod codeBase="C:\Users\$soderind\Desktop\ElectionMonitoring\ElectionMonitoring.Tests\bin\Debug\ElectionMonitoring.Tests.dll" adapterTypeName="Microsoft.VisualStudio.TestTools.TestTypes.Unit.UnitTestAdapter, Microsoft.VisualStudio.QualityTools.Tips.UnitTest.Adapter, Version=10.0.0.0, Culture=neutral, PublicKeyToken=b03f5f7f11d50a3a" className="ElectionMonitoring.Tests.RoutingTableTest, ElectionMonitoring.Tests" name="ActionApiRouteWithControllerWithActionNoId" />
    </UnitTest>
    <UnitTest name="The_PostProject_Action_returns_created_statuscode" storage="c:\users\$soderind\desktop\electionmonitoring\electionmonitoring.tests\bin\debug\electionmonitoring.tests.dll" id="c30bd61f-af43-d801-0b27-45522346d753">
      <Execution id="36c7081a-65cd-4387-93c1-4d3625fee018" />
      <TestMethod codeBase="C:\Users\$soderind\Desktop\ElectionMonitoring\ElectionMonitoring.Tests\bin\Debug\ElectionMonitoring.Tests.dll" adapterTypeName="Microsoft.VisualStudio.TestTools.TestTypes.Unit.UnitTestAdapter, Microsoft.VisualStudio.QualityTools.Tips.UnitTest.Adapter, Version=10.0.0.0, Culture=neutral, PublicKeyToken=b03f5f7f11d50a3a" className="ElectionMonitoring.Tests.Controllers.DonationManagementControllerTest, ElectionMonitoring.Tests" name="The_PostProject_Action_returns_created_statuscode" />
    </UnitTest>
    <UnitTest name="GetDonation_Action_Returns_Valid_Donation_Object" storage="c:\users\$soderind\desktop\electionmonitoring\electionmonitoring.tests\bin\debug\electionmonitoring.tests.dll" id="65df5bb9-4dd4-1645-21c7-17ac35e234c8">
      <Execution id="9c69c198-9d47-4e11-9f62-8bc041940183" />
      <TestMethod codeBase="C:\Users\$soderind\Desktop\ElectionMonitoring\ElectionMonitoring.Tests\bin\Debug\ElectionMonitoring.Tests.dll" adapterTypeName="Microsoft.VisualStudio.TestTools.TestTypes.Unit.UnitTestAdapter, Microsoft.VisualStudio.QualityTools.Tips.UnitTest.Adapter, Version=10.0.0.0, Culture=neutral, PublicKeyToken=b03f5f7f11d50a3a" className="ElectionMonitoring.Tests.Controllers.DonationManagementControllerTest, ElectionMonitoring.Tests" name="GetDonation_Action_Returns_Valid_Donation_Object" />
    </UnitTest>
    <UnitTest name="GetSubRegions_Call_Repository" storage="c:\users\$soderind\desktop\electionmonitoring\electionmonitoring.tests\bin\debug\electionmonitoring.tests.dll" id="c3279829-ee3c-ba3c-8526-47c144a3e824">
      <Execution id="1b14c597-33ca-49be-8b77-e4672ffcda45" />
      <TestMethod codeBase="C:\Users\$soderind\Desktop\ElectionMonitoring\ElectionMonitoring.Tests\bin\Debug\ElectionMonitoring.Tests.dll" adapterTypeName="Microsoft.VisualStudio.TestTools.TestTypes.Unit.UnitTestAdapter, Microsoft.VisualStudio.QualityTools.Tips.UnitTest.Adapter, Version=10.0.0.0, Culture=neutral, PublicKeyToken=b03f5f7f11d50a3a" className="ElectionMonitoring.Tests.Controllers.ElectionMonitoringControllerTest, ElectionMonitoring.Tests" name="GetSubRegions_Call_Repository" />
    </UnitTest>
    <UnitTest name="GetDonor_Action_Returns_Valid_Donor_Object" storage="c:\users\$soderind\desktop\electionmonitoring\electionmonitoring.tests\bin\debug\electionmonitoring.tests.dll" id="7dd265f7-9d07-8ade-0348-2149d46dc9d5">
      <Execution id="44020b3f-140c-4f3e-8aff-afe02badcaf7" />
      <TestMethod codeBase="C:\Users\$soderind\Desktop\ElectionMonitoring\ElectionMonitoring.Tests\bin\Debug\ElectionMonitoring.Tests.dll" adapterTypeName="Microsoft.VisualStudio.TestTools.TestTypes.Unit.UnitTestAdapter, Microsoft.VisualStudio.QualityTools.Tips.UnitTest.Adapter, Version=10.0.0.0, Culture=neutral, PublicKeyToken=b03f5f7f11d50a3a" className="ElectionMonitoring.Tests.Controllers.DonationManagementControllerTest, ElectionMonitoring.Tests" name="GetDonor_Action_Returns_Valid_Donor_Object" />
    </UnitTest>
    <UnitTest name="ApiRegionByRegionID" storage="c:\users\$soderind\desktop\electionmonitoring\electionmonitoring.tests\bin\debug\electionmonitoring.tests.dll" id="9971ac9b-8af4-4322-6175-426f299a2445">
      <Execution id="a6838384-741e-4626-b675-9fab6e08a47d" />
      <TestMethod codeBase="C:\Users\$soderind\Desktop\ElectionMonitoring\ElectionMonitoring.Tests\bin\Debug\ElectionMonitoring.Tests.dll" adapterTypeName="Microsoft.VisualStudio.TestTools.TestTypes.Unit.UnitTestAdapter, Microsoft.VisualStudio.QualityTools.Tips.UnitTest.Adapter, Version=10.0.0.0, Culture=neutral, PublicKeyToken=b03f5f7f11d50a3a" className="ElectionMonitoring.Tests.RoutingTableTest, ElectionMonitoring.Tests" name="ApiRegionByRegionID" />
    </UnitTest>
    <UnitTest name="The_PutDonation_Action_returns_Ok_statuscode_When_The_Donation_Exists" storage="c:\users\$soderind\desktop\electionmonitoring\electionmonitoring.tests\bin\debug\electionmonitoring.tests.dll" id="7d8fc65f-f4a6-b1a3-7b47-e43f33a92562">
      <Execution id="e6604fca-9f88-4370-82ce-f09080fa5a3c" />
      <TestMethod codeBase="C:\Users\$soderind\Desktop\ElectionMonitoring\ElectionMonitoring.Tests\bin\Debug\ElectionMonitoring.Tests.dll" adapterTypeName="Microsoft.VisualStudio.TestTools.TestTypes.Unit.UnitTestAdapter, Microsoft.VisualStudio.QualityTools.Tips.UnitTest.Adapter, Version=10.0.0.0, Culture=neutral, PublicKeyToken=b03f5f7f11d50a3a" className="ElectionMonitoring.Tests.Controllers.DonationManagementControllerTest, ElectionMonitoring.Tests" name="The_PutDonation_Action_returns_Ok_statuscode_When_The_Donation_Exists" />
    </UnitTest>
    <UnitTest name="DeleteDonation_Calls_Repository_Delete" storage="c:\users\$soderind\desktop\electionmonitoring\electionmonitoring.tests\bin\debug\electionmonitoring.tests.dll" id="1c44bc22-b59f-f539-ec19-5fd2120db422">
      <Execution id="79ba2eed-56a0-4fc6-9457-1b59b2915bc5" />
      <TestMethod codeBase="C:\Users\$soderind\Desktop\ElectionMonitoring\ElectionMonitoring.Tests\bin\Debug\ElectionMonitoring.Tests.dll" adapterTypeName="Microsoft.VisualStudio.TestTools.TestTypes.Unit.UnitTestAdapter, Microsoft.VisualStudio.QualityTools.Tips.UnitTest.Adapter, Version=10.0.0.0, Culture=neutral, PublicKeyToken=b03f5f7f11d50a3a" className="ElectionMonitoring.Tests.Controllers.DonationManagementControllerTest, ElectionMonitoring.Tests" name="DeleteDonation_Calls_Repository_Delete" />
    </UnitTest>
    <UnitTest name="GetDonors_Action_Returns_Valid_IEnumerable_Of_Donors" storage="c:\users\$soderind\desktop\electionmonitoring\electionmonitoring.tests\bin\debug\electionmonitoring.tests.dll" id="68e8d230-911d-2bcc-fc59-a44ca32e2df4">
      <Execution id="f5fc3e37-0f3c-48b4-8aeb-ac10b9927823" />
      <TestMethod codeBase="C:\Users\$soderind\Desktop\ElectionMonitoring\ElectionMonitoring.Tests\bin\Debug\ElectionMonitoring.Tests.dll" adapterTypeName="Microsoft.VisualStudio.TestTools.TestTypes.Unit.UnitTestAdapter, Microsoft.VisualStudio.QualityTools.Tips.UnitTest.Adapter, Version=10.0.0.0, Culture=neutral, PublicKeyToken=b03f5f7f11d50a3a" className="ElectionMonitoring.Tests.Controllers.DonationManagementControllerTest, ElectionMonitoring.Tests" name="GetDonors_Action_Returns_Valid_IEnumerable_Of_Donors" />
    </UnitTest>
    <UnitTest name="The_PutProject_Action_returns_Ok_statuscode_When_The_Project_Exists" storage="c:\users\$soderind\desktop\electionmonitoring\electionmonitoring.tests\bin\debug\electionmonitoring.tests.dll" id="ef0d621c-d01b-c22b-9aed-7fcbcdac42a0">
      <Execution id="ed31520b-80c1-4c30-af69-9d4ae7ab1bf5" />
      <TestMethod codeBase="C:\Users\$soderind\Desktop\ElectionMonitoring\ElectionMonitoring.Tests\bin\Debug\ElectionMonitoring.Tests.dll" adapterTypeName="Microsoft.VisualStudio.TestTools.TestTypes.Unit.UnitTestAdapter, Microsoft.VisualStudio.QualityTools.Tips.UnitTest.Adapter, Version=10.0.0.0, Culture=neutral, PublicKeyToken=b03f5f7f11d50a3a" className="ElectionMonitoring.Tests.Controllers.DonationManagementControllerTest, ElectionMonitoring.Tests" name="The_PutProject_Action_returns_Ok_statuscode_When_The_Project_Exists" />
    </UnitTest>
    <UnitTest name="RaceResultsRouteWithRaceIDNoRegionCode" storage="c:\users\$soderind\desktop\electionmonitoring\electionmonitoring.tests\bin\debug\electionmonitoring.tests.dll" id="ff470440-325c-eac0-2dea-bc76ebb70ee8">
      <Execution id="25e474b2-f153-47bd-8d7b-287e5a522408" />
      <TestMethod codeBase="C:\Users\$soderind\Desktop\ElectionMonitoring\ElectionMonitoring.Tests\bin\Debug\ElectionMonitoring.Tests.dll" adapterTypeName="Microsoft.VisualStudio.TestTools.TestTypes.Unit.UnitTestAdapter, Microsoft.VisualStudio.QualityTools.Tips.UnitTest.Adapter, Version=10.0.0.0, Culture=neutral, PublicKeyToken=b03f5f7f11d50a3a" className="ElectionMonitoring.Tests.RoutingTableTest, ElectionMonitoring.Tests" name="RaceResultsRouteWithRaceIDNoRegionCode" />
    </UnitTest>
    <UnitTest name="The_PuProject_Action_returns_NotFound_statuscode_When_The_Project_Does_NOT_Exists" storage="c:\users\$soderind\desktop\electionmonitoring\electionmonitoring.tests\bin\debug\electionmonitoring.tests.dll" id="b3ef6052-309d-ade2-08ad-e479135668de">
      <Execution id="1fde0314-5018-4257-93cc-32968808eaa6" />
      <TestMethod codeBase="C:\Users\$soderind\Desktop\ElectionMonitoring\ElectionMonitoring.Tests\bin\Debug\ElectionMonitoring.Tests.dll" adapterTypeName="Microsoft.VisualStudio.TestTools.TestTypes.Unit.UnitTestAdapter, Microsoft.VisualStudio.QualityTools.Tips.UnitTest.Adapter, Version=10.0.0.0, Culture=neutral, PublicKeyToken=b03f5f7f11d50a3a" className="ElectionMonitoring.Tests.Controllers.DonationManagementControllerTest, ElectionMonitoring.Tests" name="The_PuProject_Action_returns_NotFound_statuscode_When_The_Project_Does_NOT_Exists" />
    </UnitTest>
    <UnitTest name="GetDonations_Action_Returns_Valid_IEnumerable_Of_Donations" storage="c:\users\$soderind\desktop\electionmonitoring\electionmonitoring.tests\bin\debug\electionmonitoring.tests.dll" id="8c893d5b-e235-59f6-ab6a-ee1ad82644dc">
      <Execution id="2f6990ac-fede-49d1-9f39-a4a29ebdabef" />
      <TestMethod codeBase="C:\Users\$soderind\Desktop\ElectionMonitoring\ElectionMonitoring.Tests\bin\Debug\ElectionMonitoring.Tests.dll" adapterTypeName="Microsoft.VisualStudio.TestTools.TestTypes.Unit.UnitTestAdapter, Microsoft.VisualStudio.QualityTools.Tips.UnitTest.Adapter, Version=10.0.0.0, Culture=neutral, PublicKeyToken=b03f5f7f11d50a3a" className="ElectionMonitoring.Tests.Controllers.DonationManagementControllerTest, ElectionMonitoring.Tests" name="GetDonations_Action_Returns_Valid_IEnumerable_Of_Donations" />
    </UnitTest>
    <UnitTest name="GetProjects_Action_Returns_Valid_IEnumerable_Of_Projects" storage="c:\users\$soderind\desktop\electionmonitoring\electionmonitoring.tests\bin\debug\electionmonitoring.tests.dll" id="865ac6eb-d460-2fd1-936b-453d007f3019">
      <Execution id="66f349a2-a626-4d6b-ae98-f51f08b97600" />
      <TestMethod codeBase="C:\Users\$soderind\Desktop\ElectionMonitoring\ElectionMonitoring.Tests\bin\Debug\ElectionMonitoring.Tests.dll" adapterTypeName="Microsoft.VisualStudio.TestTools.TestTypes.Unit.UnitTestAdapter, Microsoft.VisualStudio.QualityTools.Tips.UnitTest.Adapter, Version=10.0.0.0, Culture=neutral, PublicKeyToken=b03f5f7f11d50a3a" className="ElectionMonitoring.Tests.Controllers.DonationManagementControllerTest, ElectionMonitoring.Tests" name="GetProjects_Action_Returns_Valid_IEnumerable_Of_Projects" />
    </UnitTest>
    <UnitTest name="GetProject_Action_Returns_Valid_Project_Object" storage="c:\users\$soderind\desktop\electionmonitoring\electionmonitoring.tests\bin\debug\electionmonitoring.tests.dll" id="c56c1a40-dc8f-ca75-4fff-47c61774a542">
      <Execution id="7f962ec3-a054-4851-b953-bc84538eb5d5" />
      <TestMethod codeBase="C:\Users\$soderind\Desktop\ElectionMonitoring\ElectionMonitoring.Tests\bin\Debug\ElectionMonitoring.Tests.dll" adapterTypeName="Microsoft.VisualStudio.TestTools.TestTypes.Unit.UnitTestAdapter, Microsoft.VisualStudio.QualityTools.Tips.UnitTest.Adapter, Version=10.0.0.0, Culture=neutral, PublicKeyToken=b03f5f7f11d50a3a" className="ElectionMonitoring.Tests.Controllers.DonationManagementControllerTest, ElectionMonitoring.Tests" name="GetProject_Action_Returns_Valid_Project_Object" />
    </UnitTest>
    <UnitTest name="RaceResultsRouteWithRaceIDWithRegionCode" storage="c:\users\$soderind\desktop\electionmonitoring\electionmonitoring.tests\bin\debug\electionmonitoring.tests.dll" id="159b4dab-a820-ef8b-03e3-e166bb7aa697">
      <Execution id="46566239-1c84-43f9-aea7-32d608cebf6b" />
      <TestMethod codeBase="C:\Users\$soderind\Desktop\ElectionMonitoring\ElectionMonitoring.Tests\bin\Debug\ElectionMonitoring.Tests.dll" adapterTypeName="Microsoft.VisualStudio.TestTools.TestTypes.Unit.UnitTestAdapter, Microsoft.VisualStudio.QualityTools.Tips.UnitTest.Adapter, Version=10.0.0.0, Culture=neutral, PublicKeyToken=b03f5f7f11d50a3a" className="ElectionMonitoring.Tests.RoutingTableTest, ElectionMonitoring.Tests" name="RaceResultsRouteWithRaceIDWithRegionCode" />
    </UnitTest>
    <UnitTest name="GetRegions_Call_Repository" storage="c:\users\$soderind\desktop\electionmonitoring\electionmonitoring.tests\bin\debug\electionmonitoring.tests.dll" id="d5569fc8-9dc8-fb53-b363-b33a833a4ebe">
      <Execution id="7a932b99-6271-4cd8-b797-58964f095f25" />
      <TestMethod codeBase="C:\Users\$soderind\Desktop\ElectionMonitoring\ElectionMonitoring.Tests\bin\Debug\ElectionMonitoring.Tests.dll" adapterTypeName="Microsoft.VisualStudio.TestTools.TestTypes.Unit.UnitTestAdapter, Microsoft.VisualStudio.QualityTools.Tips.UnitTest.Adapter, Version=10.0.0.0, Culture=neutral, PublicKeyToken=b03f5f7f11d50a3a" className="ElectionMonitoring.Tests.Controllers.ElectionMonitoringControllerTest, ElectionMonitoring.Tests" name="GetRegions_Call_Repository" />
    </UnitTest>
    <UnitTest name="The_PutDonation_Action_returns_NotFound_statuscode_When_The_Donation_Does_NOT_Exists" storage="c:\users\$soderind\desktop\electionmonitoring\electionmonitoring.tests\bin\debug\electionmonitoring.tests.dll" id="ee0a6863-be1b-85c8-bc2f-6f867fd6b733">
      <Execution id="5c6ccc04-d84e-4138-8d13-1819330bf448" />
      <TestMethod codeBase="C:\Users\$soderind\Desktop\ElectionMonitoring\ElectionMonitoring.Tests\bin\Debug\ElectionMonitoring.Tests.dll" adapterTypeName="Microsoft.VisualStudio.TestTools.TestTypes.Unit.UnitTestAdapter, Microsoft.VisualStudio.QualityTools.Tips.UnitTest.Adapter, Version=10.0.0.0, Culture=neutral, PublicKeyToken=b03f5f7f11d50a3a" className="ElectionMonitoring.Tests.Controllers.DonationManagementControllerTest, ElectionMonitoring.Tests" name="The_PutDonation_Action_returns_NotFound_statuscode_When_The_Donation_Does_NOT_Exists" />
    </UnitTest>
    <UnitTest name="The_PutDonor_Action_returns_NotFound_statuscode_When_The_Donor_Does_NOT_Exists" storage="c:\users\$soderind\desktop\electionmonitoring\electionmonitoring.tests\bin\debug\electionmonitoring.tests.dll" id="c1675eff-1027-225e-4797-052da164c009">
      <Execution id="67d54c6c-aabb-4f58-9bb2-4c6ba7120aeb" />
      <TestMethod codeBase="C:\Users\$soderind\Desktop\ElectionMonitoring\ElectionMonitoring.Tests\bin\Debug\ElectionMonitoring.Tests.dll" adapterTypeName="Microsoft.VisualStudio.TestTools.TestTypes.Unit.UnitTestAdapter, Microsoft.VisualStudio.QualityTools.Tips.UnitTest.Adapter, Version=10.0.0.0, Culture=neutral, PublicKeyToken=b03f5f7f11d50a3a" className="ElectionMonitoring.Tests.Controllers.DonationManagementControllerTest, ElectionMonitoring.Tests" name="The_PutDonor_Action_returns_NotFound_statuscode_When_The_Donor_Does_NOT_Exists" />
    </UnitTest>
    <UnitTest name="DeleteProject_Calls_Repository_Delete" storage="c:\users\$soderind\desktop\electionmonitoring\electionmonitoring.tests\bin\debug\electionmonitoring.tests.dll" id="f3aa8643-ca1d-3a9a-dada-708561fc7822">
      <Execution id="414f5c06-3a87-4aae-90a0-79c0a82b62fd" />
      <TestMethod codeBase="C:\Users\$soderind\Desktop\ElectionMonitoring\ElectionMonitoring.Tests\bin\Debug\ElectionMonitoring.Tests.dll" adapterTypeName="Microsoft.VisualStudio.TestTools.TestTypes.Unit.UnitTestAdapter, Microsoft.VisualStudio.QualityTools.Tips.UnitTest.Adapter, Version=10.0.0.0, Culture=neutral, PublicKeyToken=b03f5f7f11d50a3a" className="ElectionMonitoring.Tests.Controllers.DonationManagementControllerTest, ElectionMonitoring.Tests" name="DeleteProject_Calls_Repository_Delete" />
    </UnitTest>
    <UnitTest name="GetRaces_Call_Repository" storage="c:\users\$soderind\desktop\electionmonitoring\electionmonitoring.tests\bin\debug\electionmonitoring.tests.dll" id="707aa8b8-620b-08fb-f2d9-b1bafaf0e5dc">
      <Execution id="c8e01273-d45f-48ec-9326-644db8ce4d84" />
      <TestMethod codeBase="C:\Users\$soderind\Desktop\ElectionMonitoring\ElectionMonitoring.Tests\bin\Debug\ElectionMonitoring.Tests.dll" adapterTypeName="Microsoft.VisualStudio.TestTools.TestTypes.Unit.UnitTestAdapter, Microsoft.VisualStudio.QualityTools.Tips.UnitTest.Adapter, Version=10.0.0.0, Culture=neutral, PublicKeyToken=b03f5f7f11d50a3a" className="ElectionMonitoring.Tests.Controllers.ElectionMonitoringControllerTest, ElectionMonitoring.Tests" name="GetRaces_Call_Repository" />
    </UnitTest>
    <UnitTest name="ApiRegionByRegionCode" storage="c:\users\$soderind\desktop\electionmonitoring\electionmonitoring.tests\bin\debug\electionmonitoring.tests.dll" id="4445be88-fb8c-c60a-2eaa-87da02bd474a">
      <Execution id="41577019-7d23-4353-b7d2-55db7370ebb6" />
      <TestMethod codeBase="C:\Users\$soderind\Desktop\ElectionMonitoring\ElectionMonitoring.Tests\bin\Debug\ElectionMonitoring.Tests.dll" adapterTypeName="Microsoft.VisualStudio.TestTools.TestTypes.Unit.UnitTestAdapter, Microsoft.VisualStudio.QualityTools.Tips.UnitTest.Adapter, Version=10.0.0.0, Culture=neutral, PublicKeyToken=b03f5f7f11d50a3a" className="ElectionMonitoring.Tests.RoutingTableTest, ElectionMonitoring.Tests" name="ApiRegionByRegionCode" />
    </UnitTest>
    <UnitTest name="The_PostDonation_Action_returns_created_statuscode" storage="c:\users\$soderind\desktop\electionmonitoring\electionmonitoring.tests\bin\debug\electionmonitoring.tests.dll" id="a22ad01c-c920-2e3c-d112-b54a814be347">
      <Execution id="cca34aa4-5121-4584-a7ab-2ec5c8ab403c" />
      <TestMethod codeBase="C:\Users\$soderind\Desktop\ElectionMonitoring\ElectionMonitoring.Tests\bin\Debug\ElectionMonitoring.Tests.dll" adapterTypeName="Microsoft.VisualStudio.TestTools.TestTypes.Unit.UnitTestAdapter, Microsoft.VisualStudio.QualityTools.Tips.UnitTest.Adapter, Version=10.0.0.0, Culture=neutral, PublicKeyToken=b03f5f7f11d50a3a" className="ElectionMonitoring.Tests.Controllers.DonationManagementControllerTest, ElectionMonitoring.Tests" name="The_PostDonation_Action_returns_created_statuscode" />
    </UnitTest>
    <UnitTest name="DefaultRouteConfigTest" storage="c:\users\$soderind\desktop\electionmonitoring\electionmonitoring.tests\bin\debug\electionmonitoring.tests.dll" id="f0bc23ef-7129-c10c-aafa-81af67c2e566">
      <Execution id="e951c69e-73bf-492e-af41-483b928294fb" />
      <TestMethod codeBase="C:\Users\$soderind\Desktop\ElectionMonitoring\ElectionMonitoring.Tests\bin\Debug\ElectionMonitoring.Tests.dll" adapterTypeName="Microsoft.VisualStudio.TestTools.TestTypes.Unit.UnitTestAdapter, Microsoft.VisualStudio.QualityTools.Tips.UnitTest.Adapter, Version=10.0.0.0, Culture=neutral, PublicKeyToken=b03f5f7f11d50a3a" className="ElectionMonitoring.Tests.RoutingTableTest, ElectionMonitoring.Tests" name="DefaultRouteConfigTest" />
    </UnitTest>
    <UnitTest name="ActionApiRouteWithControllerWithActionWithId" storage="c:\users\$soderind\desktop\electionmonitoring\electionmonitoring.tests\bin\debug\electionmonitoring.tests.dll" id="7c3783ce-a97d-490a-a12f-d8d8ce510f38">
      <Execution id="1d0e1f86-a3b9-43fb-a9bb-4dc38fdd1127" />
      <TestMethod codeBase="C:\Users\$soderind\Desktop\ElectionMonitoring\ElectionMonitoring.Tests\bin\Debug\ElectionMonitoring.Tests.dll" adapterTypeName="Microsoft.VisualStudio.TestTools.TestTypes.Unit.UnitTestAdapter, Microsoft.VisualStudio.QualityTools.Tips.UnitTest.Adapter, Version=10.0.0.0, Culture=neutral, PublicKeyToken=b03f5f7f11d50a3a" className="ElectionMonitoring.Tests.RoutingTableTest, ElectionMonitoring.Tests" name="ActionApiRouteWithControllerWithActionWithId" />
    </UnitTest>
  </TestDefinitions>
  <TestLists>
    <TestList name="Results Not in a List" id="8c84fa94-04c1-424b-9868-57a2d4851a1d" />
    <TestList name="All Loaded Results" id="19431567-8539-422a-85d7-44ee4e166bda" />
  </TestLists>
  <TestEntries>
    <TestEntry testId="159b4dab-a820-ef8b-03e3-e166bb7aa697" executionId="46566239-1c84-43f9-aea7-32d608cebf6b" testListId="8c84fa94-04c1-424b-9868-57a2d4851a1d" />
    <TestEntry testId="1c44bc22-b59f-f539-ec19-5fd2120db422" executionId="79ba2eed-56a0-4fc6-9457-1b59b2915bc5" testListId="8c84fa94-04c1-424b-9868-57a2d4851a1d" />
    <TestEntry testId="4445be88-fb8c-c60a-2eaa-87da02bd474a" executionId="41577019-7d23-4353-b7d2-55db7370ebb6" testListId="8c84fa94-04c1-424b-9868-57a2d4851a1d" />
    <TestEntry testId="48b32990-b6f6-c4e2-d159-89a1d8ae6010" executionId="5c6b1b3e-9be3-4de1-a9d1-4071225b18d2" testListId="8c84fa94-04c1-424b-9868-57a2d4851a1d" />
    <TestEntry testId="5e06bedb-74cb-cfdf-fdc3-bcf4ff14a610" executionId="155daf1c-5975-4163-8ff9-30c52604ad12" testListId="8c84fa94-04c1-424b-9868-57a2d4851a1d" />
    <TestEntry testId="64d792df-a24a-5789-132c-4457503d92af" executionId="98d3ac1b-78ab-4e09-a1b3-1020bdfd8a34" testListId="8c84fa94-04c1-424b-9868-57a2d4851a1d" />
    <TestEntry testId="65df5bb9-4dd4-1645-21c7-17ac35e234c8" executionId="9c69c198-9d47-4e11-9f62-8bc041940183" testListId="8c84fa94-04c1-424b-9868-57a2d4851a1d" />
    <TestEntry testId="68e8d230-911d-2bcc-fc59-a44ca32e2df4" executionId="f5fc3e37-0f3c-48b4-8aeb-ac10b9927823" testListId="8c84fa94-04c1-424b-9868-57a2d4851a1d" />
    <TestEntry testId="707aa8b8-620b-08fb-f2d9-b1bafaf0e5dc" executionId="c8e01273-d45f-48ec-9326-644db8ce4d84" testListId="8c84fa94-04c1-424b-9868-57a2d4851a1d" />
    <TestEntry testId="7c3783ce-a97d-490a-a12f-d8d8ce510f38" executionId="1d0e1f86-a3b9-43fb-a9bb-4dc38fdd1127" testListId="8c84fa94-04c1-424b-9868-57a2d4851a1d" />
    <TestEntry testId="7d8fc65f-f4a6-b1a3-7b47-e43f33a92562" executionId="e6604fca-9f88-4370-82ce-f09080fa5a3c" testListId="8c84fa94-04c1-424b-9868-57a2d4851a1d" />
    <TestEntry testId="7dd265f7-9d07-8ade-0348-2149d46dc9d5" executionId="44020b3f-140c-4f3e-8aff-afe02badcaf7" testListId="8c84fa94-04c1-424b-9868-57a2d4851a1d" />
    <TestEntry testId="865ac6eb-d460-2fd1-936b-453d007f3019" executionId="66f349a2-a626-4d6b-ae98-f51f08b97600" testListId="8c84fa94-04c1-424b-9868-57a2d4851a1d" />
    <TestEntry testId="8c893d5b-e235-59f6-ab6a-ee1ad82644dc" executionId="2f6990ac-fede-49d1-9f39-a4a29ebdabef" testListId="8c84fa94-04c1-424b-9868-57a2d4851a1d" />
    <TestEntry testId="9971ac9b-8af4-4322-6175-426f299a2445" executionId="a6838384-741e-4626-b675-9fab6e08a47d" testListId="8c84fa94-04c1-424b-9868-57a2d4851a1d" />
    <TestEntry testId="a22ad01c-c920-2e3c-d112-b54a814be347" executionId="cca34aa4-5121-4584-a7ab-2ec5c8ab403c" testListId="8c84fa94-04c1-424b-9868-57a2d4851a1d" />
    <TestEntry testId="b3ef6052-309d-ade2-08ad-e479135668de" executionId="1fde0314-5018-4257-93cc-32968808eaa6" testListId="8c84fa94-04c1-424b-9868-57a2d4851a1d" />
    <TestEntry testId="b8e6b3d3-519a-f501-1bfa-73a460c9d52a" executionId="7b1db11c-f09f-4207-8bcd-1923fd00e119" testListId="8c84fa94-04c1-424b-9868-57a2d4851a1d" />
    <TestEntry testId="c1675eff-1027-225e-4797-052da164c009" executionId="67d54c6c-aabb-4f58-9bb2-4c6ba7120aeb" testListId="8c84fa94-04c1-424b-9868-57a2d4851a1d" />
    <TestEntry testId="c30bd61f-af43-d801-0b27-45522346d753" executionId="36c7081a-65cd-4387-93c1-4d3625fee018" testListId="8c84fa94-04c1-424b-9868-57a2d4851a1d" />
    <TestEntry testId="c3279829-ee3c-ba3c-8526-47c144a3e824" executionId="1b14c597-33ca-49be-8b77-e4672ffcda45" testListId="8c84fa94-04c1-424b-9868-57a2d4851a1d" />
    <TestEntry testId="c56c1a40-dc8f-ca75-4fff-47c61774a542" executionId="7f962ec3-a054-4851-b953-bc84538eb5d5" testListId="8c84fa94-04c1-424b-9868-57a2d4851a1d" />
    <TestEntry testId="d5569fc8-9dc8-fb53-b363-b33a833a4ebe" executionId="7a932b99-6271-4cd8-b797-58964f095f25" testListId="8c84fa94-04c1-424b-9868-57a2d4851a1d" />
    <TestEntry testId="ee0a6863-be1b-85c8-bc2f-6f867fd6b733" executionId="5c6ccc04-d84e-4138-8d13-1819330bf448" testListId="8c84fa94-04c1-424b-9868-57a2d4851a1d" />
    <TestEntry testId="ef0d621c-d01b-c22b-9aed-7fcbcdac42a0" executionId="ed31520b-80c1-4c30-af69-9d4ae7ab1bf5" testListId="8c84fa94-04c1-424b-9868-57a2d4851a1d" />
    <TestEntry testId="f0bc23ef-7129-c10c-aafa-81af67c2e566" executionId="e951c69e-73bf-492e-af41-483b928294fb" testListId="8c84fa94-04c1-424b-9868-57a2d4851a1d" />
    <TestEntry testId="f3aa8643-ca1d-3a9a-dada-708561fc7822" executionId="414f5c06-3a87-4aae-90a0-79c0a82b62fd" testListId="8c84fa94-04c1-424b-9868-57a2d4851a1d" />
    <TestEntry testId="ff470440-325c-eac0-2dea-bc76ebb70ee8" executionId="25e474b2-f153-47bd-8d7b-287e5a522408" testListId="8c84fa94-04c1-424b-9868-57a2d4851a1d" />
  </TestEntries>
  <Results>
    <UnitTestResult executionId="46566239-1c84-43f9-aea7-32d608cebf6b" testId="159b4dab-a820-ef8b-03e3-e166bb7aa697" testName="RaceResultsRouteWithRaceIDWithRegionCode" computerName="WGC1W79KCR65J" duration="00:00:00.1570341" startTime="2013-11-26T10:16:37.9578682+00:00" endTime="2013-11-26T10:16:38.6148682+00:00" testType="13cdc9d9-ddb5-4fa4-a97d-d965ccfc6d4b" outcome="Passed" testListId="8c84fa94-04c1-424b-9868-57a2d4851a1d" relativeResultsDirectory="46566239-1c84-43f9-aea7-32d608cebf6b">
    </UnitTestResult>
    <UnitTestResult executionId="79ba2eed-56a0-4fc6-9457-1b59b2915bc5" testId="1c44bc22-b59f-f539-ec19-5fd2120db422" testName="DeleteDonation_Calls_Repository_Delete" computerName="WGC1W79KCR65J" duration="00:00:00.1906207" startTime="2013-11-26T10:16:38.6158682+00:00" endTime="2013-11-26T10:16:38.8088682+00:00" testType="13cdc9d9-ddb5-4fa4-a97d-d965ccfc6d4b" outcome="Passed" testListId="8c84fa94-04c1-424b-9868-57a2d4851a1d" relativeResultsDirectory="79ba2eed-56a0-4fc6-9457-1b59b2915bc5">
    </UnitTestResult>
    <UnitTestResult executionId="41577019-7d23-4353-b7d2-55db7370ebb6" testId="4445be88-fb8c-c60a-2eaa-87da02bd474a" testName="ApiRegionByRegionCode" computerName="WGC1W79KCR65J" duration="00:00:00.1310658" startTime="2013-11-26T10:16:38.8098682+00:00" endTime="2013-11-26T10:16:38.9428682+00:00" testType="13cdc9d9-ddb5-4fa4-a97d-d965ccfc6d4b" outcome="Passed" testListId="8c84fa94-04c1-424b-9868-57a2d4851a1d" relativeResultsDirectory="41577019-7d23-4353-b7d2-55db7370ebb6">
    </UnitTestResult>
    <UnitTestResult executionId="5c6b1b3e-9be3-4de1-a9d1-4071225b18d2" testId="48b32990-b6f6-c4e2-d159-89a1d8ae6010" testName="DeleteDonor_Calls_Repository_Delete" computerName="WGC1W79KCR65J" duration="00:00:00.0062379" startTime="2013-11-26T10:16:38.9438682+00:00" endTime="2013-11-26T10:16:38.9518682+00:00" testType="13cdc9d9-ddb5-4fa4-a97d-d965ccfc6d4b" outcome="Passed" testListId="8c84fa94-04c1-424b-9868-57a2d4851a1d" relativeResultsDirectory="5c6b1b3e-9be3-4de1-a9d1-4071225b18d2">
    </UnitTestResult>
    <UnitTestResult executionId="155daf1c-5975-4163-8ff9-30c52604ad12" testId="5e06bedb-74cb-cfdf-fdc3-bcf4ff14a610" testName="The_PutDonor_Action_returns_Ok_statuscode_When_The_Donor_Exists" computerName="WGC1W79KCR65J" duration="00:00:00.0071782" startTime="2013-11-26T10:16:38.9528682+00:00" endTime="2013-11-26T10:16:38.9618682+00:00" testType="13cdc9d9-ddb5-4fa4-a97d-d965ccfc6d4b" outcome="Passed" testListId="8c84fa94-04c1-424b-9868-57a2d4851a1d" relativeResultsDirectory="155daf1c-5975-4163-8ff9-30c52604ad12">
    </UnitTestResult>
    <UnitTestResult executionId="98d3ac1b-78ab-4e09-a1b3-1020bdfd8a34" testId="64d792df-a24a-5789-132c-4457503d92af" testName="The_PostDonor_Action_returns_created_statuscode" computerName="WGC1W79KCR65J" duration="00:00:00.0273041" startTime="2013-11-26T10:16:38.9628682+00:00" endTime="2013-11-26T10:16:38.9918682+00:00" testType="13cdc9d9-ddb5-4fa4-a97d-d965ccfc6d4b" outcome="Passed" testListId="8c84fa94-04c1-424b-9868-57a2d4851a1d" relativeResultsDirectory="98d3ac1b-78ab-4e09-a1b3-1020bdfd8a34">
    </UnitTestResult>
    <UnitTestResult executionId="9c69c198-9d47-4e11-9f62-8bc041940183" testId="65df5bb9-4dd4-1645-21c7-17ac35e234c8" testName="GetDonation_Action_Returns_Valid_Donation_Object" computerName="WGC1W79KCR65J" duration="00:00:00.0056069" startTime="2013-11-26T10:16:38.9928682+00:00" endTime="2013-11-26T10:16:38.9998682+00:00" testType="13cdc9d9-ddb5-4fa4-a97d-d965ccfc6d4b" outcome="Passed" testListId="8c84fa94-04c1-424b-9868-57a2d4851a1d" relativeResultsDirectory="9c69c198-9d47-4e11-9f62-8bc041940183">
    </UnitTestResult>
    <UnitTestResult executionId="f5fc3e37-0f3c-48b4-8aeb-ac10b9927823" testId="68e8d230-911d-2bcc-fc59-a44ca32e2df4" testName="GetDonors_Action_Returns_Valid_IEnumerable_Of_Donors" computerName="WGC1W79KCR65J" duration="00:00:00.0054262" startTime="2013-11-26T10:16:39.0008682+00:00" endTime="2013-11-26T10:16:39.0078682+00:00" testType="13cdc9d9-ddb5-4fa4-a97d-d965ccfc6d4b" outcome="Passed" testListId="8c84fa94-04c1-424b-9868-57a2d4851a1d" relativeResultsDirectory="f5fc3e37-0f3c-48b4-8aeb-ac10b9927823">
    </UnitTestResult>
    <UnitTestResult executionId="c8e01273-d45f-48ec-9326-644db8ce4d84" testId="707aa8b8-620b-08fb-f2d9-b1bafaf0e5dc" testName="GetRaces_Call_Repository" computerName="WGC1W79KCR65J" duration="00:00:00.0234674" startTime="2013-11-26T10:16:39.0088682+00:00" endTime="2013-11-26T10:16:39.0338682+00:00" testType="13cdc9d9-ddb5-4fa4-a97d-d965ccfc6d4b" outcome="Passed" testListId="8c84fa94-04c1-424b-9868-57a2d4851a1d" relativeResultsDirectory="c8e01273-d45f-48ec-9326-644db8ce4d84">
    </UnitTestResult>
    <UnitTestResult executionId="1d0e1f86-a3b9-43fb-a9bb-4dc38fdd1127" testId="7c3783ce-a97d-490a-a12f-d8d8ce510f38" testName="ActionApiRouteWithControllerWithActionWithId" computerName="WGC1W79KCR65J" duration="00:00:00.0006114" startTime="2013-11-26T10:16:39.0348682+00:00" endTime="2013-11-26T10:16:39.0378682+00:00" testType="13cdc9d9-ddb5-4fa4-a97d-d965ccfc6d4b" outcome="Passed" testListId="8c84fa94-04c1-424b-9868-57a2d4851a1d" relativeResultsDirectory="1d0e1f86-a3b9-43fb-a9bb-4dc38fdd1127">
    </UnitTestResult>
    <UnitTestResult executionId="e6604fca-9f88-4370-82ce-f09080fa5a3c" testId="7d8fc65f-f4a6-b1a3-7b47-e43f33a92562" testName="The_PutDonation_Action_returns_Ok_statuscode_When_The_Donation_Exists" computerName="WGC1W79KCR65J" duration="00:00:00.0060439" startTime="2013-11-26T10:16:39.0388682+00:00" endTime="2013-11-26T10:16:39.0468682+00:00" testType="13cdc9d9-ddb5-4fa4-a97d-d965ccfc6d4b" outcome="Passed" testListId="8c84fa94-04c1-424b-9868-57a2d4851a1d" relativeResultsDirectory="e6604fca-9f88-4370-82ce-f09080fa5a3c">
    </UnitTestResult>
    <UnitTestResult executionId="44020b3f-140c-4f3e-8aff-afe02badcaf7" testId="7dd265f7-9d07-8ade-0348-2149d46dc9d5" testName="GetDonor_Action_Returns_Valid_Donor_Object" computerName="WGC1W79KCR65J" duration="00:00:00.0052106" startTime="2013-11-26T10:16:39.0478682+00:00" endTime="2013-11-26T10:16:39.0548682+00:00" testType="13cdc9d9-ddb5-4fa4-a97d-d965ccfc6d4b" outcome="Passed" testListId="8c84fa94-04c1-424b-9868-57a2d4851a1d" relativeResultsDirectory="44020b3f-140c-4f3e-8aff-afe02badcaf7">
    </UnitTestResult>
    <UnitTestResult executionId="66f349a2-a626-4d6b-ae98-f51f08b97600" testId="865ac6eb-d460-2fd1-936b-453d007f3019" testName="GetProjects_Action_Returns_Valid_IEnumerable_Of_Projects" computerName="WGC1W79KCR65J" duration="00:00:00.0162574" startTime="2013-11-26T10:16:39.0558682+00:00" endTime="2013-11-26T10:16:39.0738682+00:00" testType="13cdc9d9-ddb5-4fa4-a97d-d965ccfc6d4b" outcome="Failed" testListId="8c84fa94-04c1-424b-9868-57a2d4851a1d" relativeResultsDirectory="66f349a2-a626-4d6b-ae98-f51f08b97600">
      <Output>
        <ErrorInfo>
          <Message>Assert.IsInstanceOfType failed. The Controller.GetProjects() return is not of type IEnumerable&lt;Project&gt; Expected type:&lt;System.Collections.Generic.IEnumerable`1[ElectionMonitoring.Models.Project]&gt;. Actual type:&lt;System.Collections.Generic.List`1[ElectionMonitoring.Models.Donation]&gt;.</Message>
          <StackTrace>   at ElectionMonitoring.Tests.Controllers.DonationManagementControllerTest.GetProjects_Action_Returns_Valid_IEnumerable_Of_Projects() in C:\Users\$soderind\Desktop\ElectionMonitoring\ElectionMonitoring.Tests\Controllers\DonationManagementControllerTest.cs:line 314
</StackTrace>
        </ErrorInfo>
      </Output>
    </UnitTestResult>
    <UnitTestResult executionId="2f6990ac-fede-49d1-9f39-a4a29ebdabef" testId="8c893d5b-e235-59f6-ab6a-ee1ad82644dc" testName="GetDonations_Action_Returns_Valid_IEnumerable_Of_Donations" computerName="WGC1W79KCR65J" duration="00:00:00.0049345" startTime="2013-11-26T10:16:39.0748682+00:00" endTime="2013-11-26T10:16:39.0808682+00:00" testType="13cdc9d9-ddb5-4fa4-a97d-d965ccfc6d4b" outcome="Passed" testListId="8c84fa94-04c1-424b-9868-57a2d4851a1d" relativeResultsDirectory="2f6990ac-fede-49d1-9f39-a4a29ebdabef">
    </UnitTestResult>
    <UnitTestResult executionId="a6838384-741e-4626-b675-9fab6e08a47d" testId="9971ac9b-8af4-4322-6175-426f299a2445" testName="ApiRegionByRegionID" computerName="WGC1W79KCR65J" duration="00:00:00.0057887" startTime="2013-11-26T10:16:39.0818682+00:00" endTime="2013-11-26T10:16:39.0898682+00:00" testType="13cdc9d9-ddb5-4fa4-a97d-d965ccfc6d4b" outcome="Passed" testListId="8c84fa94-04c1-424b-9868-57a2d4851a1d" relativeResultsDirectory="a6838384-741e-4626-b675-9fab6e08a47d">
    </UnitTestResult>
    <UnitTestResult executionId="cca34aa4-5121-4584-a7ab-2ec5c8ab403c" testId="a22ad01c-c920-2e3c-d112-b54a814be347" testName="The_PostDonation_Action_returns_created_statuscode" computerName="WGC1W79KCR65J" duration="00:00:00.0052692" startTime="2013-11-26T10:16:39.0908682+00:00" endTime="2013-11-26T10:16:39.0978682+00:00" testType="13cdc9d9-ddb5-4fa4-a97d-d965ccfc6d4b" outcome="Passed" testListId="8c84fa94-04c1-424b-9868-57a2d4851a1d" relativeResultsDirectory="cca34aa4-5121-4584-a7ab-2ec5c8ab403c">
    </UnitTestResult>
    <UnitTestResult executionId="1fde0314-5018-4257-93cc-32968808eaa6" testId="b3ef6052-309d-ade2-08ad-e479135668de" testName="The_PuProject_Action_returns_NotFound_statuscode_When_The_Project_Does_NOT_Exists" computerName="WGC1W79KCR65J" duration="00:00:00.0076552" startTime="2013-11-26T10:16:39.0988682+00:00" endTime="2013-11-26T10:16:39.1078682+00:00" testType="13cdc9d9-ddb5-4fa4-a97d-d965ccfc6d4b" outcome="Passed" testListId="8c84fa94-04c1-424b-9868-57a2d4851a1d" relativeResultsDirectory="1fde0314-5018-4257-93cc-32968808eaa6">
    </UnitTestResult>
    <UnitTestResult executionId="7b1db11c-f09f-4207-8bcd-1923fd00e119" testId="b8e6b3d3-519a-f501-1bfa-73a460c9d52a" testName="ActionApiRouteWithControllerWithActionNoId" computerName="WGC1W79KCR65J" duration="00:00:00.0055897" startTime="2013-11-26T10:16:39.1088682+00:00" endTime="2013-11-26T10:16:39.1158682+00:00" testType="13cdc9d9-ddb5-4fa4-a97d-d965ccfc6d4b" outcome="Passed" testListId="8c84fa94-04c1-424b-9868-57a2d4851a1d" relativeResultsDirectory="7b1db11c-f09f-4207-8bcd-1923fd00e119">
    </UnitTestResult>
    <UnitTestResult executionId="67d54c6c-aabb-4f58-9bb2-4c6ba7120aeb" testId="c1675eff-1027-225e-4797-052da164c009" testName="The_PutDonor_Action_returns_NotFound_statuscode_When_The_Donor_Does_NOT_Exists" computerName="WGC1W79KCR65J" duration="00:00:00.0048898" startTime="2013-11-26T10:16:39.1168682+00:00" endTime="2013-11-26T10:16:39.1238682+00:00" testType="13cdc9d9-ddb5-4fa4-a97d-d965ccfc6d4b" outcome="Passed" testListId="8c84fa94-04c1-424b-9868-57a2d4851a1d" relativeResultsDirectory="67d54c6c-aabb-4f58-9bb2-4c6ba7120aeb">
    </UnitTestResult>
    <UnitTestResult executionId="36c7081a-65cd-4387-93c1-4d3625fee018" testId="c30bd61f-af43-d801-0b27-45522346d753" testName="The_PostProject_Action_returns_created_statuscode" computerName="WGC1W79KCR65J" duration="00:00:00.0062412" startTime="2013-11-26T10:16:39.1248682+00:00" endTime="2013-11-26T10:16:39.1328682+00:00" testType="13cdc9d9-ddb5-4fa4-a97d-d965ccfc6d4b" outcome="Passed" testListId="8c84fa94-04c1-424b-9868-57a2d4851a1d" relativeResultsDirectory="36c7081a-65cd-4387-93c1-4d3625fee018">
    </UnitTestResult>
    <UnitTestResult executionId="1b14c597-33ca-49be-8b77-e4672ffcda45" testId="c3279829-ee3c-ba3c-8526-47c144a3e824" testName="GetSubRegions_Call_Repository" computerName="WGC1W79KCR65J" duration="00:00:00.0027601" startTime="2013-11-26T10:16:39.1338682+00:00" endTime="2013-11-26T10:16:39.1378682+00:00" testType="13cdc9d9-ddb5-4fa4-a97d-d965ccfc6d4b" outcome="Passed" testListId="8c84fa94-04c1-424b-9868-57a2d4851a1d" relativeResultsDirectory="1b14c597-33ca-49be-8b77-e4672ffcda45">
    </UnitTestResult>
    <UnitTestResult executionId="7f962ec3-a054-4851-b953-bc84538eb5d5" testId="c56c1a40-dc8f-ca75-4fff-47c61774a542" testName="GetProject_Action_Returns_Valid_Project_Object" computerName="WGC1W79KCR65J" duration="00:00:00.0051500" startTime="2013-11-26T10:16:39.1388682+00:00" endTime="2013-11-26T10:16:39.1458682+00:00" testType="13cdc9d9-ddb5-4fa4-a97d-d965ccfc6d4b" outcome="Passed" testListId="8c84fa94-04c1-424b-9868-57a2d4851a1d" relativeResultsDirectory="7f962ec3-a054-4851-b953-bc84538eb5d5">
    </UnitTestResult>
    <UnitTestResult executionId="7a932b99-6271-4cd8-b797-58964f095f25" testId="d5569fc8-9dc8-fb53-b363-b33a833a4ebe" testName="GetRegions_Call_Repository" computerName="WGC1W79KCR65J" duration="00:00:00.0021724" startTime="2013-11-26T10:16:39.1468682+00:00" endTime="2013-11-26T10:16:39.1508682+00:00" testType="13cdc9d9-ddb5-4fa4-a97d-d965ccfc6d4b" outcome="Passed" testListId="8c84fa94-04c1-424b-9868-57a2d4851a1d" relativeResultsDirectory="7a932b99-6271-4cd8-b797-58964f095f25">
    </UnitTestResult>
    <UnitTestResult executionId="5c6ccc04-d84e-4138-8d13-1819330bf448" testId="ee0a6863-be1b-85c8-bc2f-6f867fd6b733" testName="The_PutDonation_Action_returns_NotFound_statuscode_When_The_Donation_Does_NOT_Exists" computerName="WGC1W79KCR65J" duration="00:00:00.0048839" startTime="2013-11-26T10:16:39.1508682+00:00" endTime="2013-11-26T10:16:39.1578682+00:00" testType="13cdc9d9-ddb5-4fa4-a97d-d965ccfc6d4b" outcome="Passed" testListId="8c84fa94-04c1-424b-9868-57a2d4851a1d" relativeResultsDirectory="5c6ccc04-d84e-4138-8d13-1819330bf448">
    </UnitTestResult>
    <UnitTestResult executionId="ed31520b-80c1-4c30-af69-9d4ae7ab1bf5" testId="ef0d621c-d01b-c22b-9aed-7fcbcdac42a0" testName="The_PutProject_Action_returns_Ok_statuscode_When_The_Project_Exists" computerName="WGC1W79KCR65J" duration="00:00:00.0051603" startTime="2013-11-26T10:16:39.1588682+00:00" endTime="2013-11-26T10:16:39.1658682+00:00" testType="13cdc9d9-ddb5-4fa4-a97d-d965ccfc6d4b" outcome="Passed" testListId="8c84fa94-04c1-424b-9868-57a2d4851a1d" relativeResultsDirectory="ed31520b-80c1-4c30-af69-9d4ae7ab1bf5">
    </UnitTestResult>
    <UnitTestResult executionId="e951c69e-73bf-492e-af41-483b928294fb" testId="f0bc23ef-7129-c10c-aafa-81af67c2e566" testName="DefaultRouteConfigTest" computerName="WGC1W79KCR65J" duration="00:00:00.1020133" startTime="2013-11-26T10:16:39.1668682+00:00" endTime="2013-11-26T10:16:39.2698682+00:00" testType="13cdc9d9-ddb5-4fa4-a97d-d965ccfc6d4b" outcome="Passed" testListId="8c84fa94-04c1-424b-9868-57a2d4851a1d" relativeResultsDirectory="e951c69e-73bf-492e-af41-483b928294fb">
    </UnitTestResult>
    <UnitTestResult executionId="414f5c06-3a87-4aae-90a0-79c0a82b62fd" testId="f3aa8643-ca1d-3a9a-dada-708561fc7822" testName="DeleteProject_Calls_Repository_Delete" computerName="WGC1W79KCR65J" duration="00:00:00.0060267" startTime="2013-11-26T10:16:39.2708682+00:00" endTime="2013-11-26T10:16:39.2788682+00:00" testType="13cdc9d9-ddb5-4fa4-a97d-d965ccfc6d4b" outcome="Passed" testListId="8c84fa94-04c1-424b-9868-57a2d4851a1d" relativeResultsDirectory="414f5c06-3a87-4aae-90a0-79c0a82b62fd">
    </UnitTestResult>
    <UnitTestResult executionId="25e474b2-f153-47bd-8d7b-287e5a522408" testId="ff470440-325c-eac0-2dea-bc76ebb70ee8" testName="RaceResultsRouteWithRaceIDNoRegionCode" computerName="WGC1W79KCR65J" duration="00:00:00.0007038" startTime="2013-11-26T10:16:39.2798682+00:00" endTime="2013-11-26T10:16:39.2818682+00:00" testType="13cdc9d9-ddb5-4fa4-a97d-d965ccfc6d4b" outcome="Passed" testListId="8c84fa94-04c1-424b-9868-57a2d4851a1d" relativeResultsDirectory="25e474b2-f153-47bd-8d7b-287e5a522408">
    </UnitTestResult>
  </Results>
</TestRun>