<?xml version="1.0" encoding="UTF-8"?>
<TestRun id="7dd241e1-7750-4ad9-8cf4-9f82dcf3fb3a" name="$soderind@WGC1W79KCR65J 2013-11-26 10:05:18" runUser="FORDEU1\$soderind" xmlns="http://microsoft.com/schemas/VisualStudio/TeamTest/2010">
  <TestSettings name="Local" id="89ca1d8f-b6a1-478b-a970-ecbb27e75554">
    <Description>These are default test settings for a local test run.</Description>
    <Deployment enabled="false" runDeploymentRoot="$soderind_WGC1W79KCR65J 2013-11-26 10_05_18">
      <DeploymentItem filename="C:\Users\$soderind\Desktop\ElectionMonitoring\packages\AutoMapper.3.1.0\lib\net40\AutoMapper.dll" />
      <DeploymentItem filename="C:\Users\$soderind\Desktop\ElectionMonitoring\ElectionMonitoring\bin\ElectionMonitoring.dll" />
      <DeploymentItem filename="C:\Program Files (x86)\Microsoft ASP.NET\ASP.NET MVC 4\Assemblies\System.Net.Http.Formatting.dll" />
      <DeploymentItem filename="C:\Program Files (x86)\Microsoft ASP.NET\ASP.NET MVC 4\Assemblies\System.Net.Http.dll" />
      <DeploymentItem filename="C:\Program Files (x86)\Microsoft ASP.NET\ASP.NET MVC 4\Assemblies\System.Web.Http.dll" />
      <DeploymentItem filename="C:\Users\$soderind\Desktop\ElectionMonitoring\packages\Moq.4.1.1311.0615\lib\net40\Moq.dll" />
      <DeploymentItem filename="C:\Users\$soderind\Desktop\ElectionMonitoring\packages\AutoMapper.3.1.0\lib\net40\AutoMapper.Net4.dll" />
      <DeploymentItem filename="C:\Program Files (x86)\Microsoft ASP.NET\ASP.NET MVC 4\Assemblies\System.Net.Http.WebRequest.dll" />
      <DeploymentItem filename="C:\Users\$soderind\Desktop\ElectionMonitoring\ElectionMonitoring.Models\bin\Debug\ElectionMonitoring.Models.dll" />
      <DeploymentItem filename="C:\Users\$soderind\Desktop\ElectionMonitoring\ElectionMonitoring.Business\bin\Debug\ElectionMonitoring.Business.dll" />
    </Deployment>
    <Execution>
      <TestTypeSpecific />
      <AgentRule name="Execution Agents">
      </AgentRule>
    </Execution>
  </TestSettings>
  <Times creation="2013-11-26T10:05:18.9658682+00:00" queuing="2013-11-26T10:05:19.1578682+00:00" start="2013-11-26T10:05:19.1638682+00:00" finish="2013-11-26T10:05:20.3948682+00:00" />
  <ResultSummary outcome="Completed">
    <Counters total="16" executed="16" passed="16" error="0" failed="0" timeout="0" aborted="0" inconclusive="0" passedButRunAborted="0" notRunnable="0" notExecuted="0" disconnected="0" warning="0" completed="0" inProgress="0" pending="0" />
  </ResultSummary>
  <TestDefinitions>
    <UnitTest name="ActionApiRouteWithControllerWithActionWithId" storage="c:\users\$soderind\desktop\electionmonitoring\electionmonitoring.tests\bin\debug\electionmonitoring.tests.dll" id="7c3783ce-a97d-490a-a12f-d8d8ce510f38">
      <Execution id="e67df902-c28d-471a-9445-62b63550398b" />
      <TestMethod codeBase="C:\Users\$soderind\Desktop\ElectionMonitoring\ElectionMonitoring.Tests\bin\Debug\ElectionMonitoring.Tests.dll" adapterTypeName="Microsoft.VisualStudio.TestTools.TestTypes.Unit.UnitTestAdapter, Microsoft.VisualStudio.QualityTools.Tips.UnitTest.Adapter, Version=10.0.0.0, Culture=neutral, PublicKeyToken=b03f5f7f11d50a3a" className="ElectionMonitoring.Tests.RoutingTableTest, ElectionMonitoring.Tests" name="ActionApiRouteWithControllerWithActionWithId" />
    </UnitTest>
    <UnitTest name="GetDonation_Action_Returns_Valid_Donation_Object" storage="c:\users\$soderind\desktop\electionmonitoring\electionmonitoring.tests\bin\debug\electionmonitoring.tests.dll" id="65df5bb9-4dd4-1645-21c7-17ac35e234c8">
      <Execution id="c22466a6-cae3-4567-aad3-4d73b06b35c4" />
      <TestMethod codeBase="C:\Users\$soderind\Desktop\ElectionMonitoring\ElectionMonitoring.Tests\bin\Debug\ElectionMonitoring.Tests.dll" adapterTypeName="Microsoft.VisualStudio.TestTools.TestTypes.Unit.UnitTestAdapter, Microsoft.VisualStudio.QualityTools.Tips.UnitTest.Adapter, Version=10.0.0.0, Culture=neutral, PublicKeyToken=b03f5f7f11d50a3a" className="ElectionMonitoring.Tests.Controllers.DonationManagementControllerTest, ElectionMonitoring.Tests" name="GetDonation_Action_Returns_Valid_Donation_Object" />
    </UnitTest>
    <UnitTest name="GetSubRegions_Call_Repository" storage="c:\users\$soderind\desktop\electionmonitoring\electionmonitoring.tests\bin\debug\electionmonitoring.tests.dll" id="c3279829-ee3c-ba3c-8526-47c144a3e824">
      <Execution id="39fd73a9-6774-4652-82a6-51d610efb902" />
      <TestMethod codeBase="C:\Users\$soderind\Desktop\ElectionMonitoring\ElectionMonitoring.Tests\bin\Debug\ElectionMonitoring.Tests.dll" adapterTypeName="Microsoft.VisualStudio.TestTools.TestTypes.Unit.UnitTestAdapter, Microsoft.VisualStudio.QualityTools.Tips.UnitTest.Adapter, Version=10.0.0.0, Culture=neutral, PublicKeyToken=b03f5f7f11d50a3a" className="ElectionMonitoring.Tests.Controllers.ElectionMonitoringControllerTest, ElectionMonitoring.Tests" name="GetSubRegions_Call_Repository" />
    </UnitTest>
    <UnitTest name="ApiRegionByRegionCode" storage="c:\users\$soderind\desktop\electionmonitoring\electionmonitoring.tests\bin\debug\electionmonitoring.tests.dll" id="4445be88-fb8c-c60a-2eaa-87da02bd474a">
      <Execution id="5f4a1d58-858b-4232-9758-42130ee92ce6" />
      <TestMethod codeBase="C:\Users\$soderind\Desktop\ElectionMonitoring\ElectionMonitoring.Tests\bin\Debug\ElectionMonitoring.Tests.dll" adapterTypeName="Microsoft.VisualStudio.TestTools.TestTypes.Unit.UnitTestAdapter, Microsoft.VisualStudio.QualityTools.Tips.UnitTest.Adapter, Version=10.0.0.0, Culture=neutral, PublicKeyToken=b03f5f7f11d50a3a" className="ElectionMonitoring.Tests.RoutingTableTest, ElectionMonitoring.Tests" name="ApiRegionByRegionCode" />
    </UnitTest>
    <UnitTest name="ApiRegionByRegionID" storage="c:\users\$soderind\desktop\electionmonitoring\electionmonitoring.tests\bin\debug\electionmonitoring.tests.dll" id="9971ac9b-8af4-4322-6175-426f299a2445">
      <Execution id="a0e3c3d4-33a4-448e-93f7-914c0126a761" />
      <TestMethod codeBase="C:\Users\$soderind\Desktop\ElectionMonitoring\ElectionMonitoring.Tests\bin\Debug\ElectionMonitoring.Tests.dll" adapterTypeName="Microsoft.VisualStudio.TestTools.TestTypes.Unit.UnitTestAdapter, Microsoft.VisualStudio.QualityTools.Tips.UnitTest.Adapter, Version=10.0.0.0, Culture=neutral, PublicKeyToken=b03f5f7f11d50a3a" className="ElectionMonitoring.Tests.RoutingTableTest, ElectionMonitoring.Tests" name="ApiRegionByRegionID" />
    </UnitTest>
    <UnitTest name="The_PutDonation_Action_returns_NotFound_statuscode_When_The_Donation_Does_NOT_Exists" storage="c:\users\$soderind\desktop\electionmonitoring\electionmonitoring.tests\bin\debug\electionmonitoring.tests.dll" id="ee0a6863-be1b-85c8-bc2f-6f867fd6b733">
      <Execution id="48cd5185-ac6a-4b2c-a3f6-da7915135b46" />
      <TestMethod codeBase="C:\Users\$soderind\Desktop\ElectionMonitoring\ElectionMonitoring.Tests\bin\Debug\ElectionMonitoring.Tests.dll" adapterTypeName="Microsoft.VisualStudio.TestTools.TestTypes.Unit.UnitTestAdapter, Microsoft.VisualStudio.QualityTools.Tips.UnitTest.Adapter, Version=10.0.0.0, Culture=neutral, PublicKeyToken=b03f5f7f11d50a3a" className="ElectionMonitoring.Tests.Controllers.DonationManagementControllerTest, ElectionMonitoring.Tests" name="The_PutDonation_Action_returns_NotFound_statuscode_When_The_Donation_Does_NOT_Exists" />
    </UnitTest>
    <UnitTest name="GetRegions_Call_Repository" storage="c:\users\$soderind\desktop\electionmonitoring\electionmonitoring.tests\bin\debug\electionmonitoring.tests.dll" id="d5569fc8-9dc8-fb53-b363-b33a833a4ebe">
      <Execution id="2ccc820c-bed9-4c64-b005-d93ef0412d67" />
      <TestMethod codeBase="C:\Users\$soderind\Desktop\ElectionMonitoring\ElectionMonitoring.Tests\bin\Debug\ElectionMonitoring.Tests.dll" adapterTypeName="Microsoft.VisualStudio.TestTools.TestTypes.Unit.UnitTestAdapter, Microsoft.VisualStudio.QualityTools.Tips.UnitTest.Adapter, Version=10.0.0.0, Culture=neutral, PublicKeyToken=b03f5f7f11d50a3a" className="ElectionMonitoring.Tests.Controllers.ElectionMonitoringControllerTest, ElectionMonitoring.Tests" name="GetRegions_Call_Repository" />
    </UnitTest>
    <UnitTest name="DefaultRouteConfigTest" storage="c:\users\$soderind\desktop\electionmonitoring\electionmonitoring.tests\bin\debug\electionmonitoring.tests.dll" id="f0bc23ef-7129-c10c-aafa-81af67c2e566">
      <Execution id="0fb528db-a2b9-48ce-be0f-dac8082108be" />
      <TestMethod codeBase="C:\Users\$soderind\Desktop\ElectionMonitoring\ElectionMonitoring.Tests\bin\Debug\ElectionMonitoring.Tests.dll" adapterTypeName="Microsoft.VisualStudio.TestTools.TestTypes.Unit.UnitTestAdapter, Microsoft.VisualStudio.QualityTools.Tips.UnitTest.Adapter, Version=10.0.0.0, Culture=neutral, PublicKeyToken=b03f5f7f11d50a3a" className="ElectionMonitoring.Tests.RoutingTableTest, ElectionMonitoring.Tests" name="DefaultRouteConfigTest" />
    </UnitTest>
    <UnitTest name="GetDonations_Action_Returns_Valid_IEnumerable_Of_Donations" storage="c:\users\$soderind\desktop\electionmonitoring\electionmonitoring.tests\bin\debug\electionmonitoring.tests.dll" id="8c893d5b-e235-59f6-ab6a-ee1ad82644dc">
      <Execution id="bdb23571-9ea3-447d-a8ec-127dee917ddd" />
      <TestMethod codeBase="C:\Users\$soderind\Desktop\ElectionMonitoring\ElectionMonitoring.Tests\bin\Debug\ElectionMonitoring.Tests.dll" adapterTypeName="Microsoft.VisualStudio.TestTools.TestTypes.Unit.UnitTestAdapter, Microsoft.VisualStudio.QualityTools.Tips.UnitTest.Adapter, Version=10.0.0.0, Culture=neutral, PublicKeyToken=b03f5f7f11d50a3a" className="ElectionMonitoring.Tests.Controllers.DonationManagementControllerTest, ElectionMonitoring.Tests" name="GetDonations_Action_Returns_Valid_IEnumerable_Of_Donations" />
    </UnitTest>
    <UnitTest name="DeleteDonation_Calls_Repository_Delete" storage="c:\users\$soderind\desktop\electionmonitoring\electionmonitoring.tests\bin\debug\electionmonitoring.tests.dll" id="1c44bc22-b59f-f539-ec19-5fd2120db422">
      <Execution id="42dc7954-633c-485b-9141-a7216676f8ae" />
      <TestMethod codeBase="C:\Users\$soderind\Desktop\ElectionMonitoring\ElectionMonitoring.Tests\bin\Debug\ElectionMonitoring.Tests.dll" adapterTypeName="Microsoft.VisualStudio.TestTools.TestTypes.Unit.UnitTestAdapter, Microsoft.VisualStudio.QualityTools.Tips.UnitTest.Adapter, Version=10.0.0.0, Culture=neutral, PublicKeyToken=b03f5f7f11d50a3a" className="ElectionMonitoring.Tests.Controllers.DonationManagementControllerTest, ElectionMonitoring.Tests" name="DeleteDonation_Calls_Repository_Delete" />
    </UnitTest>
    <UnitTest name="GetRaces_Call_Repository" storage="c:\users\$soderind\desktop\electionmonitoring\electionmonitoring.tests\bin\debug\electionmonitoring.tests.dll" id="707aa8b8-620b-08fb-f2d9-b1bafaf0e5dc">
      <Execution id="a34bdc05-903a-4189-a031-97da7031839c" />
      <TestMethod codeBase="C:\Users\$soderind\Desktop\ElectionMonitoring\ElectionMonitoring.Tests\bin\Debug\ElectionMonitoring.Tests.dll" adapterTypeName="Microsoft.VisualStudio.TestTools.TestTypes.Unit.UnitTestAdapter, Microsoft.VisualStudio.QualityTools.Tips.UnitTest.Adapter, Version=10.0.0.0, Culture=neutral, PublicKeyToken=b03f5f7f11d50a3a" className="ElectionMonitoring.Tests.Controllers.ElectionMonitoringControllerTest, ElectionMonitoring.Tests" name="GetRaces_Call_Repository" />
    </UnitTest>
    <UnitTest name="ActionApiRouteWithControllerWithActionNoId" storage="c:\users\$soderind\desktop\electionmonitoring\electionmonitoring.tests\bin\debug\electionmonitoring.tests.dll" id="b8e6b3d3-519a-f501-1bfa-73a460c9d52a">
      <Execution id="80aed8ed-3be9-4424-899a-10c230149973" />
      <TestMethod codeBase="C:\Users\$soderind\Desktop\ElectionMonitoring\ElectionMonitoring.Tests\bin\Debug\ElectionMonitoring.Tests.dll" adapterTypeName="Microsoft.VisualStudio.TestTools.TestTypes.Unit.UnitTestAdapter, Microsoft.VisualStudio.QualityTools.Tips.UnitTest.Adapter, Version=10.0.0.0, Culture=neutral, PublicKeyToken=b03f5f7f11d50a3a" className="ElectionMonitoring.Tests.RoutingTableTest, ElectionMonitoring.Tests" name="ActionApiRouteWithControllerWithActionNoId" />
    </UnitTest>
    <UnitTest name="RaceResultsRouteWithRaceIDNoRegionCode" storage="c:\users\$soderind\desktop\electionmonitoring\electionmonitoring.tests\bin\debug\electionmonitoring.tests.dll" id="ff470440-325c-eac0-2dea-bc76ebb70ee8">
      <Execution id="ac81e4b4-76f0-4645-89cd-da5b75d20e7e" />
      <TestMethod codeBase="C:\Users\$soderind\Desktop\ElectionMonitoring\ElectionMonitoring.Tests\bin\Debug\ElectionMonitoring.Tests.dll" adapterTypeName="Microsoft.VisualStudio.TestTools.TestTypes.Unit.UnitTestAdapter, Microsoft.VisualStudio.QualityTools.Tips.UnitTest.Adapter, Version=10.0.0.0, Culture=neutral, PublicKeyToken=b03f5f7f11d50a3a" className="ElectionMonitoring.Tests.RoutingTableTest, ElectionMonitoring.Tests" name="RaceResultsRouteWithRaceIDNoRegionCode" />
    </UnitTest>
    <UnitTest name="RaceResultsRouteWithRaceIDWithRegionCode" storage="c:\users\$soderind\desktop\electionmonitoring\electionmonitoring.tests\bin\debug\electionmonitoring.tests.dll" id="159b4dab-a820-ef8b-03e3-e166bb7aa697">
      <Execution id="c96840ec-228d-4e3d-b71a-6a3b510e521c" />
      <TestMethod codeBase="C:\Users\$soderind\Desktop\ElectionMonitoring\ElectionMonitoring.Tests\bin\Debug\ElectionMonitoring.Tests.dll" adapterTypeName="Microsoft.VisualStudio.TestTools.TestTypes.Unit.UnitTestAdapter, Microsoft.VisualStudio.QualityTools.Tips.UnitTest.Adapter, Version=10.0.0.0, Culture=neutral, PublicKeyToken=b03f5f7f11d50a3a" className="ElectionMonitoring.Tests.RoutingTableTest, ElectionMonitoring.Tests" name="RaceResultsRouteWithRaceIDWithRegionCode" />
    </UnitTest>
    <UnitTest name="The_PutDonation_Action_returns_Ok_statuscode_When_The_Donation_Exists" storage="c:\users\$soderind\desktop\electionmonitoring\electionmonitoring.tests\bin\debug\electionmonitoring.tests.dll" id="7d8fc65f-f4a6-b1a3-7b47-e43f33a92562">
      <Execution id="99697881-9bd3-4693-80a0-608a9e588021" />
      <TestMethod codeBase="C:\Users\$soderind\Desktop\ElectionMonitoring\ElectionMonitoring.Tests\bin\Debug\ElectionMonitoring.Tests.dll" adapterTypeName="Microsoft.VisualStudio.TestTools.TestTypes.Unit.UnitTestAdapter, Microsoft.VisualStudio.QualityTools.Tips.UnitTest.Adapter, Version=10.0.0.0, Culture=neutral, PublicKeyToken=b03f5f7f11d50a3a" className="ElectionMonitoring.Tests.Controllers.DonationManagementControllerTest, ElectionMonitoring.Tests" name="The_PutDonation_Action_returns_Ok_statuscode_When_The_Donation_Exists" />
    </UnitTest>
    <UnitTest name="The_PostDonation_Action_returns_created_statuscode" storage="c:\users\$soderind\desktop\electionmonitoring\electionmonitoring.tests\bin\debug\electionmonitoring.tests.dll" id="a22ad01c-c920-2e3c-d112-b54a814be347">
      <Execution id="1ebe5dca-1316-4ac4-89b5-07e7b3863dae" />
      <TestMethod codeBase="C:\Users\$soderind\Desktop\ElectionMonitoring\ElectionMonitoring.Tests\bin\Debug\ElectionMonitoring.Tests.dll" adapterTypeName="Microsoft.VisualStudio.TestTools.TestTypes.Unit.UnitTestAdapter, Microsoft.VisualStudio.QualityTools.Tips.UnitTest.Adapter, Version=10.0.0.0, Culture=neutral, PublicKeyToken=b03f5f7f11d50a3a" className="ElectionMonitoring.Tests.Controllers.DonationManagementControllerTest, ElectionMonitoring.Tests" name="The_PostDonation_Action_returns_created_statuscode" />
    </UnitTest>
  </TestDefinitions>
  <TestLists>
    <TestList name="Results Not in a List" id="8c84fa94-04c1-424b-9868-57a2d4851a1d" />
    <TestList name="All Loaded Results" id="19431567-8539-422a-85d7-44ee4e166bda" />
  </TestLists>
  <TestEntries>
    <TestEntry testId="159b4dab-a820-ef8b-03e3-e166bb7aa697" executionId="c96840ec-228d-4e3d-b71a-6a3b510e521c" testListId="8c84fa94-04c1-424b-9868-57a2d4851a1d" />
    <TestEntry testId="1c44bc22-b59f-f539-ec19-5fd2120db422" executionId="42dc7954-633c-485b-9141-a7216676f8ae" testListId="8c84fa94-04c1-424b-9868-57a2d4851a1d" />
    <TestEntry testId="4445be88-fb8c-c60a-2eaa-87da02bd474a" executionId="5f4a1d58-858b-4232-9758-42130ee92ce6" testListId="8c84fa94-04c1-424b-9868-57a2d4851a1d" />
    <TestEntry testId="65df5bb9-4dd4-1645-21c7-17ac35e234c8" executionId="c22466a6-cae3-4567-aad3-4d73b06b35c4" testListId="8c84fa94-04c1-424b-9868-57a2d4851a1d" />
    <TestEntry testId="707aa8b8-620b-08fb-f2d9-b1bafaf0e5dc" executionId="a34bdc05-903a-4189-a031-97da7031839c" testListId="8c84fa94-04c1-424b-9868-57a2d4851a1d" />
    <TestEntry testId="7c3783ce-a97d-490a-a12f-d8d8ce510f38" executionId="e67df902-c28d-471a-9445-62b63550398b" testListId="8c84fa94-04c1-424b-9868-57a2d4851a1d" />
    <TestEntry testId="7d8fc65f-f4a6-b1a3-7b47-e43f33a92562" executionId="99697881-9bd3-4693-80a0-608a9e588021" testListId="8c84fa94-04c1-424b-9868-57a2d4851a1d" />
    <TestEntry testId="8c893d5b-e235-59f6-ab6a-ee1ad82644dc" executionId="bdb23571-9ea3-447d-a8ec-127dee917ddd" testListId="8c84fa94-04c1-424b-9868-57a2d4851a1d" />
    <TestEntry testId="9971ac9b-8af4-4322-6175-426f299a2445" executionId="a0e3c3d4-33a4-448e-93f7-914c0126a761" testListId="8c84fa94-04c1-424b-9868-57a2d4851a1d" />
    <TestEntry testId="a22ad01c-c920-2e3c-d112-b54a814be347" executionId="1ebe5dca-1316-4ac4-89b5-07e7b3863dae" testListId="8c84fa94-04c1-424b-9868-57a2d4851a1d" />
    <TestEntry testId="b8e6b3d3-519a-f501-1bfa-73a460c9d52a" executionId="80aed8ed-3be9-4424-899a-10c230149973" testListId="8c84fa94-04c1-424b-9868-57a2d4851a1d" />
    <TestEntry testId="c3279829-ee3c-ba3c-8526-47c144a3e824" executionId="39fd73a9-6774-4652-82a6-51d610efb902" testListId="8c84fa94-04c1-424b-9868-57a2d4851a1d" />
    <TestEntry testId="d5569fc8-9dc8-fb53-b363-b33a833a4ebe" executionId="2ccc820c-bed9-4c64-b005-d93ef0412d67" testListId="8c84fa94-04c1-424b-9868-57a2d4851a1d" />
    <TestEntry testId="ee0a6863-be1b-85c8-bc2f-6f867fd6b733" executionId="48cd5185-ac6a-4b2c-a3f6-da7915135b46" testListId="8c84fa94-04c1-424b-9868-57a2d4851a1d" />
    <TestEntry testId="f0bc23ef-7129-c10c-aafa-81af67c2e566" executionId="0fb528db-a2b9-48ce-be0f-dac8082108be" testListId="8c84fa94-04c1-424b-9868-57a2d4851a1d" />
    <TestEntry testId="ff470440-325c-eac0-2dea-bc76ebb70ee8" executionId="ac81e4b4-76f0-4645-89cd-da5b75d20e7e" testListId="8c84fa94-04c1-424b-9868-57a2d4851a1d" />
  </TestEntries>
  <Results>
    <UnitTestResult executionId="c96840ec-228d-4e3d-b71a-6a3b510e521c" testId="159b4dab-a820-ef8b-03e3-e166bb7aa697" testName="RaceResultsRouteWithRaceIDWithRegionCode" computerName="WGC1W79KCR65J" duration="00:00:00.1463867" startTime="2013-11-26T10:05:19.1658682+00:00" endTime="2013-11-26T10:05:19.7578682+00:00" testType="13cdc9d9-ddb5-4fa4-a97d-d965ccfc6d4b" outcome="Passed" testListId="8c84fa94-04c1-424b-9868-57a2d4851a1d" relativeResultsDirectory="c96840ec-228d-4e3d-b71a-6a3b510e521c">
    </UnitTestResult>
    <UnitTestResult executionId="42dc7954-633c-485b-9141-a7216676f8ae" testId="1c44bc22-b59f-f539-ec19-5fd2120db422" testName="DeleteDonation_Calls_Repository_Delete" computerName="WGC1W79KCR65J" duration="00:00:00.1840159" startTime="2013-11-26T10:05:19.7588682+00:00" endTime="2013-11-26T10:05:19.9448682+00:00" testType="13cdc9d9-ddb5-4fa4-a97d-d965ccfc6d4b" outcome="Passed" testListId="8c84fa94-04c1-424b-9868-57a2d4851a1d" relativeResultsDirectory="42dc7954-633c-485b-9141-a7216676f8ae">
    </UnitTestResult>
    <UnitTestResult executionId="5f4a1d58-858b-4232-9758-42130ee92ce6" testId="4445be88-fb8c-c60a-2eaa-87da02bd474a" testName="ApiRegionByRegionCode" computerName="WGC1W79KCR65J" duration="00:00:00.1273817" startTime="2013-11-26T10:05:19.9458682+00:00" endTime="2013-11-26T10:05:20.0748682+00:00" testType="13cdc9d9-ddb5-4fa4-a97d-d965ccfc6d4b" outcome="Passed" testListId="8c84fa94-04c1-424b-9868-57a2d4851a1d" relativeResultsDirectory="5f4a1d58-858b-4232-9758-42130ee92ce6">
    </UnitTestResult>
    <UnitTestResult executionId="c22466a6-cae3-4567-aad3-4d73b06b35c4" testId="65df5bb9-4dd4-1645-21c7-17ac35e234c8" testName="GetDonation_Action_Returns_Valid_Donation_Object" computerName="WGC1W79KCR65J" duration="00:00:00.0113172" startTime="2013-11-26T10:05:20.0758682+00:00" endTime="2013-11-26T10:05:20.0908682+00:00" testType="13cdc9d9-ddb5-4fa4-a97d-d965ccfc6d4b" outcome="Passed" testListId="8c84fa94-04c1-424b-9868-57a2d4851a1d" relativeResultsDirectory="c22466a6-cae3-4567-aad3-4d73b06b35c4">
    </UnitTestResult>
    <UnitTestResult executionId="a34bdc05-903a-4189-a031-97da7031839c" testId="707aa8b8-620b-08fb-f2d9-b1bafaf0e5dc" testName="GetRaces_Call_Repository" computerName="WGC1W79KCR65J" duration="00:00:00.0241616" startTime="2013-11-26T10:05:20.1468682+00:00" endTime="2013-11-26T10:05:20.1728682+00:00" testType="13cdc9d9-ddb5-4fa4-a97d-d965ccfc6d4b" outcome="Passed" testListId="8c84fa94-04c1-424b-9868-57a2d4851a1d" relativeResultsDirectory="a34bdc05-903a-4189-a031-97da7031839c">
    </UnitTestResult>
    <UnitTestResult executionId="e67df902-c28d-471a-9445-62b63550398b" testId="7c3783ce-a97d-490a-a12f-d8d8ce510f38" testName="ActionApiRouteWithControllerWithActionWithId" computerName="WGC1W79KCR65J" duration="00:00:00.0006399" startTime="2013-11-26T10:05:20.1738682+00:00" endTime="2013-11-26T10:05:20.1758682+00:00" testType="13cdc9d9-ddb5-4fa4-a97d-d965ccfc6d4b" outcome="Passed" testListId="8c84fa94-04c1-424b-9868-57a2d4851a1d" relativeResultsDirectory="e67df902-c28d-471a-9445-62b63550398b">
    </UnitTestResult>
    <UnitTestResult executionId="99697881-9bd3-4693-80a0-608a9e588021" testId="7d8fc65f-f4a6-b1a3-7b47-e43f33a92562" testName="The_PutDonation_Action_returns_Ok_statuscode_When_The_Donation_Exists" computerName="WGC1W79KCR65J" duration="00:00:00.0081161" startTime="2013-11-26T10:05:20.1768682+00:00" endTime="2013-11-26T10:05:20.1868682+00:00" testType="13cdc9d9-ddb5-4fa4-a97d-d965ccfc6d4b" outcome="Passed" testListId="8c84fa94-04c1-424b-9868-57a2d4851a1d" relativeResultsDirectory="99697881-9bd3-4693-80a0-608a9e588021">
    </UnitTestResult>
    <UnitTestResult executionId="bdb23571-9ea3-447d-a8ec-127dee917ddd" testId="8c893d5b-e235-59f6-ab6a-ee1ad82644dc" testName="GetDonations_Action_Returns_Valid_IEnumerable_Of_Donations" computerName="WGC1W79KCR65J" duration="00:00:00.0053315" startTime="2013-11-26T10:05:20.1878682+00:00" endTime="2013-11-26T10:05:20.1958682+00:00" testType="13cdc9d9-ddb5-4fa4-a97d-d965ccfc6d4b" outcome="Passed" testListId="8c84fa94-04c1-424b-9868-57a2d4851a1d" relativeResultsDirectory="bdb23571-9ea3-447d-a8ec-127dee917ddd">
    </UnitTestResult>
    <UnitTestResult executionId="a0e3c3d4-33a4-448e-93f7-914c0126a761" testId="9971ac9b-8af4-4322-6175-426f299a2445" testName="ApiRegionByRegionID" computerName="WGC1W79KCR65J" duration="00:00:00.0057380" startTime="2013-11-26T10:05:20.1968682+00:00" endTime="2013-11-26T10:05:20.2048682+00:00" testType="13cdc9d9-ddb5-4fa4-a97d-d965ccfc6d4b" outcome="Passed" testListId="8c84fa94-04c1-424b-9868-57a2d4851a1d" relativeResultsDirectory="a0e3c3d4-33a4-448e-93f7-914c0126a761">
    </UnitTestResult>
    <UnitTestResult executionId="1ebe5dca-1316-4ac4-89b5-07e7b3863dae" testId="a22ad01c-c920-2e3c-d112-b54a814be347" testName="The_PostDonation_Action_returns_created_statuscode" computerName="WGC1W79KCR65J" duration="00:00:00.0397175" startTime="2013-11-26T10:05:20.2058682+00:00" endTime="2013-11-26T10:05:20.2468682+00:00" testType="13cdc9d9-ddb5-4fa4-a97d-d965ccfc6d4b" outcome="Passed" testListId="8c84fa94-04c1-424b-9868-57a2d4851a1d" relativeResultsDirectory="1ebe5dca-1316-4ac4-89b5-07e7b3863dae">
    </UnitTestResult>
    <UnitTestResult executionId="80aed8ed-3be9-4424-899a-10c230149973" testId="b8e6b3d3-519a-f501-1bfa-73a460c9d52a" testName="ActionApiRouteWithControllerWithActionNoId" computerName="WGC1W79KCR65J" duration="00:00:00.0056294" startTime="2013-11-26T10:05:20.2478682+00:00" endTime="2013-11-26T10:05:20.2548682+00:00" testType="13cdc9d9-ddb5-4fa4-a97d-d965ccfc6d4b" outcome="Passed" testListId="8c84fa94-04c1-424b-9868-57a2d4851a1d" relativeResultsDirectory="80aed8ed-3be9-4424-899a-10c230149973">
    </UnitTestResult>
    <UnitTestResult executionId="39fd73a9-6774-4652-82a6-51d610efb902" testId="c3279829-ee3c-ba3c-8526-47c144a3e824" testName="GetSubRegions_Call_Repository" computerName="WGC1W79KCR65J" duration="00:00:00.0027925" startTime="2013-11-26T10:05:20.2558682+00:00" endTime="2013-11-26T10:05:20.2608682+00:00" testType="13cdc9d9-ddb5-4fa4-a97d-d965ccfc6d4b" outcome="Passed" testListId="8c84fa94-04c1-424b-9868-57a2d4851a1d" relativeResultsDirectory="39fd73a9-6774-4652-82a6-51d610efb902">
    </UnitTestResult>
    <UnitTestResult executionId="2ccc820c-bed9-4c64-b005-d93ef0412d67" testId="d5569fc8-9dc8-fb53-b363-b33a833a4ebe" testName="GetRegions_Call_Repository" computerName="WGC1W79KCR65J" duration="00:00:00.0022992" startTime="2013-11-26T10:05:20.2618682+00:00" endTime="2013-11-26T10:05:20.2658682+00:00" testType="13cdc9d9-ddb5-4fa4-a97d-d965ccfc6d4b" outcome="Passed" testListId="8c84fa94-04c1-424b-9868-57a2d4851a1d" relativeResultsDirectory="2ccc820c-bed9-4c64-b005-d93ef0412d67">
    </UnitTestResult>
    <UnitTestResult executionId="48cd5185-ac6a-4b2c-a3f6-da7915135b46" testId="ee0a6863-be1b-85c8-bc2f-6f867fd6b733" testName="The_PutDonation_Action_returns_NotFound_statuscode_When_The_Donation_Does_NOT_Exists" computerName="WGC1W79KCR65J" duration="00:00:00.0071335" startTime="2013-11-26T10:05:20.2668682+00:00" endTime="2013-11-26T10:05:20.2758682+00:00" testType="13cdc9d9-ddb5-4fa4-a97d-d965ccfc6d4b" outcome="Passed" testListId="8c84fa94-04c1-424b-9868-57a2d4851a1d" relativeResultsDirectory="48cd5185-ac6a-4b2c-a3f6-da7915135b46">
    </UnitTestResult>
    <UnitTestResult executionId="0fb528db-a2b9-48ce-be0f-dac8082108be" testId="f0bc23ef-7129-c10c-aafa-81af67c2e566" testName="DefaultRouteConfigTest" computerName="WGC1W79KCR65J" duration="00:00:00.1027343" startTime="2013-11-26T10:05:20.2758682+00:00" endTime="2013-11-26T10:05:20.3808682+00:00" testType="13cdc9d9-ddb5-4fa4-a97d-d965ccfc6d4b" outcome="Passed" testListId="8c84fa94-04c1-424b-9868-57a2d4851a1d" relativeResultsDirectory="0fb528db-a2b9-48ce-be0f-dac8082108be">
    </UnitTestResult>
    <UnitTestResult executionId="ac81e4b4-76f0-4645-89cd-da5b75d20e7e" testId="ff470440-325c-eac0-2dea-bc76ebb70ee8" testName="RaceResultsRouteWithRaceIDNoRegionCode" computerName="WGC1W79KCR65J" duration="00:00:00.0007309" startTime="2013-11-26T10:05:20.3818682+00:00" endTime="2013-11-26T10:05:20.3838682+00:00" testType="13cdc9d9-ddb5-4fa4-a97d-d965ccfc6d4b" outcome="Passed" testListId="8c84fa94-04c1-424b-9868-57a2d4851a1d" relativeResultsDirectory="ac81e4b4-76f0-4645-89cd-da5b75d20e7e">
    </UnitTestResult>
  </Results>
</TestRun>