<?xml version="1.0" encoding="UTF-8"?>
<TestRun id="f1c1f718-90d0-4d14-9d4c-d920f72a5b8c" name="Musterion@SOCX02 2014-01-10 14:35:03" runUser="Socx02\Musterion" xmlns="http://microsoft.com/schemas/VisualStudio/TeamTest/2010">
  <TestSettings name="Local" id="89ca1d8f-b6a1-478b-a970-ecbb27e75554">
    <Description>These are default test settings for a local test run.</Description>
    <Deployment enabled="false" runDeploymentRoot="Musterion_SOCX02 2014-01-10 14_35_03">
      <DeploymentItem filename="C:\Program Files\Microsoft ASP.NET\ASP.NET MVC 4\Assemblies\System.Net.Http.WebRequest.dll" />
      <DeploymentItem filename="C:\Users\Musterion\Desktop\ND\ElectionMonitoring_code\ElectionMonitoring_v5\ElectionMonitoring\bin\ElectionMonitoring.dll" />
      <DeploymentItem filename="C:\Users\Musterion\Desktop\ND\ElectionMonitoring_code\ElectionMonitoring_v5\packages\AutoMapper.3.1.0\lib\net40\AutoMapper.Net4.dll" />
      <DeploymentItem filename="C:\Users\Musterion\Desktop\ND\ElectionMonitoring_code\ElectionMonitoring_v5\packages\Moq.4.1.1311.0615\lib\net40\Moq.dll" />
      <DeploymentItem filename="C:\Users\Musterion\Desktop\ND\ElectionMonitoring_code\ElectionMonitoring_v5\ElectionMonitoring.Business\bin\Debug\ElectionMonitoring.Business.dll" />
      <DeploymentItem filename="C:\Program Files\Microsoft ASP.NET\ASP.NET MVC 4\Assemblies\System.Net.Http.Formatting.dll" />
      <DeploymentItem filename="C:\Users\Musterion\Desktop\ND\ElectionMonitoring_code\ElectionMonitoring_v5\ElectionMonitoring.Models\bin\Debug\ElectionMonitoring.Models.dll" />
      <DeploymentItem filename="C:\Program Files\Microsoft ASP.NET\ASP.NET MVC 4\Assemblies\System.Net.Http.dll" />
      <DeploymentItem filename="C:\Program Files\Microsoft ASP.NET\ASP.NET MVC 4\Assemblies\System.Web.Http.dll" />
      <DeploymentItem filename="C:\Users\Musterion\Desktop\ND\ElectionMonitoring_code\ElectionMonitoring_v5\packages\AutoMapper.3.1.0\lib\net40\AutoMapper.dll" />
    </Deployment>
    <Execution>
      <TestTypeSpecific />
      <AgentRule name="Execution Agents">
      </AgentRule>
    </Execution>
  </TestSettings>
  <Times creation="2014-01-10T14:35:03.7811656+00:00" queuing="2014-01-10T14:35:07.5733825+00:00" start="2014-01-10T14:35:07.6713882+00:00" finish="2014-01-10T14:35:10.1875321+00:00" />
  <ResultSummary outcome="Completed">
    <Counters total="29" executed="29" passed="29" error="0" failed="0" timeout="0" aborted="0" inconclusive="0" passedButRunAborted="0" notRunnable="0" notExecuted="0" disconnected="0" warning="0" completed="0" inProgress="0" pending="0" />
  </ResultSummary>
  <TestDefinitions>
    <UnitTest name="The_PostDonor_Action_returns_created_statuscode" storage="c:\users\musterion\desktop\nd\electionmonitoring_code\electionmonitoring_v5\electionmonitoring.tests\bin\debug\electionmonitoring.tests.dll" id="64d792df-a24a-5789-132c-4457503d92af">
      <Execution id="7212a4b1-bbdd-4c8e-a742-402a2493cc2b" />
      <TestMethod codeBase="C:/Users/Musterion/Desktop/ND/ElectionMonitoring_code/ElectionMonitoring_v5/ElectionMonitoring.Tests/bin/Debug/ElectionMonitoring.Tests.DLL" adapterTypeName="Microsoft.VisualStudio.TestTools.TestTypes.Unit.UnitTestAdapter, Microsoft.VisualStudio.QualityTools.Tips.UnitTest.Adapter, Version=10.0.0.0, Culture=neutral, PublicKeyToken=b03f5f7f11d50a3a" className="ElectionMonitoring.Tests.Controllers.DonationManagementControllerTest, ElectionMonitoring.Tests, Version=1.0.0.0, Culture=neutral, PublicKeyToken=null" name="The_PostDonor_Action_returns_created_statuscode" />
    </UnitTest>
    <UnitTest name="DeleteDonor_Calls_Repository_Delete" storage="c:\users\musterion\desktop\nd\electionmonitoring_code\electionmonitoring_v5\electionmonitoring.tests\bin\debug\electionmonitoring.tests.dll" id="48b32990-b6f6-c4e2-d159-89a1d8ae6010">
      <Execution id="9d7965b3-0be9-459b-b859-a107f86db4fd" />
      <TestMethod codeBase="C:/Users/Musterion/Desktop/ND/ElectionMonitoring_code/ElectionMonitoring_v5/ElectionMonitoring.Tests/bin/Debug/ElectionMonitoring.Tests.DLL" adapterTypeName="Microsoft.VisualStudio.TestTools.TestTypes.Unit.UnitTestAdapter, Microsoft.VisualStudio.QualityTools.Tips.UnitTest.Adapter, Version=10.0.0.0, Culture=neutral, PublicKeyToken=b03f5f7f11d50a3a" className="ElectionMonitoring.Tests.Controllers.DonationManagementControllerTest, ElectionMonitoring.Tests, Version=1.0.0.0, Culture=neutral, PublicKeyToken=null" name="DeleteDonor_Calls_Repository_Delete" />
    </UnitTest>
    <UnitTest name="The_PutDonor_Action_returns_Ok_statuscode_When_The_Donor_Exists" storage="c:\users\musterion\desktop\nd\electionmonitoring_code\electionmonitoring_v5\electionmonitoring.tests\bin\debug\electionmonitoring.tests.dll" id="5e06bedb-74cb-cfdf-fdc3-bcf4ff14a610">
      <Execution id="0b969a2c-3464-463c-a12b-47a658fd9c07" />
      <TestMethod codeBase="C:/Users/Musterion/Desktop/ND/ElectionMonitoring_code/ElectionMonitoring_v5/ElectionMonitoring.Tests/bin/Debug/ElectionMonitoring.Tests.DLL" adapterTypeName="Microsoft.VisualStudio.TestTools.TestTypes.Unit.UnitTestAdapter, Microsoft.VisualStudio.QualityTools.Tips.UnitTest.Adapter, Version=10.0.0.0, Culture=neutral, PublicKeyToken=b03f5f7f11d50a3a" className="ElectionMonitoring.Tests.Controllers.DonationManagementControllerTest, ElectionMonitoring.Tests, Version=1.0.0.0, Culture=neutral, PublicKeyToken=null" name="The_PutDonor_Action_returns_Ok_statuscode_When_The_Donor_Exists" />
    </UnitTest>
    <UnitTest name="ActionApiRouteWithControllerWithActionNoId" storage="c:\users\musterion\desktop\nd\electionmonitoring_code\electionmonitoring_v5\electionmonitoring.tests\bin\debug\electionmonitoring.tests.dll" id="b8e6b3d3-519a-f501-1bfa-73a460c9d52a">
      <Execution id="4d1a298f-de68-4ee2-8035-6c550a8ada26" />
      <TestMethod codeBase="C:/Users/Musterion/Desktop/ND/ElectionMonitoring_code/ElectionMonitoring_v5/ElectionMonitoring.Tests/bin/Debug/ElectionMonitoring.Tests.DLL" adapterTypeName="Microsoft.VisualStudio.TestTools.TestTypes.Unit.UnitTestAdapter, Microsoft.VisualStudio.QualityTools.Tips.UnitTest.Adapter, Version=10.0.0.0, Culture=neutral, PublicKeyToken=b03f5f7f11d50a3a" className="ElectionMonitoring.Tests.RoutingTableTest, ElectionMonitoring.Tests, Version=1.0.0.0, Culture=neutral, PublicKeyToken=null" name="ActionApiRouteWithControllerWithActionNoId" />
    </UnitTest>
    <UnitTest name="The_PostProject_Action_returns_created_statuscode" storage="c:\users\musterion\desktop\nd\electionmonitoring_code\electionmonitoring_v5\electionmonitoring.tests\bin\debug\electionmonitoring.tests.dll" id="c30bd61f-af43-d801-0b27-45522346d753">
      <Execution id="a815801f-db58-4486-a262-083c9f681de3" />
      <TestMethod codeBase="C:/Users/Musterion/Desktop/ND/ElectionMonitoring_code/ElectionMonitoring_v5/ElectionMonitoring.Tests/bin/Debug/ElectionMonitoring.Tests.DLL" adapterTypeName="Microsoft.VisualStudio.TestTools.TestTypes.Unit.UnitTestAdapter, Microsoft.VisualStudio.QualityTools.Tips.UnitTest.Adapter, Version=10.0.0.0, Culture=neutral, PublicKeyToken=b03f5f7f11d50a3a" className="ElectionMonitoring.Tests.Controllers.DonationManagementControllerTest, ElectionMonitoring.Tests, Version=1.0.0.0, Culture=neutral, PublicKeyToken=null" name="The_PostProject_Action_returns_created_statuscode" />
    </UnitTest>
    <UnitTest name="GetDonation_Action_Returns_Valid_Donation_Object" storage="c:\users\musterion\desktop\nd\electionmonitoring_code\electionmonitoring_v5\electionmonitoring.tests\bin\debug\electionmonitoring.tests.dll" id="65df5bb9-4dd4-1645-21c7-17ac35e234c8">
      <Execution id="510c3eff-616d-4325-915a-5cf3a6e3b4c8" />
      <TestMethod codeBase="C:/Users/Musterion/Desktop/ND/ElectionMonitoring_code/ElectionMonitoring_v5/ElectionMonitoring.Tests/bin/Debug/ElectionMonitoring.Tests.DLL" adapterTypeName="Microsoft.VisualStudio.TestTools.TestTypes.Unit.UnitTestAdapter, Microsoft.VisualStudio.QualityTools.Tips.UnitTest.Adapter, Version=10.0.0.0, Culture=neutral, PublicKeyToken=b03f5f7f11d50a3a" className="ElectionMonitoring.Tests.Controllers.DonationManagementControllerTest, ElectionMonitoring.Tests, Version=1.0.0.0, Culture=neutral, PublicKeyToken=null" name="GetDonation_Action_Returns_Valid_Donation_Object" />
    </UnitTest>
    <UnitTest name="GetSubRegions_Call_Repository" storage="c:\users\musterion\desktop\nd\electionmonitoring_code\electionmonitoring_v5\electionmonitoring.tests\bin\debug\electionmonitoring.tests.dll" id="c3279829-ee3c-ba3c-8526-47c144a3e824">
      <Execution id="919427f6-2dba-4822-a830-e8ece8e9cc42" />
      <TestMethod codeBase="C:/Users/Musterion/Desktop/ND/ElectionMonitoring_code/ElectionMonitoring_v5/ElectionMonitoring.Tests/bin/Debug/ElectionMonitoring.Tests.DLL" adapterTypeName="Microsoft.VisualStudio.TestTools.TestTypes.Unit.UnitTestAdapter, Microsoft.VisualStudio.QualityTools.Tips.UnitTest.Adapter, Version=10.0.0.0, Culture=neutral, PublicKeyToken=b03f5f7f11d50a3a" className="ElectionMonitoring.Tests.Controllers.ElectionMonitoringControllerTest, ElectionMonitoring.Tests, Version=1.0.0.0, Culture=neutral, PublicKeyToken=null" name="GetSubRegions_Call_Repository" />
    </UnitTest>
    <UnitTest name="GetDonor_Action_Returns_Valid_Donor_Object" storage="c:\users\musterion\desktop\nd\electionmonitoring_code\electionmonitoring_v5\electionmonitoring.tests\bin\debug\electionmonitoring.tests.dll" id="7dd265f7-9d07-8ade-0348-2149d46dc9d5">
      <Execution id="ea1db2a0-bdce-4e5c-aec8-1f76da28c4bf" />
      <TestMethod codeBase="C:/Users/Musterion/Desktop/ND/ElectionMonitoring_code/ElectionMonitoring_v5/ElectionMonitoring.Tests/bin/Debug/ElectionMonitoring.Tests.DLL" adapterTypeName="Microsoft.VisualStudio.TestTools.TestTypes.Unit.UnitTestAdapter, Microsoft.VisualStudio.QualityTools.Tips.UnitTest.Adapter, Version=10.0.0.0, Culture=neutral, PublicKeyToken=b03f5f7f11d50a3a" className="ElectionMonitoring.Tests.Controllers.DonationManagementControllerTest, ElectionMonitoring.Tests, Version=1.0.0.0, Culture=neutral, PublicKeyToken=null" name="GetDonor_Action_Returns_Valid_Donor_Object" />
    </UnitTest>
    <UnitTest name="ApiRegionByRegionID" storage="c:\users\musterion\desktop\nd\electionmonitoring_code\electionmonitoring_v5\electionmonitoring.tests\bin\debug\electionmonitoring.tests.dll" id="9971ac9b-8af4-4322-6175-426f299a2445">
      <Execution id="9c0e0201-12c9-451c-8d66-0e9adfa85600" />
      <TestMethod codeBase="C:/Users/Musterion/Desktop/ND/ElectionMonitoring_code/ElectionMonitoring_v5/ElectionMonitoring.Tests/bin/Debug/ElectionMonitoring.Tests.DLL" adapterTypeName="Microsoft.VisualStudio.TestTools.TestTypes.Unit.UnitTestAdapter, Microsoft.VisualStudio.QualityTools.Tips.UnitTest.Adapter, Version=10.0.0.0, Culture=neutral, PublicKeyToken=b03f5f7f11d50a3a" className="ElectionMonitoring.Tests.RoutingTableTest, ElectionMonitoring.Tests, Version=1.0.0.0, Culture=neutral, PublicKeyToken=null" name="ApiRegionByRegionID" />
    </UnitTest>
    <UnitTest name="The_PutDonation_Action_returns_Ok_statuscode_When_The_Donation_Exists" storage="c:\users\musterion\desktop\nd\electionmonitoring_code\electionmonitoring_v5\electionmonitoring.tests\bin\debug\electionmonitoring.tests.dll" id="7d8fc65f-f4a6-b1a3-7b47-e43f33a92562">
      <Execution id="4a1848e2-1e6c-4919-b8bd-9db14bd016e4" />
      <TestMethod codeBase="C:/Users/Musterion/Desktop/ND/ElectionMonitoring_code/ElectionMonitoring_v5/ElectionMonitoring.Tests/bin/Debug/ElectionMonitoring.Tests.DLL" adapterTypeName="Microsoft.VisualStudio.TestTools.TestTypes.Unit.UnitTestAdapter, Microsoft.VisualStudio.QualityTools.Tips.UnitTest.Adapter, Version=10.0.0.0, Culture=neutral, PublicKeyToken=b03f5f7f11d50a3a" className="ElectionMonitoring.Tests.Controllers.DonationManagementControllerTest, ElectionMonitoring.Tests, Version=1.0.0.0, Culture=neutral, PublicKeyToken=null" name="The_PutDonation_Action_returns_Ok_statuscode_When_The_Donation_Exists" />
    </UnitTest>
    <UnitTest name="DeleteDonation_Calls_Repository_Delete" storage="c:\users\musterion\desktop\nd\electionmonitoring_code\electionmonitoring_v5\electionmonitoring.tests\bin\debug\electionmonitoring.tests.dll" id="1c44bc22-b59f-f539-ec19-5fd2120db422">
      <Execution id="9f7df90e-11d3-435f-8a54-268f7e338080" />
      <TestMethod codeBase="C:/Users/Musterion/Desktop/ND/ElectionMonitoring_code/ElectionMonitoring_v5/ElectionMonitoring.Tests/bin/Debug/ElectionMonitoring.Tests.DLL" adapterTypeName="Microsoft.VisualStudio.TestTools.TestTypes.Unit.UnitTestAdapter, Microsoft.VisualStudio.QualityTools.Tips.UnitTest.Adapter, Version=10.0.0.0, Culture=neutral, PublicKeyToken=b03f5f7f11d50a3a" className="ElectionMonitoring.Tests.Controllers.DonationManagementControllerTest, ElectionMonitoring.Tests, Version=1.0.0.0, Culture=neutral, PublicKeyToken=null" name="DeleteDonation_Calls_Repository_Delete" />
    </UnitTest>
    <UnitTest name="GetDonors_Action_Returns_Valid_IEnumerable_Of_Donors" storage="c:\users\musterion\desktop\nd\electionmonitoring_code\electionmonitoring_v5\electionmonitoring.tests\bin\debug\electionmonitoring.tests.dll" id="68e8d230-911d-2bcc-fc59-a44ca32e2df4">
      <Execution id="bc587f29-b1fe-4122-b9d9-1421f889fb2e" />
      <TestMethod codeBase="C:/Users/Musterion/Desktop/ND/ElectionMonitoring_code/ElectionMonitoring_v5/ElectionMonitoring.Tests/bin/Debug/ElectionMonitoring.Tests.DLL" adapterTypeName="Microsoft.VisualStudio.TestTools.TestTypes.Unit.UnitTestAdapter, Microsoft.VisualStudio.QualityTools.Tips.UnitTest.Adapter, Version=10.0.0.0, Culture=neutral, PublicKeyToken=b03f5f7f11d50a3a" className="ElectionMonitoring.Tests.Controllers.DonationManagementControllerTest, ElectionMonitoring.Tests, Version=1.0.0.0, Culture=neutral, PublicKeyToken=null" name="GetDonors_Action_Returns_Valid_IEnumerable_Of_Donors" />
    </UnitTest>
    <UnitTest name="The_PutProject_Action_returns_Ok_statuscode_When_The_Project_Exists" storage="c:\users\musterion\desktop\nd\electionmonitoring_code\electionmonitoring_v5\electionmonitoring.tests\bin\debug\electionmonitoring.tests.dll" id="ef0d621c-d01b-c22b-9aed-7fcbcdac42a0">
      <Execution id="17978369-d92a-473f-ae81-93c986fda8bb" />
      <TestMethod codeBase="C:/Users/Musterion/Desktop/ND/ElectionMonitoring_code/ElectionMonitoring_v5/ElectionMonitoring.Tests/bin/Debug/ElectionMonitoring.Tests.DLL" adapterTypeName="Microsoft.VisualStudio.TestTools.TestTypes.Unit.UnitTestAdapter, Microsoft.VisualStudio.QualityTools.Tips.UnitTest.Adapter, Version=10.0.0.0, Culture=neutral, PublicKeyToken=b03f5f7f11d50a3a" className="ElectionMonitoring.Tests.Controllers.DonationManagementControllerTest, ElectionMonitoring.Tests, Version=1.0.0.0, Culture=neutral, PublicKeyToken=null" name="The_PutProject_Action_returns_Ok_statuscode_When_The_Project_Exists" />
    </UnitTest>
    <UnitTest name="RaceResultsRouteWithRaceIDNoRegionCode" storage="c:\users\musterion\desktop\nd\electionmonitoring_code\electionmonitoring_v5\electionmonitoring.tests\bin\debug\electionmonitoring.tests.dll" id="ff470440-325c-eac0-2dea-bc76ebb70ee8">
      <Execution id="36b72b89-6941-48f4-847b-15bbdadd1ac7" />
      <TestMethod codeBase="C:/Users/Musterion/Desktop/ND/ElectionMonitoring_code/ElectionMonitoring_v5/ElectionMonitoring.Tests/bin/Debug/ElectionMonitoring.Tests.DLL" adapterTypeName="Microsoft.VisualStudio.TestTools.TestTypes.Unit.UnitTestAdapter, Microsoft.VisualStudio.QualityTools.Tips.UnitTest.Adapter, Version=10.0.0.0, Culture=neutral, PublicKeyToken=b03f5f7f11d50a3a" className="ElectionMonitoring.Tests.RoutingTableTest, ElectionMonitoring.Tests, Version=1.0.0.0, Culture=neutral, PublicKeyToken=null" name="RaceResultsRouteWithRaceIDNoRegionCode" />
    </UnitTest>
    <UnitTest name="The_PuProject_Action_returns_NotFound_statuscode_When_The_Project_Does_NOT_Exists" storage="c:\users\musterion\desktop\nd\electionmonitoring_code\electionmonitoring_v5\electionmonitoring.tests\bin\debug\electionmonitoring.tests.dll" id="b3ef6052-309d-ade2-08ad-e479135668de">
      <Execution id="af85401a-b111-40a7-b506-3ade67892f1b" />
      <TestMethod codeBase="C:/Users/Musterion/Desktop/ND/ElectionMonitoring_code/ElectionMonitoring_v5/ElectionMonitoring.Tests/bin/Debug/ElectionMonitoring.Tests.DLL" adapterTypeName="Microsoft.VisualStudio.TestTools.TestTypes.Unit.UnitTestAdapter, Microsoft.VisualStudio.QualityTools.Tips.UnitTest.Adapter, Version=10.0.0.0, Culture=neutral, PublicKeyToken=b03f5f7f11d50a3a" className="ElectionMonitoring.Tests.Controllers.DonationManagementControllerTest, ElectionMonitoring.Tests, Version=1.0.0.0, Culture=neutral, PublicKeyToken=null" name="The_PuProject_Action_returns_NotFound_statuscode_When_The_Project_Does_NOT_Exists" />
    </UnitTest>
    <UnitTest name="GetDonations_Action_Returns_Valid_IEnumerable_Of_Donations" storage="c:\users\musterion\desktop\nd\electionmonitoring_code\electionmonitoring_v5\electionmonitoring.tests\bin\debug\electionmonitoring.tests.dll" id="8c893d5b-e235-59f6-ab6a-ee1ad82644dc">
      <Execution id="ee4f2b20-71a2-4f2d-bc50-21d5a2200893" />
      <TestMethod codeBase="C:/Users/Musterion/Desktop/ND/ElectionMonitoring_code/ElectionMonitoring_v5/ElectionMonitoring.Tests/bin/Debug/ElectionMonitoring.Tests.DLL" adapterTypeName="Microsoft.VisualStudio.TestTools.TestTypes.Unit.UnitTestAdapter, Microsoft.VisualStudio.QualityTools.Tips.UnitTest.Adapter, Version=10.0.0.0, Culture=neutral, PublicKeyToken=b03f5f7f11d50a3a" className="ElectionMonitoring.Tests.Controllers.DonationManagementControllerTest, ElectionMonitoring.Tests, Version=1.0.0.0, Culture=neutral, PublicKeyToken=null" name="GetDonations_Action_Returns_Valid_IEnumerable_Of_Donations" />
    </UnitTest>
    <UnitTest name="GetProjects_Action_Returns_Valid_IEnumerable_Of_Projects" storage="c:\users\musterion\desktop\nd\electionmonitoring_code\electionmonitoring_v5\electionmonitoring.tests\bin\debug\electionmonitoring.tests.dll" id="865ac6eb-d460-2fd1-936b-453d007f3019">
      <Execution id="bee3c057-2839-4490-925b-545406a5b228" />
      <TestMethod codeBase="C:/Users/Musterion/Desktop/ND/ElectionMonitoring_code/ElectionMonitoring_v5/ElectionMonitoring.Tests/bin/Debug/ElectionMonitoring.Tests.DLL" adapterTypeName="Microsoft.VisualStudio.TestTools.TestTypes.Unit.UnitTestAdapter, Microsoft.VisualStudio.QualityTools.Tips.UnitTest.Adapter, Version=10.0.0.0, Culture=neutral, PublicKeyToken=b03f5f7f11d50a3a" className="ElectionMonitoring.Tests.Controllers.DonationManagementControllerTest, ElectionMonitoring.Tests, Version=1.0.0.0, Culture=neutral, PublicKeyToken=null" name="GetProjects_Action_Returns_Valid_IEnumerable_Of_Projects" />
    </UnitTest>
    <UnitTest name="GetProject_Action_Returns_Valid_Project_Object" storage="c:\users\musterion\desktop\nd\electionmonitoring_code\electionmonitoring_v5\electionmonitoring.tests\bin\debug\electionmonitoring.tests.dll" id="c56c1a40-dc8f-ca75-4fff-47c61774a542">
      <Execution id="031e8d2e-b836-4937-88d9-d185add69b11" />
      <TestMethod codeBase="C:/Users/Musterion/Desktop/ND/ElectionMonitoring_code/ElectionMonitoring_v5/ElectionMonitoring.Tests/bin/Debug/ElectionMonitoring.Tests.DLL" adapterTypeName="Microsoft.VisualStudio.TestTools.TestTypes.Unit.UnitTestAdapter, Microsoft.VisualStudio.QualityTools.Tips.UnitTest.Adapter, Version=10.0.0.0, Culture=neutral, PublicKeyToken=b03f5f7f11d50a3a" className="ElectionMonitoring.Tests.Controllers.DonationManagementControllerTest, ElectionMonitoring.Tests, Version=1.0.0.0, Culture=neutral, PublicKeyToken=null" name="GetProject_Action_Returns_Valid_Project_Object" />
    </UnitTest>
    <UnitTest name="RaceResultsRouteWithRaceIDWithRegionCode" storage="c:\users\musterion\desktop\nd\electionmonitoring_code\electionmonitoring_v5\electionmonitoring.tests\bin\debug\electionmonitoring.tests.dll" id="159b4dab-a820-ef8b-03e3-e166bb7aa697">
      <Execution id="9a6e235a-df88-4eca-947e-83dea2943fac" />
      <TestMethod codeBase="C:/Users/Musterion/Desktop/ND/ElectionMonitoring_code/ElectionMonitoring_v5/ElectionMonitoring.Tests/bin/Debug/ElectionMonitoring.Tests.DLL" adapterTypeName="Microsoft.VisualStudio.TestTools.TestTypes.Unit.UnitTestAdapter, Microsoft.VisualStudio.QualityTools.Tips.UnitTest.Adapter, Version=10.0.0.0, Culture=neutral, PublicKeyToken=b03f5f7f11d50a3a" className="ElectionMonitoring.Tests.RoutingTableTest, ElectionMonitoring.Tests, Version=1.0.0.0, Culture=neutral, PublicKeyToken=null" name="RaceResultsRouteWithRaceIDWithRegionCode" />
    </UnitTest>
    <UnitTest name="GetRegions_Call_Repository" storage="c:\users\musterion\desktop\nd\electionmonitoring_code\electionmonitoring_v5\electionmonitoring.tests\bin\debug\electionmonitoring.tests.dll" id="d5569fc8-9dc8-fb53-b363-b33a833a4ebe">
      <Execution id="0ce4fa2b-3d9b-46d4-8842-b0499f2bbc9c" />
      <TestMethod codeBase="C:/Users/Musterion/Desktop/ND/ElectionMonitoring_code/ElectionMonitoring_v5/ElectionMonitoring.Tests/bin/Debug/ElectionMonitoring.Tests.DLL" adapterTypeName="Microsoft.VisualStudio.TestTools.TestTypes.Unit.UnitTestAdapter, Microsoft.VisualStudio.QualityTools.Tips.UnitTest.Adapter, Version=10.0.0.0, Culture=neutral, PublicKeyToken=b03f5f7f11d50a3a" className="ElectionMonitoring.Tests.Controllers.ElectionMonitoringControllerTest, ElectionMonitoring.Tests, Version=1.0.0.0, Culture=neutral, PublicKeyToken=null" name="GetRegions_Call_Repository" />
    </UnitTest>
    <UnitTest name="The_PutDonation_Action_returns_NotFound_statuscode_When_The_Donation_Does_NOT_Exists" storage="c:\users\musterion\desktop\nd\electionmonitoring_code\electionmonitoring_v5\electionmonitoring.tests\bin\debug\electionmonitoring.tests.dll" id="ee0a6863-be1b-85c8-bc2f-6f867fd6b733">
      <Execution id="ae5e711f-71a9-4e45-a654-968ab213f8f6" />
      <TestMethod codeBase="C:/Users/Musterion/Desktop/ND/ElectionMonitoring_code/ElectionMonitoring_v5/ElectionMonitoring.Tests/bin/Debug/ElectionMonitoring.Tests.DLL" adapterTypeName="Microsoft.VisualStudio.TestTools.TestTypes.Unit.UnitTestAdapter, Microsoft.VisualStudio.QualityTools.Tips.UnitTest.Adapter, Version=10.0.0.0, Culture=neutral, PublicKeyToken=b03f5f7f11d50a3a" className="ElectionMonitoring.Tests.Controllers.DonationManagementControllerTest, ElectionMonitoring.Tests, Version=1.0.0.0, Culture=neutral, PublicKeyToken=null" name="The_PutDonation_Action_returns_NotFound_statuscode_When_The_Donation_Does_NOT_Exists" />
    </UnitTest>
    <UnitTest name="The_PutDonor_Action_returns_NotFound_statuscode_When_The_Donor_Does_NOT_Exists" storage="c:\users\musterion\desktop\nd\electionmonitoring_code\electionmonitoring_v5\electionmonitoring.tests\bin\debug\electionmonitoring.tests.dll" id="c1675eff-1027-225e-4797-052da164c009">
      <Execution id="cdbeb4bb-78ef-4b59-b0d2-931cbe548264" />
      <TestMethod codeBase="C:/Users/Musterion/Desktop/ND/ElectionMonitoring_code/ElectionMonitoring_v5/ElectionMonitoring.Tests/bin/Debug/ElectionMonitoring.Tests.DLL" adapterTypeName="Microsoft.VisualStudio.TestTools.TestTypes.Unit.UnitTestAdapter, Microsoft.VisualStudio.QualityTools.Tips.UnitTest.Adapter, Version=10.0.0.0, Culture=neutral, PublicKeyToken=b03f5f7f11d50a3a" className="ElectionMonitoring.Tests.Controllers.DonationManagementControllerTest, ElectionMonitoring.Tests, Version=1.0.0.0, Culture=neutral, PublicKeyToken=null" name="The_PutDonor_Action_returns_NotFound_statuscode_When_The_Donor_Does_NOT_Exists" />
    </UnitTest>
    <UnitTest name="AboutApi" storage="c:\users\musterion\desktop\nd\electionmonitoring_code\electionmonitoring_v5\electionmonitoring.tests\bin\debug\electionmonitoring.tests.dll" id="da711f7c-1243-e35e-80c6-034a98df079e">
      <Execution id="90b9034a-e0ba-4795-b269-696b3a3b451a" />
      <TestMethod codeBase="C:/Users/Musterion/Desktop/ND/ElectionMonitoring_code/ElectionMonitoring_v5/ElectionMonitoring.Tests/bin/Debug/ElectionMonitoring.Tests.DLL" adapterTypeName="Microsoft.VisualStudio.TestTools.TestTypes.Unit.UnitTestAdapter, Microsoft.VisualStudio.QualityTools.Tips.UnitTest.Adapter, Version=10.0.0.0, Culture=neutral, PublicKeyToken=b03f5f7f11d50a3a" className="ElectionMonitoring.Tests.RoutingTableTest, ElectionMonitoring.Tests, Version=1.0.0.0, Culture=neutral, PublicKeyToken=null" name="AboutApi" />
    </UnitTest>
    <UnitTest name="DeleteProject_Calls_Repository_Delete" storage="c:\users\musterion\desktop\nd\electionmonitoring_code\electionmonitoring_v5\electionmonitoring.tests\bin\debug\electionmonitoring.tests.dll" id="f3aa8643-ca1d-3a9a-dada-708561fc7822">
      <Execution id="e73c946e-e3d4-4dee-af07-049183e7c58a" />
      <TestMethod codeBase="C:/Users/Musterion/Desktop/ND/ElectionMonitoring_code/ElectionMonitoring_v5/ElectionMonitoring.Tests/bin/Debug/ElectionMonitoring.Tests.DLL" adapterTypeName="Microsoft.VisualStudio.TestTools.TestTypes.Unit.UnitTestAdapter, Microsoft.VisualStudio.QualityTools.Tips.UnitTest.Adapter, Version=10.0.0.0, Culture=neutral, PublicKeyToken=b03f5f7f11d50a3a" className="ElectionMonitoring.Tests.Controllers.DonationManagementControllerTest, ElectionMonitoring.Tests, Version=1.0.0.0, Culture=neutral, PublicKeyToken=null" name="DeleteProject_Calls_Repository_Delete" />
    </UnitTest>
    <UnitTest name="GetRaces_Call_Repository" storage="c:\users\musterion\desktop\nd\electionmonitoring_code\electionmonitoring_v5\electionmonitoring.tests\bin\debug\electionmonitoring.tests.dll" id="707aa8b8-620b-08fb-f2d9-b1bafaf0e5dc">
      <Execution id="60d4a724-7de0-4062-841e-fb376827257b" />
      <TestMethod codeBase="C:/Users/Musterion/Desktop/ND/ElectionMonitoring_code/ElectionMonitoring_v5/ElectionMonitoring.Tests/bin/Debug/ElectionMonitoring.Tests.DLL" adapterTypeName="Microsoft.VisualStudio.TestTools.TestTypes.Unit.UnitTestAdapter, Microsoft.VisualStudio.QualityTools.Tips.UnitTest.Adapter, Version=10.0.0.0, Culture=neutral, PublicKeyToken=b03f5f7f11d50a3a" className="ElectionMonitoring.Tests.Controllers.ElectionMonitoringControllerTest, ElectionMonitoring.Tests, Version=1.0.0.0, Culture=neutral, PublicKeyToken=null" name="GetRaces_Call_Repository" />
    </UnitTest>
    <UnitTest name="ApiRegionByRegionCode" storage="c:\users\musterion\desktop\nd\electionmonitoring_code\electionmonitoring_v5\electionmonitoring.tests\bin\debug\electionmonitoring.tests.dll" id="4445be88-fb8c-c60a-2eaa-87da02bd474a">
      <Execution id="1ce44b61-c105-4f74-b055-79d54faf3f80" />
      <TestMethod codeBase="C:/Users/Musterion/Desktop/ND/ElectionMonitoring_code/ElectionMonitoring_v5/ElectionMonitoring.Tests/bin/Debug/ElectionMonitoring.Tests.DLL" adapterTypeName="Microsoft.VisualStudio.TestTools.TestTypes.Unit.UnitTestAdapter, Microsoft.VisualStudio.QualityTools.Tips.UnitTest.Adapter, Version=10.0.0.0, Culture=neutral, PublicKeyToken=b03f5f7f11d50a3a" className="ElectionMonitoring.Tests.RoutingTableTest, ElectionMonitoring.Tests, Version=1.0.0.0, Culture=neutral, PublicKeyToken=null" name="ApiRegionByRegionCode" />
    </UnitTest>
    <UnitTest name="The_PostDonation_Action_returns_created_statuscode" storage="c:\users\musterion\desktop\nd\electionmonitoring_code\electionmonitoring_v5\electionmonitoring.tests\bin\debug\electionmonitoring.tests.dll" id="a22ad01c-c920-2e3c-d112-b54a814be347">
      <Execution id="a46e7113-f5f8-4712-a17f-d1210631b060" />
      <TestMethod codeBase="C:/Users/Musterion/Desktop/ND/ElectionMonitoring_code/ElectionMonitoring_v5/ElectionMonitoring.Tests/bin/Debug/ElectionMonitoring.Tests.DLL" adapterTypeName="Microsoft.VisualStudio.TestTools.TestTypes.Unit.UnitTestAdapter, Microsoft.VisualStudio.QualityTools.Tips.UnitTest.Adapter, Version=10.0.0.0, Culture=neutral, PublicKeyToken=b03f5f7f11d50a3a" className="ElectionMonitoring.Tests.Controllers.DonationManagementControllerTest, ElectionMonitoring.Tests, Version=1.0.0.0, Culture=neutral, PublicKeyToken=null" name="The_PostDonation_Action_returns_created_statuscode" />
    </UnitTest>
    <UnitTest name="DefaultRouteConfigTest" storage="c:\users\musterion\desktop\nd\electionmonitoring_code\electionmonitoring_v5\electionmonitoring.tests\bin\debug\electionmonitoring.tests.dll" id="f0bc23ef-7129-c10c-aafa-81af67c2e566">
      <Execution id="cec1f349-231b-40f2-bcb3-5ab8195c81a6" />
      <TestMethod codeBase="C:/Users/Musterion/Desktop/ND/ElectionMonitoring_code/ElectionMonitoring_v5/ElectionMonitoring.Tests/bin/Debug/ElectionMonitoring.Tests.DLL" adapterTypeName="Microsoft.VisualStudio.TestTools.TestTypes.Unit.UnitTestAdapter, Microsoft.VisualStudio.QualityTools.Tips.UnitTest.Adapter, Version=10.0.0.0, Culture=neutral, PublicKeyToken=b03f5f7f11d50a3a" className="ElectionMonitoring.Tests.RoutingTableTest, ElectionMonitoring.Tests, Version=1.0.0.0, Culture=neutral, PublicKeyToken=null" name="DefaultRouteConfigTest" />
    </UnitTest>
    <UnitTest name="ActionApiRouteWithControllerWithActionWithId" storage="c:\users\musterion\desktop\nd\electionmonitoring_code\electionmonitoring_v5\electionmonitoring.tests\bin\debug\electionmonitoring.tests.dll" id="7c3783ce-a97d-490a-a12f-d8d8ce510f38">
      <Execution id="0d8d20c2-829b-4525-94a3-8107b1bf7b75" />
      <TestMethod codeBase="C:/Users/Musterion/Desktop/ND/ElectionMonitoring_code/ElectionMonitoring_v5/ElectionMonitoring.Tests/bin/Debug/ElectionMonitoring.Tests.DLL" adapterTypeName="Microsoft.VisualStudio.TestTools.TestTypes.Unit.UnitTestAdapter, Microsoft.VisualStudio.QualityTools.Tips.UnitTest.Adapter, Version=10.0.0.0, Culture=neutral, PublicKeyToken=b03f5f7f11d50a3a" className="ElectionMonitoring.Tests.RoutingTableTest, ElectionMonitoring.Tests, Version=1.0.0.0, Culture=neutral, PublicKeyToken=null" name="ActionApiRouteWithControllerWithActionWithId" />
    </UnitTest>
  </TestDefinitions>
  <TestLists>
    <TestList name="Results Not in a List" id="8c84fa94-04c1-424b-9868-57a2d4851a1d" />
    <TestList name="All Loaded Results" id="19431567-8539-422a-85d7-44ee4e166bda" />
  </TestLists>
  <TestEntries>
    <TestEntry testId="159b4dab-a820-ef8b-03e3-e166bb7aa697" executionId="9a6e235a-df88-4eca-947e-83dea2943fac" testListId="8c84fa94-04c1-424b-9868-57a2d4851a1d" />
    <TestEntry testId="1c44bc22-b59f-f539-ec19-5fd2120db422" executionId="9f7df90e-11d3-435f-8a54-268f7e338080" testListId="8c84fa94-04c1-424b-9868-57a2d4851a1d" />
    <TestEntry testId="4445be88-fb8c-c60a-2eaa-87da02bd474a" executionId="1ce44b61-c105-4f74-b055-79d54faf3f80" testListId="8c84fa94-04c1-424b-9868-57a2d4851a1d" />
    <TestEntry testId="48b32990-b6f6-c4e2-d159-89a1d8ae6010" executionId="9d7965b3-0be9-459b-b859-a107f86db4fd" testListId="8c84fa94-04c1-424b-9868-57a2d4851a1d" />
    <TestEntry testId="5e06bedb-74cb-cfdf-fdc3-bcf4ff14a610" executionId="0b969a2c-3464-463c-a12b-47a658fd9c07" testListId="8c84fa94-04c1-424b-9868-57a2d4851a1d" />
    <TestEntry testId="64d792df-a24a-5789-132c-4457503d92af" executionId="7212a4b1-bbdd-4c8e-a742-402a2493cc2b" testListId="8c84fa94-04c1-424b-9868-57a2d4851a1d" />
    <TestEntry testId="65df5bb9-4dd4-1645-21c7-17ac35e234c8" executionId="510c3eff-616d-4325-915a-5cf3a6e3b4c8" testListId="8c84fa94-04c1-424b-9868-57a2d4851a1d" />
    <TestEntry testId="68e8d230-911d-2bcc-fc59-a44ca32e2df4" executionId="bc587f29-b1fe-4122-b9d9-1421f889fb2e" testListId="8c84fa94-04c1-424b-9868-57a2d4851a1d" />
    <TestEntry testId="707aa8b8-620b-08fb-f2d9-b1bafaf0e5dc" executionId="60d4a724-7de0-4062-841e-fb376827257b" testListId="8c84fa94-04c1-424b-9868-57a2d4851a1d" />
    <TestEntry testId="7c3783ce-a97d-490a-a12f-d8d8ce510f38" executionId="0d8d20c2-829b-4525-94a3-8107b1bf7b75" testListId="8c84fa94-04c1-424b-9868-57a2d4851a1d" />
    <TestEntry testId="7d8fc65f-f4a6-b1a3-7b47-e43f33a92562" executionId="4a1848e2-1e6c-4919-b8bd-9db14bd016e4" testListId="8c84fa94-04c1-424b-9868-57a2d4851a1d" />
    <TestEntry testId="7dd265f7-9d07-8ade-0348-2149d46dc9d5" executionId="ea1db2a0-bdce-4e5c-aec8-1f76da28c4bf" testListId="8c84fa94-04c1-424b-9868-57a2d4851a1d" />
    <TestEntry testId="865ac6eb-d460-2fd1-936b-453d007f3019" executionId="bee3c057-2839-4490-925b-545406a5b228" testListId="8c84fa94-04c1-424b-9868-57a2d4851a1d" />
    <TestEntry testId="8c893d5b-e235-59f6-ab6a-ee1ad82644dc" executionId="ee4f2b20-71a2-4f2d-bc50-21d5a2200893" testListId="8c84fa94-04c1-424b-9868-57a2d4851a1d" />
    <TestEntry testId="9971ac9b-8af4-4322-6175-426f299a2445" executionId="9c0e0201-12c9-451c-8d66-0e9adfa85600" testListId="8c84fa94-04c1-424b-9868-57a2d4851a1d" />
    <TestEntry testId="a22ad01c-c920-2e3c-d112-b54a814be347" executionId="a46e7113-f5f8-4712-a17f-d1210631b060" testListId="8c84fa94-04c1-424b-9868-57a2d4851a1d" />
    <TestEntry testId="b3ef6052-309d-ade2-08ad-e479135668de" executionId="af85401a-b111-40a7-b506-3ade67892f1b" testListId="8c84fa94-04c1-424b-9868-57a2d4851a1d" />
    <TestEntry testId="b8e6b3d3-519a-f501-1bfa-73a460c9d52a" executionId="4d1a298f-de68-4ee2-8035-6c550a8ada26" testListId="8c84fa94-04c1-424b-9868-57a2d4851a1d" />
    <TestEntry testId="c1675eff-1027-225e-4797-052da164c009" executionId="cdbeb4bb-78ef-4b59-b0d2-931cbe548264" testListId="8c84fa94-04c1-424b-9868-57a2d4851a1d" />
    <TestEntry testId="c30bd61f-af43-d801-0b27-45522346d753" executionId="a815801f-db58-4486-a262-083c9f681de3" testListId="8c84fa94-04c1-424b-9868-57a2d4851a1d" />
    <TestEntry testId="c3279829-ee3c-ba3c-8526-47c144a3e824" executionId="919427f6-2dba-4822-a830-e8ece8e9cc42" testListId="8c84fa94-04c1-424b-9868-57a2d4851a1d" />
    <TestEntry testId="c56c1a40-dc8f-ca75-4fff-47c61774a542" executionId="031e8d2e-b836-4937-88d9-d185add69b11" testListId="8c84fa94-04c1-424b-9868-57a2d4851a1d" />
    <TestEntry testId="d5569fc8-9dc8-fb53-b363-b33a833a4ebe" executionId="0ce4fa2b-3d9b-46d4-8842-b0499f2bbc9c" testListId="8c84fa94-04c1-424b-9868-57a2d4851a1d" />
    <TestEntry testId="da711f7c-1243-e35e-80c6-034a98df079e" executionId="90b9034a-e0ba-4795-b269-696b3a3b451a" testListId="8c84fa94-04c1-424b-9868-57a2d4851a1d" />
    <TestEntry testId="ee0a6863-be1b-85c8-bc2f-6f867fd6b733" executionId="ae5e711f-71a9-4e45-a654-968ab213f8f6" testListId="8c84fa94-04c1-424b-9868-57a2d4851a1d" />
    <TestEntry testId="ef0d621c-d01b-c22b-9aed-7fcbcdac42a0" executionId="17978369-d92a-473f-ae81-93c986fda8bb" testListId="8c84fa94-04c1-424b-9868-57a2d4851a1d" />
    <TestEntry testId="f0bc23ef-7129-c10c-aafa-81af67c2e566" executionId="cec1f349-231b-40f2-bcb3-5ab8195c81a6" testListId="8c84fa94-04c1-424b-9868-57a2d4851a1d" />
    <TestEntry testId="f3aa8643-ca1d-3a9a-dada-708561fc7822" executionId="e73c946e-e3d4-4dee-af07-049183e7c58a" testListId="8c84fa94-04c1-424b-9868-57a2d4851a1d" />
    <TestEntry testId="ff470440-325c-eac0-2dea-bc76ebb70ee8" executionId="36b72b89-6941-48f4-847b-15bbdadd1ac7" testListId="8c84fa94-04c1-424b-9868-57a2d4851a1d" />
  </TestEntries>
  <Results>
    <UnitTestResult executionId="9a6e235a-df88-4eca-947e-83dea2943fac" testId="159b4dab-a820-ef8b-03e3-e166bb7aa697" testName="RaceResultsRouteWithRaceIDWithRegionCode" computerName="SOCX02" duration="00:00:00.1645066" startTime="2014-01-10T14:35:07.7973954+00:00" endTime="2014-01-10T14:35:08.4584332+00:00" testType="13cdc9d9-ddb5-4fa4-a97d-d965ccfc6d4b" outcome="Passed" testListId="8c84fa94-04c1-424b-9868-57a2d4851a1d" relativeResultsDirectory="9a6e235a-df88-4eca-947e-83dea2943fac">
    </UnitTestResult>
    <UnitTestResult executionId="9f7df90e-11d3-435f-8a54-268f7e338080" testId="1c44bc22-b59f-f539-ec19-5fd2120db422" testName="DeleteDonation_Calls_Repository_Delete" computerName="SOCX02" duration="00:00:00.4114494" startTime="2014-01-10T14:35:08.4724340+00:00" endTime="2014-01-10T14:35:08.8974583+00:00" testType="13cdc9d9-ddb5-4fa4-a97d-d965ccfc6d4b" outcome="Passed" testListId="8c84fa94-04c1-424b-9868-57a2d4851a1d" relativeResultsDirectory="9f7df90e-11d3-435f-8a54-268f7e338080">
    </UnitTestResult>
    <UnitTestResult executionId="1ce44b61-c105-4f74-b055-79d54faf3f80" testId="4445be88-fb8c-c60a-2eaa-87da02bd474a" testName="ApiRegionByRegionCode" computerName="SOCX02" duration="00:00:00.0977441" startTime="2014-01-10T14:35:08.9044587+00:00" endTime="2014-01-10T14:35:09.0064645+00:00" testType="13cdc9d9-ddb5-4fa4-a97d-d965ccfc6d4b" outcome="Passed" testListId="8c84fa94-04c1-424b-9868-57a2d4851a1d" relativeResultsDirectory="1ce44b61-c105-4f74-b055-79d54faf3f80">
    </UnitTestResult>
    <UnitTestResult executionId="9d7965b3-0be9-459b-b859-a107f86db4fd" testId="48b32990-b6f6-c4e2-d159-89a1d8ae6010" testName="DeleteDonor_Calls_Repository_Delete" computerName="SOCX02" duration="00:00:00.0533097" startTime="2014-01-10T14:35:09.0104647+00:00" endTime="2014-01-10T14:35:09.0894693+00:00" testType="13cdc9d9-ddb5-4fa4-a97d-d965ccfc6d4b" outcome="Passed" testListId="8c84fa94-04c1-424b-9868-57a2d4851a1d" relativeResultsDirectory="9d7965b3-0be9-459b-b859-a107f86db4fd">
    </UnitTestResult>
    <UnitTestResult executionId="0b969a2c-3464-463c-a12b-47a658fd9c07" testId="5e06bedb-74cb-cfdf-fdc3-bcf4ff14a610" testName="The_PutDonor_Action_returns_Ok_statuscode_When_The_Donor_Exists" computerName="SOCX02" duration="00:00:00.0181023" startTime="2014-01-10T14:35:09.1294716+00:00" endTime="2014-01-10T14:35:09.1554730+00:00" testType="13cdc9d9-ddb5-4fa4-a97d-d965ccfc6d4b" outcome="Passed" testListId="8c84fa94-04c1-424b-9868-57a2d4851a1d" relativeResultsDirectory="0b969a2c-3464-463c-a12b-47a658fd9c07">
    </UnitTestResult>
    <UnitTestResult executionId="7212a4b1-bbdd-4c8e-a742-402a2493cc2b" testId="64d792df-a24a-5789-132c-4457503d92af" testName="The_PostDonor_Action_returns_created_statuscode" computerName="SOCX02" duration="00:00:00.2095980" startTime="2014-01-10T14:35:09.1584732+00:00" endTime="2014-01-10T14:35:09.3864863+00:00" testType="13cdc9d9-ddb5-4fa4-a97d-d965ccfc6d4b" outcome="Passed" testListId="8c84fa94-04c1-424b-9868-57a2d4851a1d" relativeResultsDirectory="7212a4b1-bbdd-4c8e-a742-402a2493cc2b">
    </UnitTestResult>
    <UnitTestResult executionId="510c3eff-616d-4325-915a-5cf3a6e3b4c8" testId="65df5bb9-4dd4-1645-21c7-17ac35e234c8" testName="GetDonation_Action_Returns_Valid_Donation_Object" computerName="SOCX02" duration="00:00:00.0110757" startTime="2014-01-10T14:35:09.3944867+00:00" endTime="2014-01-10T14:35:09.4084875+00:00" testType="13cdc9d9-ddb5-4fa4-a97d-d965ccfc6d4b" outcome="Passed" testListId="8c84fa94-04c1-424b-9868-57a2d4851a1d" relativeResultsDirectory="510c3eff-616d-4325-915a-5cf3a6e3b4c8">
    </UnitTestResult>
    <UnitTestResult executionId="bc587f29-b1fe-4122-b9d9-1421f889fb2e" testId="68e8d230-911d-2bcc-fc59-a44ca32e2df4" testName="GetDonors_Action_Returns_Valid_IEnumerable_Of_Donors" computerName="SOCX02" duration="00:00:00.0129543" startTime="2014-01-10T14:35:09.4104876+00:00" endTime="2014-01-10T14:35:09.4374892+00:00" testType="13cdc9d9-ddb5-4fa4-a97d-d965ccfc6d4b" outcome="Passed" testListId="8c84fa94-04c1-424b-9868-57a2d4851a1d" relativeResultsDirectory="bc587f29-b1fe-4122-b9d9-1421f889fb2e">
    </UnitTestResult>
    <UnitTestResult executionId="60d4a724-7de0-4062-841e-fb376827257b" testId="707aa8b8-620b-08fb-f2d9-b1bafaf0e5dc" testName="GetRaces_Call_Repository" computerName="SOCX02" duration="00:00:00.0494741" startTime="2014-01-10T14:35:09.4424895+00:00" endTime="2014-01-10T14:35:09.4954925+00:00" testType="13cdc9d9-ddb5-4fa4-a97d-d965ccfc6d4b" outcome="Passed" testListId="8c84fa94-04c1-424b-9868-57a2d4851a1d" relativeResultsDirectory="60d4a724-7de0-4062-841e-fb376827257b">
    </UnitTestResult>
    <UnitTestResult executionId="0d8d20c2-829b-4525-94a3-8107b1bf7b75" testId="7c3783ce-a97d-490a-a12f-d8d8ce510f38" testName="ActionApiRouteWithControllerWithActionWithId" computerName="SOCX02" duration="00:00:00.0012066" startTime="2014-01-10T14:35:09.4974926+00:00" endTime="2014-01-10T14:35:09.5034929+00:00" testType="13cdc9d9-ddb5-4fa4-a97d-d965ccfc6d4b" outcome="Passed" testListId="8c84fa94-04c1-424b-9868-57a2d4851a1d" relativeResultsDirectory="0d8d20c2-829b-4525-94a3-8107b1bf7b75">
    </UnitTestResult>
    <UnitTestResult executionId="4a1848e2-1e6c-4919-b8bd-9db14bd016e4" testId="7d8fc65f-f4a6-b1a3-7b47-e43f33a92562" testName="The_PutDonation_Action_returns_Ok_statuscode_When_The_Donation_Exists" computerName="SOCX02" duration="00:00:00.0125016" startTime="2014-01-10T14:35:09.5164937+00:00" endTime="2014-01-10T14:35:09.5324946+00:00" testType="13cdc9d9-ddb5-4fa4-a97d-d965ccfc6d4b" outcome="Passed" testListId="8c84fa94-04c1-424b-9868-57a2d4851a1d" relativeResultsDirectory="4a1848e2-1e6c-4919-b8bd-9db14bd016e4">
    </UnitTestResult>
    <UnitTestResult executionId="ea1db2a0-bdce-4e5c-aec8-1f76da28c4bf" testId="7dd265f7-9d07-8ade-0348-2149d46dc9d5" testName="GetDonor_Action_Returns_Valid_Donor_Object" computerName="SOCX02" duration="00:00:00.0112281" startTime="2014-01-10T14:35:09.5344947+00:00" endTime="2014-01-10T14:35:09.5504956+00:00" testType="13cdc9d9-ddb5-4fa4-a97d-d965ccfc6d4b" outcome="Passed" testListId="8c84fa94-04c1-424b-9868-57a2d4851a1d" relativeResultsDirectory="ea1db2a0-bdce-4e5c-aec8-1f76da28c4bf">
    </UnitTestResult>
    <UnitTestResult executionId="bee3c057-2839-4490-925b-545406a5b228" testId="865ac6eb-d460-2fd1-936b-453d007f3019" testName="GetProjects_Action_Returns_Valid_IEnumerable_Of_Projects" computerName="SOCX02" duration="00:00:00.0112743" startTime="2014-01-10T14:35:09.5664965+00:00" endTime="2014-01-10T14:35:09.5804973+00:00" testType="13cdc9d9-ddb5-4fa4-a97d-d965ccfc6d4b" outcome="Passed" testListId="8c84fa94-04c1-424b-9868-57a2d4851a1d" relativeResultsDirectory="bee3c057-2839-4490-925b-545406a5b228">
    </UnitTestResult>
    <UnitTestResult executionId="ee4f2b20-71a2-4f2d-bc50-21d5a2200893" testId="8c893d5b-e235-59f6-ab6a-ee1ad82644dc" testName="GetDonations_Action_Returns_Valid_IEnumerable_Of_Donations" computerName="SOCX02" duration="00:00:00.0113980" startTime="2014-01-10T14:35:09.5824975+00:00" endTime="2014-01-10T14:35:09.5994984+00:00" testType="13cdc9d9-ddb5-4fa4-a97d-d965ccfc6d4b" outcome="Passed" testListId="8c84fa94-04c1-424b-9868-57a2d4851a1d" relativeResultsDirectory="ee4f2b20-71a2-4f2d-bc50-21d5a2200893">
    </UnitTestResult>
    <UnitTestResult executionId="9c0e0201-12c9-451c-8d66-0e9adfa85600" testId="9971ac9b-8af4-4322-6175-426f299a2445" testName="ApiRegionByRegionID" computerName="SOCX02" duration="00:00:00.0129229" startTime="2014-01-10T14:35:09.6104991+00:00" endTime="2014-01-10T14:35:09.6275000+00:00" testType="13cdc9d9-ddb5-4fa4-a97d-d965ccfc6d4b" outcome="Passed" testListId="8c84fa94-04c1-424b-9868-57a2d4851a1d" relativeResultsDirectory="9c0e0201-12c9-451c-8d66-0e9adfa85600">
    </UnitTestResult>
    <UnitTestResult executionId="a46e7113-f5f8-4712-a17f-d1210631b060" testId="a22ad01c-c920-2e3c-d112-b54a814be347" testName="The_PostDonation_Action_returns_created_statuscode" computerName="SOCX02" duration="00:00:00.0122937" startTime="2014-01-10T14:35:09.6295002+00:00" endTime="2014-01-10T14:35:09.6475012+00:00" testType="13cdc9d9-ddb5-4fa4-a97d-d965ccfc6d4b" outcome="Passed" testListId="8c84fa94-04c1-424b-9868-57a2d4851a1d" relativeResultsDirectory="a46e7113-f5f8-4712-a17f-d1210631b060">
    </UnitTestResult>
    <UnitTestResult executionId="af85401a-b111-40a7-b506-3ade67892f1b" testId="b3ef6052-309d-ade2-08ad-e479135668de" testName="The_PuProject_Action_returns_NotFound_statuscode_When_The_Project_Does_NOT_Exists" computerName="SOCX02" duration="00:00:00.0154564" startTime="2014-01-10T14:35:09.6565017+00:00" endTime="2014-01-10T14:35:09.6755028+00:00" testType="13cdc9d9-ddb5-4fa4-a97d-d965ccfc6d4b" outcome="Passed" testListId="8c84fa94-04c1-424b-9868-57a2d4851a1d" relativeResultsDirectory="af85401a-b111-40a7-b506-3ade67892f1b">
    </UnitTestResult>
    <UnitTestResult executionId="4d1a298f-de68-4ee2-8035-6c550a8ada26" testId="b8e6b3d3-519a-f501-1bfa-73a460c9d52a" testName="ActionApiRouteWithControllerWithActionNoId" computerName="SOCX02" duration="00:00:00.0112343" startTime="2014-01-10T14:35:09.6765028+00:00" endTime="2014-01-10T14:35:09.6945039+00:00" testType="13cdc9d9-ddb5-4fa4-a97d-d965ccfc6d4b" outcome="Passed" testListId="8c84fa94-04c1-424b-9868-57a2d4851a1d" relativeResultsDirectory="4d1a298f-de68-4ee2-8035-6c550a8ada26">
    </UnitTestResult>
    <UnitTestResult executionId="cdbeb4bb-78ef-4b59-b0d2-931cbe548264" testId="c1675eff-1027-225e-4797-052da164c009" testName="The_PutDonor_Action_returns_NotFound_statuscode_When_The_Donor_Does_NOT_Exists" computerName="SOCX02" duration="00:00:00.0114914" startTime="2014-01-10T14:35:09.7055045+00:00" endTime="2014-01-10T14:35:09.7205054+00:00" testType="13cdc9d9-ddb5-4fa4-a97d-d965ccfc6d4b" outcome="Passed" testListId="8c84fa94-04c1-424b-9868-57a2d4851a1d" relativeResultsDirectory="cdbeb4bb-78ef-4b59-b0d2-931cbe548264">
    </UnitTestResult>
    <UnitTestResult executionId="a815801f-db58-4486-a262-083c9f681de3" testId="c30bd61f-af43-d801-0b27-45522346d753" testName="The_PostProject_Action_returns_created_statuscode" computerName="SOCX02" duration="00:00:00.0158701" startTime="2014-01-10T14:35:09.7305059+00:00" endTime="2014-01-10T14:35:09.7505071+00:00" testType="13cdc9d9-ddb5-4fa4-a97d-d965ccfc6d4b" outcome="Passed" testListId="8c84fa94-04c1-424b-9868-57a2d4851a1d" relativeResultsDirectory="a815801f-db58-4486-a262-083c9f681de3">
    </UnitTestResult>
    <UnitTestResult executionId="919427f6-2dba-4822-a830-e8ece8e9cc42" testId="c3279829-ee3c-ba3c-8526-47c144a3e824" testName="GetSubRegions_Call_Repository" computerName="SOCX02" duration="00:00:00.0043730" startTime="2014-01-10T14:35:09.7575075+00:00" endTime="2014-01-10T14:35:09.7665080+00:00" testType="13cdc9d9-ddb5-4fa4-a97d-d965ccfc6d4b" outcome="Passed" testListId="8c84fa94-04c1-424b-9868-57a2d4851a1d" relativeResultsDirectory="919427f6-2dba-4822-a830-e8ece8e9cc42">
    </UnitTestResult>
    <UnitTestResult executionId="031e8d2e-b836-4937-88d9-d185add69b11" testId="c56c1a40-dc8f-ca75-4fff-47c61774a542" testName="GetProject_Action_Returns_Valid_Project_Object" computerName="SOCX02" duration="00:00:00.0113036" startTime="2014-01-10T14:35:09.7685081+00:00" endTime="2014-01-10T14:35:09.7835090+00:00" testType="13cdc9d9-ddb5-4fa4-a97d-d965ccfc6d4b" outcome="Passed" testListId="8c84fa94-04c1-424b-9868-57a2d4851a1d" relativeResultsDirectory="031e8d2e-b836-4937-88d9-d185add69b11">
    </UnitTestResult>
    <UnitTestResult executionId="0ce4fa2b-3d9b-46d4-8842-b0499f2bbc9c" testId="d5569fc8-9dc8-fb53-b363-b33a833a4ebe" testName="GetRegions_Call_Repository" computerName="SOCX02" duration="00:00:00.0035215" startTime="2014-01-10T14:35:09.7915094+00:00" endTime="2014-01-10T14:35:09.7985098+00:00" testType="13cdc9d9-ddb5-4fa4-a97d-d965ccfc6d4b" outcome="Passed" testListId="8c84fa94-04c1-424b-9868-57a2d4851a1d" relativeResultsDirectory="0ce4fa2b-3d9b-46d4-8842-b0499f2bbc9c">
    </UnitTestResult>
    <UnitTestResult executionId="90b9034a-e0ba-4795-b269-696b3a3b451a" testId="da711f7c-1243-e35e-80c6-034a98df079e" testName="AboutApi" computerName="SOCX02" duration="00:00:00.0010763" startTime="2014-01-10T14:35:09.8005099+00:00" endTime="2014-01-10T14:35:09.8075103+00:00" testType="13cdc9d9-ddb5-4fa4-a97d-d965ccfc6d4b" outcome="Passed" testListId="8c84fa94-04c1-424b-9868-57a2d4851a1d" relativeResultsDirectory="90b9034a-e0ba-4795-b269-696b3a3b451a">
    </UnitTestResult>
    <UnitTestResult executionId="ae5e711f-71a9-4e45-a654-968ab213f8f6" testId="ee0a6863-be1b-85c8-bc2f-6f867fd6b733" testName="The_PutDonation_Action_returns_NotFound_statuscode_When_The_Donation_Does_NOT_Exists" computerName="SOCX02" duration="00:00:00.0114591" startTime="2014-01-10T14:35:09.8155108+00:00" endTime="2014-01-10T14:35:09.8295116+00:00" testType="13cdc9d9-ddb5-4fa4-a97d-d965ccfc6d4b" outcome="Passed" testListId="8c84fa94-04c1-424b-9868-57a2d4851a1d" relativeResultsDirectory="ae5e711f-71a9-4e45-a654-968ab213f8f6">
    </UnitTestResult>
    <UnitTestResult executionId="17978369-d92a-473f-ae81-93c986fda8bb" testId="ef0d621c-d01b-c22b-9aed-7fcbcdac42a0" testName="The_PutProject_Action_returns_Ok_statuscode_When_The_Project_Exists" computerName="SOCX02" duration="00:00:00.0127300" startTime="2014-01-10T14:35:09.8315117+00:00" endTime="2014-01-10T14:35:09.8505128+00:00" testType="13cdc9d9-ddb5-4fa4-a97d-d965ccfc6d4b" outcome="Passed" testListId="8c84fa94-04c1-424b-9868-57a2d4851a1d" relativeResultsDirectory="17978369-d92a-473f-ae81-93c986fda8bb">
    </UnitTestResult>
    <UnitTestResult executionId="cec1f349-231b-40f2-bcb3-5ab8195c81a6" testId="f0bc23ef-7129-c10c-aafa-81af67c2e566" testName="DefaultRouteConfigTest" computerName="SOCX02" duration="00:00:00.2299880" startTime="2014-01-10T14:35:09.8655137+00:00" endTime="2014-01-10T14:35:10.1015271+00:00" testType="13cdc9d9-ddb5-4fa4-a97d-d965ccfc6d4b" outcome="Passed" testListId="8c84fa94-04c1-424b-9868-57a2d4851a1d" relativeResultsDirectory="cec1f349-231b-40f2-bcb3-5ab8195c81a6">
    </UnitTestResult>
    <UnitTestResult executionId="e73c946e-e3d4-4dee-af07-049183e7c58a" testId="f3aa8643-ca1d-3a9a-dada-708561fc7822" testName="DeleteProject_Calls_Repository_Delete" computerName="SOCX02" duration="00:00:00.0174089" startTime="2014-01-10T14:35:10.1065274+00:00" endTime="2014-01-10T14:35:10.1295288+00:00" testType="13cdc9d9-ddb5-4fa4-a97d-d965ccfc6d4b" outcome="Passed" testListId="8c84fa94-04c1-424b-9868-57a2d4851a1d" relativeResultsDirectory="e73c946e-e3d4-4dee-af07-049183e7c58a">
    </UnitTestResult>
    <UnitTestResult executionId="36b72b89-6941-48f4-847b-15bbdadd1ac7" testId="ff470440-325c-eac0-2dea-bc76ebb70ee8" testName="RaceResultsRouteWithRaceIDNoRegionCode" computerName="SOCX02" duration="00:00:00.0011835" startTime="2014-01-10T14:35:10.1535301+00:00" endTime="2014-01-10T14:35:10.1605305+00:00" testType="13cdc9d9-ddb5-4fa4-a97d-d965ccfc6d4b" outcome="Passed" testListId="8c84fa94-04c1-424b-9868-57a2d4851a1d" relativeResultsDirectory="36b72b89-6941-48f4-847b-15bbdadd1ac7">
    </UnitTestResult>
  </Results>
</TestRun>